[rank0]: Traceback (most recent call last):
[rank0]:   File "/home/alufr/moshi_in_place_ttt/moshi_in_place/moshi-finetune/train.py", line 514, in <module>
[rank0]:     fire.Fire(train)
[rank0]:   File "/home/alufr/.conda/envs/moshi_ttt_fixed/lib/python3.10/site-packages/fire/core.py", line 135, in Fire
[rank0]:     component_trace = _Fire(component, args, parsed_flag_args, context, name)
[rank0]:   File "/home/alufr/.conda/envs/moshi_ttt_fixed/lib/python3.10/site-packages/fire/core.py", line 468, in _Fire
[rank0]:     component, remaining_args = _CallAndUpdateTrace(
[rank0]:   File "/home/alufr/.conda/envs/moshi_ttt_fixed/lib/python3.10/site-packages/fire/core.py", line 684, in _CallAndUpdateTrace
[rank0]:     component = fn(*varargs, **kwargs)
[rank0]:   File "/home/alufr/moshi_in_place_ttt/moshi_in_place/moshi-finetune/train.py", line 117, in train
[rank0]:     _train(args, exit_stack)
[rank0]:   File "/home/alufr/moshi_in_place_ttt/moshi_in_place/moshi-finetune/train.py", line 148, in _train
[rank0]:     shutil.rmtree(run_dir)
[rank0]:   File "/home/alufr/.conda/envs/moshi_ttt_fixed/lib/python3.10/shutil.py", line 725, in rmtree
[rank0]:     _rmtree_safe_fd(fd, path, onerror)
[rank0]:   File "/home/alufr/.conda/envs/moshi_ttt_fixed/lib/python3.10/shutil.py", line 658, in _rmtree_safe_fd
[rank0]:     _rmtree_safe_fd(dirfd, fullname, onerror)
[rank0]:   File "/home/alufr/.conda/envs/moshi_ttt_fixed/lib/python3.10/shutil.py", line 658, in _rmtree_safe_fd
[rank0]:     _rmtree_safe_fd(dirfd, fullname, onerror)
[rank0]:   File "/home/alufr/.conda/envs/moshi_ttt_fixed/lib/python3.10/shutil.py", line 664, in _rmtree_safe_fd
[rank0]:     onerror(os.rmdir, fullname, sys.exc_info())
[rank0]:   File "/home/alufr/.conda/envs/moshi_ttt_fixed/lib/python3.10/shutil.py", line 662, in _rmtree_safe_fd
[rank0]:     os.rmdir(entry.name, dir_fd=topfd)
[rank0]: OSError: [Errno 39] Directory not empty: 'logs'
[rank0]:[W1114 13:24:25.263322645 ProcessGroupNCCL.cpp:1496] Warning: WARNING: destroy_process_group() was not called before program exit, which can leak resources. For more info, please see https://pytorch.org/docs/stable/distributed.html#shutdown (function operator())
E1114 13:24:26.460000 2876508 site-packages/torch/distributed/elastic/multiprocessing/api.py:869] failed (exitcode: 1) local_rank: 0 (pid: 2876520) of binary: /home/alufr/.conda/envs/moshi_ttt_fixed/bin/python3.10
Traceback (most recent call last):
  File "/home/alufr/.conda/envs/moshi_ttt_fixed/bin/torchrun", line 7, in <module>
    sys.exit(main())
  File "/home/alufr/.conda/envs/moshi_ttt_fixed/lib/python3.10/site-packages/torch/distributed/elastic/multiprocessing/errors/__init__.py", line 355, in wrapper
    return f(*args, **kwargs)
  File "/home/alufr/.conda/envs/moshi_ttt_fixed/lib/python3.10/site-packages/torch/distributed/run.py", line 918, in main
    run(args)
  File "/home/alufr/.conda/envs/moshi_ttt_fixed/lib/python3.10/site-packages/torch/distributed/run.py", line 909, in run
    elastic_launch(
  File "/home/alufr/.conda/envs/moshi_ttt_fixed/lib/python3.10/site-packages/torch/distributed/launcher/api.py", line 138, in __call__
    return launch_agent(self._config, self._entrypoint, list(args))
  File "/home/alufr/.conda/envs/moshi_ttt_fixed/lib/python3.10/site-packages/torch/distributed/launcher/api.py", line 269, in launch_agent
    raise ChildFailedError(
torch.distributed.elastic.multiprocessing.errors.ChildFailedError: 
============================================================
train.py FAILED
------------------------------------------------------------
Failures:
  <NO_OTHER_FAILURES>
------------------------------------------------------------
Root Cause (first observed failure):
[0]:
  time      : 2025-11-14_13:24:26
  host      : ise-6000-04.auth.ad.bgu.ac.il
  rank      : 0 (local_rank: 0)
  exitcode  : 1 (pid: 2876520)
  error_file: <N/A>
  traceback : To enable traceback see: https://pytorch.org/docs/stable/elastic/errors.html
============================================================
