==================================================
Job started at: Fri 14 Nov 2025 14:58:01 IST
Running on node: cs-6000-01.auth.ad.bgu.ac.il
GPU info:
Fri Nov 14 14:58:01 2025       
+-----------------------------------------------------------------------------------------+
| NVIDIA-SMI 565.57.01              Driver Version: 565.57.01      CUDA Version: 12.7     |
|-----------------------------------------+------------------------+----------------------+
| GPU  Name                 Persistence-M | Bus-Id          Disp.A | Volatile Uncorr. ECC |
| Fan  Temp   Perf          Pwr:Usage/Cap |           Memory-Usage | GPU-Util  Compute M. |
|                                         |                        |               MIG M. |
|=========================================+========================+======================|
|   0  NVIDIA RTX 6000 Ada Gene...    On  |   00000000:A1:00.0 Off |                  Off |
| 30%   32C    P8             22W /  300W |       2MiB /  49140MiB |      0%      Default |
|                                         |                        |                  N/A |
+-----------------------------------------+------------------------+----------------------+
                                                                                         
+-----------------------------------------------------------------------------------------+
| Processes:                                                                              |
|  GPU   GI   CI        PID   Type   Process name                              GPU Memory |
|        ID   ID                                                               Usage      |
|=========================================================================================|
|  No running processes found                                                             |
+-----------------------------------------------------------------------------------------+
==================================================
Set CUDA_VISIBLE_DEVICES=0
Starting YARN + TTT inference...
Checkpoint: checkpoint_000100
Input: /sise/eliyanac-group/ron_al/examples/combined_2198538934964547889_24000hz.wav
Output: ./out.wav
[1;34m[Info][0m retrieving checkpoint
[1;34m[Info][0m loading mimi
[1;34m[Info][0m mimi loaded
[1;34m[Info][0m loading moshi
[1;31m[Warn][0m No config.json found at /sise/eliyanac-group/ron_al/ttt_training_run2/checkpoints/checkpoint_000500/consolidated/config.json, using default settings
[TTT] Enabled TTT gating: chunk_size=256, lr=0.001, dim=4096, hidden=11264
[TTT] Enabled TTT gating: chunk_size=256, lr=0.001, dim=4096, hidden=11264
[TTT] Enabled TTT gating: chunk_size=256, lr=0.001, dim=4096, hidden=11264
[TTT] Initializing 12 TTT parameters (not in base checkpoint)
[TTT] Initialized w_down at layer 10 from linear_out (float32)
[TTT] Initialized target_generator conv1d at layer 10 (std=1e-4)
[TTT] Small-random-initialized target_generator W_target at layer 10 (std=1e-4)
[TTT] Initialized w_down at layer 20 from linear_out (float32)
[TTT] Initialized target_generator conv1d at layer 20 (std=1e-4)
[TTT] Small-random-initialized target_generator W_target at layer 20 (std=1e-4)
[TTT] Initialized w_down at layer 30 from linear_out (float32)
[TTT] Initialized target_generator conv1d at layer 30 (std=1e-4)
[TTT] Small-random-initialized target_generator W_target at layer 30 (std=1e-4)
[TTT] Initialized TTT layers at indices: [10, 20, 30]
==================================================
Job finished at: Fri 14 Nov 2025 14:58:11 IST
Output saved to: ./out.wav
==================================================
