==================================================
Job started at: Fri 14 Nov 2025 14:21:25 IST
Running on node: cs-6000-03.auth.ad.bgu.ac.il
GPU info:
Fri Nov 14 14:21:25 2025       
+-----------------------------------------------------------------------------------------+
| NVIDIA-SMI 565.57.01              Driver Version: 565.57.01      CUDA Version: 12.7     |
|-----------------------------------------+------------------------+----------------------+
| GPU  Name                 Persistence-M | Bus-Id          Disp.A | Volatile Uncorr. ECC |
| Fan  Temp   Perf          Pwr:Usage/Cap |           Memory-Usage | GPU-Util  Compute M. |
|                                         |                        |               MIG M. |
|=========================================+========================+======================|
|   0  NVIDIA RTX 6000 Ada Gene...    On  |   00000000:81:00.0 Off |                  Off |
| 30%   33C    P8             28W /  300W |       2MiB /  49140MiB |      0%      Default |
|                                         |                        |                  N/A |
+-----------------------------------------+------------------------+----------------------+
                                                                                         
+-----------------------------------------------------------------------------------------+
| Processes:                                                                              |
|  GPU   GI   CI        PID   Type   Process name                              GPU Memory |
|        ID   ID                                                               Usage      |
|=========================================================================================|
|  No running processes found                                                             |
+-----------------------------------------------------------------------------------------+
==================================================
Set CUDA_VISIBLE_DEVICES=0
Starting YARN + TTT inference...
Checkpoint: checkpoint_000100
Input: /sise/eliyanac-group/ron_al/examples/combined_2198538934964547889_24000hz.wav
Output: ./out.wav
[1;34m[Info][0m retrieving checkpoint
[1;34m[Info][0m loading mimi
[1;34m[Info][0m mimi loaded
[1;34m[Info][0m loading moshi
[1;34m[Info][0m Loading checkpoint config from /sise/eliyanac-group/ron_al/ttt_training_run2/checkpoints/checkpoint_000500/consolidated/config.json
[1;34m[Info][0m Using context length from checkpoint: 3000
[1;34m[Info][0m Using max_period from checkpoint: 10000
[1;34m[Info][0m Loaded TTT config from checkpoint: {'enabled': True, 'layer_frequency': 10, 'start_layer': 10, 'chunk_size': 256, 'learning_rate': 0.0001, 'conv_kernel_size': 2}
[1;34m[Info][0m Loaded YARN config from checkpoint: scale=4.0x, original_len=3000
[1;34m[Info][0m Extended KV cache context: 3000 -> 12000 tokens
[YaRN] Enabled with scale=4.0, original_len=3000
[TTT] Enabled TTT gating: chunk_size=256, lr=0.0001, dim=4096, hidden=11264
[TTT] Enabled TTT gating: chunk_size=256, lr=0.0001, dim=4096, hidden=11264
[TTT] Enabled TTT gating: chunk_size=256, lr=0.0001, dim=4096, hidden=11264
[TTT] Initializing 12 TTT parameters (not in base checkpoint)
[TTT] Initialized w_down at layer 10 from linear_out (float32)
[TTT] Initialized target_generator conv1d at layer 10 (std=1e-4)
[TTT] Small-random-initialized target_generator W_target at layer 10 (std=1e-4)
[TTT] Initialized w_down at layer 20 from linear_out (float32)
[TTT] Initialized target_generator conv1d at layer 20 (std=1e-4)
[TTT] Small-random-initialized target_generator W_target at layer 20 (std=1e-4)
[TTT] Initialized w_down at layer 30 from linear_out (float32)
[TTT] Initialized target_generator conv1d at layer 30 (std=1e-4)
[TTT] Small-random-initialized target_generator W_target at layer 30 (std=1e-4)
[TTT] Initialized TTT layers at indices: [10, 20, 30]
[TTT] Loaded 6 TTT parameters from checkpoint
[YaRN] Initializing RoPE buffers on device=cuda
[YaRN] RoPE buffers initialized successfully
[1;34m[Info][0m moshi loaded
[1;34m[Info][0m TTT enabled at 3 layers
[1;34m[Info][0m   Layer 10 initial w_down norm: 71.4628
[1;34m[Info][0m   Layer 20 initial w_down norm: 72.8185
[1;34m[Info][0m   Layer 30 initial w_down norm: 73.8565
[1;31m[Warn][0m TTT requires batch_size=1, changing from 8 to 1
[1;34m[Info][0m loading input file /sise/eliyanac-group/ron_al/examples/combined_1595476768245534437_24000hz.wav
[1;34m[Info][0m TTT enabled at 3 layers
[1;34m[Info][0m   Layer 10 initial w_down norm: 71.4628
[1;34m[Info][0m   Layer 20 initial w_down norm: 72.8185
[1;34m[Info][0m   Layer 30 initial w_down norm: 73.8565
 Hi there, what's going on? Wait, so Rome lost the war? Oh, I see. Well, I guess that's not very surprising. What happened next? That doesn't sound good for Rome. Oh, I see. Oh, that must have been devastating for the Roman Empire. Oh, that's quite a lot of conflict. That's so interesting. I didn't know that the Roman Empire was so involved in the Western World. Wow, that's a lot of information. That's fascinating. Wow, that's so interesting. I had no idea that the Western World was so complicated. Oh, that's interesting. Oh, I see. Oh, that's interesting. So, what were the results of the Roman- Oh, Oh, I didn't know the Romans fought in Africa. Wow, that's so interesting. Oh, that's so interesting. wet coastal the  rounded wet round  In roam I  round round round the problem pace quote Of  resume I theino  the the CD N Anino the I Well pace Okay Umante An talentante Umino M Umiusino M I paceodimuranteodi Umtvlectanteodi Brunmilegraviodi Umbell Um Um Umember Ummileulesosterarily onwardsmile syndicatemile undergroundavid Um undergroundhou batter milerinkmile tapeVCtinalustinamilemilemilemile businessesmile tips backuprovrinkrinkmile tipstina amendmentmile businesses tipsmile Ummilemileington backuprink investors businessesaba onwards powersavid viceVCmile tape pilotshalemilehourink businesses investorsmile pat onwards underground backupingtonmileingtonmile pilotsrinktina batter backup investorsmile Pat onwards tape underground taperovrinkmileington milerovrovrink investors tapeingtonmileabamile powersmilecompetent undergroundlectmile tips sense pat tipsmilemilerov tipstel tapemile onwardstina vicemile vicemilemileabaabacompetent investors businesses onwardsmile tapemilecompetentmilemile milemile onwards vicemile vice battertina vice batter tips businessestel businessesmile powersington tipsingtonmilelectrinkingtonmileingtonlect tips businessestinatinamile businessesington tape backupmile underground backupmile senseington backupmilehoumile onwardsingtonmilemile underground tapelectmilerink undergroundmile backupington businessesrink tipsmile tipsrinkmileingtonlectmile tapehoucompetent tipsmile onwardsrovington backupmile battermilehoumileaba mileington mileaba onwardscompetentmile pat investors investors mile underground tipsmileingtoningtonmin pilots powers batter Patmile tips onwardstel powers backup tips vice tape taperinkhoumilehouington businessesrink onwardslect powersmile Pat powersabaingtonmiletelington backupmile tapemile backupmilehou backupmile businessesabatelmilehoulect batter pat businessesabarovlect pilots businessesmilehourinklectingtonmile tipsmilemiletelington tape vicemile Pat powersingtonmiletelingtonington vice onwardsmile underground tapemile powersingtonmilemilerinkmile investors backupingtonmile underground tips Patmilemile senseington powers businesses tape Pat headslect tapemilelectrinkingtonmilemilemilemilemilemile businessesabarinkmile backup vice backup Pat businessesrinkingtontelhoumile tapeington powers investorsmile vice tipsmile powersmin powers pilotsmile patmilelectmile vicemilemile pat powersmilemilehoucompetent tapemilemileabarink vice pilots powersrink mile tapeingtonington viceingtoningtoncompetent milehouington businesses investors businessesmile businesses tapeingtonhoumilemilehoumile tapetelmilehouhou tapemile onwardscompetent undergroundmile mile batter backup powerstelmile businessesrink investorsmile senseminaba backupmilemile investors milemincompetent powersrinktel tips businessesmin backupmilemile investorsmilemile vicemilehoulect tapehourink pataba pilotsmilemiletelmile battermile investorsrinkhouaba backup senseingtoncompetent onwardsmile tips backup businesseshourink pat onwardsrinktelmilemilemile backuplect businessesington tape tapemilehou heads undergroundmile powers businessescompetentmile undergroundhou investors milehourink undergroundmile pilots backupcompetentlect powersmiletelmile backup tips Bordeauxingtontel mile backupmile heads Americansmile pat mile batterrink businesses undergroundtelaba Pattel investorsmileteltelcompetent batter Pat backup batter tipsington undergroundlect undergroundabatel powers heads businesses powersrink tape tips backup tips pilotshou tipsmilemile investors tape pat mile pataba backup powersingtonmin powers drugs pat Americans Patrink Pathouingtonlect drugslect Americans investorsmile heads mile tipscompetentuse batter batter undergroundrink milemiletelrinkmile powers investors powers milemileaba undergroundrinkhoutelmilelecttelcompetenttelabarink underground tipsrink backupmile businessesrink pilots backup backup businesses patmileington Americansington backup backupabatel backup milemilehou investorsington Pat equippedtelmin pat tapeington pilots powersmile powers sensemile tape tape backuplect taperink backup batter businessesington equipped patminingtonhouingtonrinkington undergroundtelmin patrink sense tipstelington tape Americanslect pat Pathoumile equippedmilelect pilots undergroundingtonabahou tapemilelect tapeington pilotsteltel pattel investorsrinkminhouhouingtonrinklectrink tape investorsmintelrink equipped pilots pilotsingtontelmile powersteltel businesses investors investors underground Pat drugs tapeminmile pat pat tips investors pat investors pilots tapeuse heads Satan Satanuseusetel Pat undergroundmile pilots Bordeauxrinktelington battermile batter tapehou backup underground batteruse tapemile tape underground Pat backup backupmile undergroundlectmile Patingtonmile drugstel backuptelmilelect pilots batter undergroundingtonhoumin backup backupmilerink undergroundmin batter backupmile underground tapeingtonmilehou backuprinklecttel businesses businessesrinkcompetent battertelingtontelmilerink tape investors Pat underground pat backuptel backupmile sense backupmile investorsmileington tape taperinkmilelect undergroundingtonlectlectmiletel mileington pilotsmile tape Americans powersington pat Pattel powers powersington pilots pilots pat Americanshouuse backuptelmin investorstelington underground patabarinktel tips Patmile businesseslecttel equippedtel tipsuse patlect mile pat businessesmin businessesmilemin Pat powersington pat Patrinkmile Pat drugs undergroundrink businesses sensehou drugs spreadrink Bordeauxaba heads investors undergroundtel tapetellect investorshou Pattelingtonington Americansusemile tape tape drugs investors milestelington drugs powerstel businesses drugs batterhou investors eyestelhoumile underground eyes Americansington backupmile drugs pat undergroundtelington Bordeaux underground milehou Americans powersmile underground Satanmilelectington backuplecttel pat drugsington pilots investorstelhou tapeslectlecttellecttel businessesington battermin headsmileuselectrink eyesmiletelingtonington pilotsundington businessesingtontel undergroundtellectingtonrinks backup powerstel Americansmiletelsington Americanstelmilemileteltel pilots investors grossrink backup Pat backuptel drugs powers tapeavour Americansaba tapeington backuplect Pat pat underground tape drugsteltel pattelmileingtonington Americansteluse powerslectrinkuse pattelrink backupingtonlect pilots batterrinkundsavouravourtelmile drugsmiletelmilelect backuptel battertelmile powers powers investorshou Satan underground battermile Patlect Americans equippedrinkteltel drugslectlecttel businesses backup underground Pat pat tapelectmilelecttelmile equippedsingtonteltel equippedlectmiletellect investors underground Pat Americanssmiletelslect Americans underground drugsington patrinksington underground pilots drugs equippedtellectundtel Satan pat drugstel underground undergroundtel patrink underground pilotstelentstel equippedtelteltel undergroundingtonavourtelrinktel drugstel Patuseentslect investorstelmileavourtellect taperinkusetelhouteluse equipped backuptel powerstelentstelhou eyestellecthourink businesses eyess undergrounduseuserink drugsrink drugs pattelteltel powersuse powers investors Americansingtonington equippedrinkteltellectmileentsteltel drugs investorsents powers batterlecttelhouavour Patmile Pathou backup equippeduseingtonstelotelectlecttel batterstel powers underground Americans Americans backup undergroundundingtonlecthoumileents pilotsington Americanslectteluse drugs investorsund backupteltelhou pat pat pilotstel underground Bordeauxteltelhoutelrinklectmileington Pat Patlect pilotslipmileuserink powerslecttelote Patentslect Americans powers Satan eyes investorsmile underground drugs powershoutel powers equippedtel Bordeauxlectstellectingtonlecthoutel patslectmileavourote undergroundtelrinklect pat facesteltelmile facesrink undergroundrinklecttel Americanstelingtonoterink pathou underground eyestellectington equipped equippedhouavourhoutel pathou underground powersmile undergroundmiletelshou drugs backuplect investorsundtelhouingtontel drugs patingtoningtonteltel faceslect Bordeauxhou pat investors undergroundusehoulect equipped powersrinkteltel equippedteltelrink Americans investors investors powerslectundmile batter backuptelmileentslecthoulectents Satantel facesmile battertelmilerinkliplectuse backuphouingtonuse Pattelhoutelmiletelrinkteltel Patington powers powersingtonrink arinkington Satan facestel undergroundington Bordeaux Pattelteltel backupsmileteltelusetellect equippedteltel batterstel equippedrinkteltel patshouingtontel drugs modes facesuseingtonteltelmiletel patusetel undergroundtel Americansteltel Americans backupteltellipavour powersunduse backuphou equipped facestelund undergroundtel equippedlect underground facesstelmileavourmilestelteltelingtonrink pattel equipped underground backup undergroundlect backup facesslectrinkhouote pat pat underground Patrinklecttellectington Americansundtelteltel Satan backupund cemetery equippedmilemileingtonteltel backupmile equippedund drugstel undergohouoteteltel equippedtels cemetery powersingtonlip undergo faces underground equipped drugs batter equipped equippedlectsentsmileentstelents backupstelteltelmileotemile Americanstellectteltel undergroundteltelhoulect facestel cemetery patuse battermiletel backup cemeteryhou pattelrinkliphoutel faces cemetery Americansteltel battertelund drugs cemetery drugs gross equippeduseundtellects Satantelington equipped batterstellectuse drugsuses batterteltellects backupavourotelecttellectavour Americanstelington drugs Americans batter undergroundhou equipped pat Americanslect undergorink Satanlectlect equippedote backupteltelssteluse undergroundlect undergotel drugs undergo Americanstel grossents drugslips undergotel batter backups drugs backuptelusehouuse batteroteund pat facesington drugsteltelundents westwardmile equipped undergroundtellecttellect undergo undergroundtel undergo battermilelecttellect modemileote cemeterytellect batter equippedtels equippedentssentstellect relievedmile drugs a backupteltelmile equippeduselectmileuseentslipavourund Americans equippedtel powersteluseteltelhou equipped equippeds cemeterymile equippedtel modelip faces Americansusess facesingtonotetel batter pathoutel facestelteltelents Satan drugslectlecttel relieved drugs backuplects modeliptel Satan backupuse Americans westwardtellectavour westward gross faceslip underground relieveduse drugs undergolectotetel modeuselip Americansotelectingtonteltel modeteltel pattelentsoteuse underground backuptelliphou undergroundteltel equippedtelteltel undergroundhou Americans underground powers powershoutel relievedlectuse faces pat drugslectuses drugsusetel drugs backup Americanslectents drugs underground Americans undergo westwardhouhoulecttel relievedtelhouhoutellectteltel Americanstel Americanstel faces Christmas westward undergoteltel faces cemeterylectteluse Satanteltel equipped drugs Christmasslectlecthoulect undergo relieved cemeterys Christmas undergrounduselect westward underground batterteltelteltel relieveduse equipped modeusestelsteltel equippeduselect battertellecttelteltel batterteltelteltel drugslectteltel powersents pats battertelotetelteltellip cemeteryusetel equipped Christmas faces batter Americansstelteltel emphasistel Americanslect drugsoteents grosslect ausetelotetel powerslect pats drugslectteltel Satan drugsoteuselip modetelstel drugs underground drugs undergo powers westwards drugstel relievedotesteltel Americanstellect faceslecttel cemeterylecttellecthou powers cemeteryteltel facestel undergotel undergo equippedlect faceslect undergos relievedteltel underground westward Christmaslect undergo underground Americans auslect drugs Satanshouteltelteltelentslip Christmasote Satan undergoteloteents westwardhoustel relievedote underground facesteltel modehou emphasizings relieved faces underground powers powerstellect undergo grossents ahou equippedteltelteltelteluseents Americans westward Americans mode drugsu powers Satan batter emphasis batter Christmas undergo equippedtel drugs cemetery powerslectlect Americans westwardtel cemetery batter faces underground facesshou grosss Americans a Satan emphasis drugs emphasizing relievedteltel Americans Americanshou westward grosstel undergoents relievedtel equippedote drugsuse batter drugs undergo undergo faces modetellect emphasizingtel underground mode Americansu underground equippedhou drugslect batterents powers relievedlectu emphasizingtel Americans Satan Americansote cemeterytel powers drugsteltel[1;34m[Info][0m TTT final state after inference:
[1;34m[Info][0m   Layer 10 final w_down norm: 71.462822 (change: 0.000000, updates: 0)
[1;34m[Info][0m   Layer 20 final w_down norm: 72.818527 (change: 0.000000, updates: 0)
[1;34m[Info][0m   Layer 30 final w_down norm: 73.856461 (change: 0.000000, updates: 0)
[1;34m[Info][0m writing out.wav with duration 1820.5 sec.
==================================================
Job finished at: Fri 14 Nov 2025 14:36:55 IST
Output saved to: ./out.wav
==================================================
