==================================================
Job started at: Fri 14 Nov 2025 17:13:34 IST
Running on node: ise-6000-01.auth.ad.bgu.ac.il
GPU info:
Fri Nov 14 17:13:34 2025       
+-----------------------------------------------------------------------------------------+
| NVIDIA-SMI 565.57.01              Driver Version: 565.57.01      CUDA Version: 12.7     |
|-----------------------------------------+------------------------+----------------------+
| GPU  Name                 Persistence-M | Bus-Id          Disp.A | Volatile Uncorr. ECC |
| Fan  Temp   Perf          Pwr:Usage/Cap |           Memory-Usage | GPU-Util  Compute M. |
|                                         |                        |               MIG M. |
|=========================================+========================+======================|
|   0  NVIDIA RTX 6000 Ada Gene...    On  |   00000000:E1:00.0 Off |                  Off |
| 30%   27C    P8             25W /  300W |       2MiB /  49140MiB |      0%      Default |
|                                         |                        |                  N/A |
+-----------------------------------------+------------------------+----------------------+
                                                                                         
+-----------------------------------------------------------------------------------------+
| Processes:                                                                              |
|  GPU   GI   CI        PID   Type   Process name                              GPU Memory |
|        ID   ID                                                               Usage      |
|=========================================================================================|
|  No running processes found                                                             |
+-----------------------------------------------------------------------------------------+
==================================================
Set CUDA_VISIBLE_DEVICES=0
Starting YARN + TTT training...
Context Extension: 4x (3000 -> 12000 tokens)
TTT Layers: 3 (layers 10, 20, 30)
Base Model: Frozen (only TTT params trained)
Warning: `hf_repo_id` is set but `config_path` is None. This will load default models.
2025-11-14 17:13:42 (IST) - 0:00:04 - distributed - INFO - torch.cuda.device_count: 1
2025-11-14 17:13:42 (IST) - 0:00:04 - distributed - INFO - CUDA_VISIBLE_DEVICES: 0
2025-11-14 17:13:42 (IST) - 0:00:04 - distributed - INFO - local rank: 0
2025-11-14 17:13:42 (IST) - 0:00:04 - train - INFO - Going to init comms...
2025-11-14 17:13:42 (IST) - 0:00:04 - train - INFO - Run dir: /sise/eliyanac-group/ron_al/ttt_training_run2
2025-11-14 17:13:42 (IST) - 0:00:04 - train - INFO - Removing run dir /sise/eliyanac-group/ron_al/ttt_training_run2...
2025-11-14 17:13:42 (IST) - 0:00:05 - train - INFO - TrainArgs: {'batch_size': 2,
 'ckpt_freq': 100,
 'data': {'eval_data': '',
          'shuffle': False,
          'train_data': '/sise/eliyanac-group/ron_al/talkbank_callhome_english/talkbank.jsonl'},
 'do_ckpt': True,
 'do_eval': False,
 'duration_sec': 150.0,
 'eval_freq': 100,
 'first_codebook_weight_multiplier': 100.0,
 'full_finetuning': False,
 'gradient_checkpointing': True,
 'log_freq': 1,
 'lora': {'enable': False, 'ft_embed': False, 'rank': 64, 'scaling': 2.0},
 'max_norm': 1.0,
 'max_steps': 2000,
 'moshi_paths': {'config_path': None,
                 'hf_repo_id': 'kyutai/moshiko-pytorch-bf16',
                 'mimi_path': None,
                 'moshi_path': None,
                 'tokenizer_path': None},
 'num_ckpt_keep': 3,
 'num_microbatches': 1,
 'optim': {'lr': 0.0001, 'pct_start': 0.05, 'weight_decay': 0.1},
 'overwrite_run_dir': True,
 'param_dtype': 'bfloat16',
 'run_dir': '/sise/eliyanac-group/ron_al/ttt_training_run2',
 'save_adapters': True,
 'seed': 0,
 'text_padding_weight': 0.5,
 'ttt': {'chunk_size': 256,
         'conv_kernel_size': 2,
         'delta_clip_fro_norm': 100.0,
         'enabled': True,
         'layer_frequency': 10,
         'learning_rate': 0.0001,
         'start_layer': 10,
         'unfreeze_ttt_layers': False},
 'wandb': {'key': '',
           'offline': False,
           'project': 'moshi_in_place',
           'run_name': 'run2'},
 'world_size': 1,
 'yarn': {'beta_fast': 32,
          'beta_slow': 1,
          'enabled': True,
          'mscale': 1.0,
          'mscale_all_dim': 0.0,
          'original_max_seq_len': 3000,
          'scale': 4.0}}
2025-11-14 17:13:42 (IST) - 0:00:05 - metrics_logger - INFO - initializing wandb
2025-11-14 17:13:44 (IST) - 0:00:07 - train - INFO - Loading Mimi and Moshi...
2025-11-14 17:13:45 (IST) - 0:00:08 - finetune.wrapped_model - INFO - ======================================================================
2025-11-14 17:13:45 (IST) - 0:00:08 - finetune.wrapped_model - INFO - TTT (Test-Time Training) ENABLED
2025-11-14 17:13:45 (IST) - 0:00:08 - finetune.wrapped_model - INFO - ======================================================================
2025-11-14 17:13:45 (IST) - 0:00:08 - finetune.wrapped_model - INFO -   Layer frequency: 10
2025-11-14 17:13:45 (IST) - 0:00:08 - finetune.wrapped_model - INFO -   Start layer: 10
2025-11-14 17:13:45 (IST) - 0:00:08 - finetune.wrapped_model - INFO -   Chunk size: 256
2025-11-14 17:13:45 (IST) - 0:00:08 - finetune.wrapped_model - INFO -   Learning rate: 0.0001
2025-11-14 17:13:45 (IST) - 0:00:08 - finetune.wrapped_model - INFO -   Conv kernel: 2
2025-11-14 17:13:45 (IST) - 0:00:08 - finetune.wrapped_model - INFO - ======================================================================
2025-11-14 17:13:45 (IST) - 0:00:08 - finetune.wrapped_model - INFO - ======================================================================
2025-11-14 17:13:45 (IST) - 0:00:08 - finetune.wrapped_model - INFO - YaRN (Context Window Extension) ENABLED
2025-11-14 17:13:45 (IST) - 0:00:08 - finetune.wrapped_model - INFO - ======================================================================
2025-11-14 17:13:45 (IST) - 0:00:08 - finetune.wrapped_model - INFO -   Scale: 4.0x
2025-11-14 17:13:45 (IST) - 0:00:08 - finetune.wrapped_model - INFO -   Original max seq len: 3000
2025-11-14 17:13:45 (IST) - 0:00:08 - finetune.wrapped_model - INFO -   Beta fast: 32
2025-11-14 17:13:45 (IST) - 0:00:08 - finetune.wrapped_model - INFO -   Beta slow: 1
2025-11-14 17:13:45 (IST) - 0:00:08 - finetune.wrapped_model - INFO - ======================================================================
[YaRN] Enabled with scale=4.0, original_len=3000
[TTT] Enabled TTT gating: chunk_size=256, lr=0.0001, dim=4096, hidden=11264
[TTT] Enabled TTT gating: chunk_size=256, lr=0.0001, dim=4096, hidden=11264
[TTT] Enabled TTT gating: chunk_size=256, lr=0.0001, dim=4096, hidden=11264
[YaRN] Initializing RoPE buffers on device=meta
[YaRN] RoPE buffers initialized successfully
2025-11-14 17:13:46 (IST) - 0:00:08 - finetune.wrapped_model - INFO - Converting model to dtype torch.bfloat16 ...
2025-11-14 17:13:46 (IST) - 0:00:08 - finetune.wrapped_model - INFO - Initializing TTT w_down from pretrained checkpoint...
2025-11-14 17:13:46 (IST) - 0:00:08 - finetune.wrapped_model - INFO -   ✓ transformer.layers.10.gating.w_down <- transformer.layers.10.gating.linear_out.weight (shape: torch.Size([4096, 11264]), dtype: float32)
2025-11-14 17:13:46 (IST) - 0:00:08 - finetune.wrapped_model - INFO -   ✓ transformer.layers.20.gating.w_down <- transformer.layers.20.gating.linear_out.weight (shape: torch.Size([4096, 11264]), dtype: float32)
2025-11-14 17:13:46 (IST) - 0:00:08 - finetune.wrapped_model - INFO -   ✓ transformer.layers.30.gating.w_down <- transformer.layers.30.gating.linear_out.weight (shape: torch.Size([4096, 11264]), dtype: float32)
2025-11-14 17:13:46 (IST) - 0:00:08 - finetune.wrapped_model - INFO - Initializing TTT layers ...
2025-11-14 17:13:46 (IST) - 0:00:09 - finetune.wrapped_model - INFO -   ✓ Small-random-initialized transformer.layers.10.gating.target_generator.conv1d.conv.weight (std=1e-4) for warm-start with gradient flow
2025-11-14 17:13:47 (IST) - 0:00:09 - finetune.wrapped_model - INFO -   ✓ Small-random-initialized transformer.layers.10.gating.target_generator.W_target.weight (std=1e-4) for warm-start with gradient flow
2025-11-14 17:13:47 (IST) - 0:00:09 - finetune.wrapped_model - INFO -   ✓ Initialized transformer.layers.10.gating.w_down_pretrained from w_down
2025-11-14 17:13:47 (IST) - 0:00:09 - finetune.wrapped_model - WARNING - Buffer transformer.layers.10.gating.ttt_clip_event_counter still meta - initializing as zeros
2025-11-14 17:13:47 (IST) - 0:00:10 - finetune.wrapped_model - INFO -   ✓ Small-random-initialized transformer.layers.20.gating.target_generator.conv1d.conv.weight (std=1e-4) for warm-start with gradient flow
2025-11-14 17:13:48 (IST) - 0:00:10 - finetune.wrapped_model - INFO -   ✓ Small-random-initialized transformer.layers.20.gating.target_generator.W_target.weight (std=1e-4) for warm-start with gradient flow
2025-11-14 17:13:48 (IST) - 0:00:10 - finetune.wrapped_model - INFO -   ✓ Initialized transformer.layers.20.gating.w_down_pretrained from w_down
2025-11-14 17:13:48 (IST) - 0:00:10 - finetune.wrapped_model - WARNING - Buffer transformer.layers.20.gating.ttt_clip_event_counter still meta - initializing as zeros
2025-11-14 17:13:48 (IST) - 0:00:11 - finetune.wrapped_model - INFO -   ✓ Small-random-initialized transformer.layers.30.gating.target_generator.conv1d.conv.weight (std=1e-4) for warm-start with gradient flow
2025-11-14 17:13:49 (IST) - 0:00:11 - finetune.wrapped_model - INFO -   ✓ Small-random-initialized transformer.layers.30.gating.target_generator.W_target.weight (std=1e-4) for warm-start with gradient flow
2025-11-14 17:13:49 (IST) - 0:00:11 - finetune.wrapped_model - INFO -   ✓ Initialized transformer.layers.30.gating.w_down_pretrained from w_down
2025-11-14 17:13:49 (IST) - 0:00:11 - finetune.wrapped_model - WARNING - Buffer transformer.layers.30.gating.ttt_clip_event_counter still meta - initializing as zeros
2025-11-14 17:13:49 (IST) - 0:00:11 - finetune.wrapped_model - INFO - Initializing YaRN RoPE buffers ...
2025-11-14 17:13:49 (IST) - 0:00:11 - finetune.wrapped_model - INFO -   ✓ Initialized transformer.rope.inv_freq (shape: torch.Size([64]), scale: 4.0x)
2025-11-14 17:13:49 (IST) - 0:00:11 - finetune.wrapped_model - INFO - Finished initialization!
2025-11-14 17:13:49 (IST) - 0:00:11 - finetune.wrapped_model - INFO - ======================================================================
2025-11-14 17:13:49 (IST) - 0:00:11 - finetune.wrapped_model - INFO - TTT ACTIVE: 3 layers enabled
2025-11-14 17:13:49 (IST) - 0:00:11 - finetune.wrapped_model - INFO - TTT layer indices: [10, 20, 30]
2025-11-14 17:13:49 (IST) - 0:00:11 - finetune.wrapped_model - INFO - ======================================================================
2025-11-14 17:13:55 (IST) - 0:00:18 - train - INFO - [DocStream] step=1 microbatch=0 samples=2 unique_docs=1 runs=0638.wav[segments=0-1]
2025-11-14 17:13:55 (IST) - 0:00:18 - train - INFO - [TTT RESET] Document switch detected: None -> /sise/eliyanac-group/ron_al/talkbank_callhome_english/wav/0638.wav
2025-11-14 17:13:55 (IST) - 0:00:18 - moshi.modules.ttt_module - INFO - [TTT RESET][train] target_generator norm 0.980469, w_down norm 71.500000; both learn via backprop during training
2025-11-14 17:13:55 (IST) - 0:00:18 - moshi.modules.ttt_module - INFO - [TTT RESET][train] target_generator norm 0.982422, w_down norm 73.000000; both learn via backprop during training
2025-11-14 17:13:55 (IST) - 0:00:18 - moshi.modules.ttt_module - INFO - [TTT RESET][train] target_generator norm 0.980469, w_down norm 74.000000; both learn via backprop during training
2025-11-14 17:14:04 (IST) - 0:00:27 - train - INFO - 
=== TTT Parameter Debug ===
2025-11-14 17:14:04 (IST) - 0:00:27 - train - INFO - transformer.layers.10.gating.w_down:
2025-11-14 17:14:04 (IST) - 0:00:27 - train - INFO -   requires_grad: True
2025-11-14 17:14:04 (IST) - 0:00:27 - train - INFO -   has grad: True
2025-11-14 17:14:04 (IST) - 0:00:27 - train - INFO -   grad norm: 0.367016
2025-11-14 17:14:04 (IST) - 0:00:27 - train - INFO - transformer.layers.10.gating.target_generator.conv1d.conv.weight:
2025-11-14 17:14:04 (IST) - 0:00:27 - train - INFO -   requires_grad: True
2025-11-14 17:14:04 (IST) - 0:00:27 - train - INFO -   has grad: True
2025-11-14 17:14:04 (IST) - 0:00:27 - train - INFO -   grad norm: 0.000000
2025-11-14 17:14:04 (IST) - 0:00:27 - train - INFO - transformer.layers.10.gating.target_generator.W_target.weight:
2025-11-14 17:14:04 (IST) - 0:00:27 - train - INFO -   requires_grad: True
2025-11-14 17:14:04 (IST) - 0:00:27 - train - INFO -   has grad: True
2025-11-14 17:14:04 (IST) - 0:00:27 - train - INFO -   grad norm: 0.000000
2025-11-14 17:14:04 (IST) - 0:00:27 - train - INFO - transformer.layers.20.gating.w_down:
2025-11-14 17:14:04 (IST) - 0:00:27 - train - INFO -   requires_grad: True
2025-11-14 17:14:04 (IST) - 0:00:27 - train - INFO -   has grad: True
2025-11-14 17:14:04 (IST) - 0:00:27 - train - INFO -   grad norm: 0.483776
2025-11-14 17:14:04 (IST) - 0:00:27 - train - INFO - transformer.layers.20.gating.target_generator.conv1d.conv.weight:
2025-11-14 17:14:04 (IST) - 0:00:27 - train - INFO -   requires_grad: True
2025-11-14 17:14:04 (IST) - 0:00:27 - train - INFO -   has grad: True
2025-11-14 17:14:04 (IST) - 0:00:27 - train - INFO -   grad norm: 0.000000
2025-11-14 17:14:04 (IST) - 0:00:27 - train - INFO - transformer.layers.20.gating.target_generator.W_target.weight:
2025-11-14 17:14:04 (IST) - 0:00:27 - train - INFO -   requires_grad: True
2025-11-14 17:14:04 (IST) - 0:00:27 - train - INFO -   has grad: True
2025-11-14 17:14:04 (IST) - 0:00:27 - train - INFO -   grad norm: 0.000000
2025-11-14 17:14:04 (IST) - 0:00:27 - train - INFO - transformer.layers.30.gating.w_down:
2025-11-14 17:14:04 (IST) - 0:00:27 - train - INFO -   requires_grad: True
2025-11-14 17:14:04 (IST) - 0:00:27 - train - INFO -   has grad: True
2025-11-14 17:14:04 (IST) - 0:00:27 - train - INFO -   grad norm: 0.794518
2025-11-14 17:14:04 (IST) - 0:00:27 - train - INFO - transformer.layers.30.gating.target_generator.conv1d.conv.weight:
2025-11-14 17:14:04 (IST) - 0:00:27 - train - INFO -   requires_grad: True
2025-11-14 17:14:04 (IST) - 0:00:27 - train - INFO -   has grad: True
2025-11-14 17:14:04 (IST) - 0:00:27 - train - INFO -   grad norm: 0.000000
2025-11-14 17:14:04 (IST) - 0:00:27 - train - INFO - transformer.layers.30.gating.target_generator.W_target.weight:
2025-11-14 17:14:04 (IST) - 0:00:27 - train - INFO -   requires_grad: True
2025-11-14 17:14:04 (IST) - 0:00:27 - train - INFO -   has grad: True
2025-11-14 17:14:04 (IST) - 0:00:27 - train - INFO -   grad norm: 0.000000
2025-11-14 17:14:04 (IST) - 0:00:27 - train - INFO - =========================

2025-11-14 17:14:04 (IST) - 0:00:27 - train - INFO - [TTT] Step 1: grad_norm=1.000e+00, param_norm=125.9592, delta_norm=4.697e-02, relative_change=0.0373% (9 params)
2025-11-14 17:14:04 (IST) - 0:00:27 - train - INFO - step: 000001 - done (%): 0.1 - loss: 3.378 - lr: 4.0e-06 - peak_alloc_mem (GB): 36.0 - alloc_mem (GB): 21.0 - words_per_second: 2610.6 - avg_words_per_second: 2610.6 - ETA: >2025-11-15 00:24:47
2025-11-14 17:14:04 (IST) - 0:00:27 - train - INFO - [DocStream] step=2 microbatch=0 samples=2 unique_docs=1 runs=0638.wav[segments=2-3]
2025-11-14 17:14:10 (IST) - 0:00:33 - train - INFO - 
=== TTT Parameter Debug ===
2025-11-14 17:14:10 (IST) - 0:00:33 - train - INFO - transformer.layers.10.gating.w_down:
2025-11-14 17:14:10 (IST) - 0:00:33 - train - INFO -   requires_grad: True
2025-11-14 17:14:10 (IST) - 0:00:33 - train - INFO -   has grad: True
2025-11-14 17:14:10 (IST) - 0:00:33 - train - INFO -   grad norm: 0.374844
2025-11-14 17:14:10 (IST) - 0:00:33 - train - INFO - transformer.layers.10.gating.target_generator.conv1d.conv.weight:
2025-11-14 17:14:10 (IST) - 0:00:33 - train - INFO -   requires_grad: True
2025-11-14 17:14:10 (IST) - 0:00:33 - train - INFO -   has grad: True
2025-11-14 17:14:10 (IST) - 0:00:33 - train - INFO -   grad norm: 0.000000
2025-11-14 17:14:10 (IST) - 0:00:33 - train - INFO - transformer.layers.10.gating.target_generator.W_target.weight:
2025-11-14 17:14:10 (IST) - 0:00:33 - train - INFO -   requires_grad: True
2025-11-14 17:14:10 (IST) - 0:00:33 - train - INFO -   has grad: True
2025-11-14 17:14:10 (IST) - 0:00:33 - train - INFO -   grad norm: 0.000000
2025-11-14 17:14:10 (IST) - 0:00:33 - train - INFO - transformer.layers.20.gating.w_down:
2025-11-14 17:14:10 (IST) - 0:00:33 - train - INFO -   requires_grad: True
2025-11-14 17:14:10 (IST) - 0:00:33 - train - INFO -   has grad: True
2025-11-14 17:14:10 (IST) - 0:00:33 - train - INFO -   grad norm: 0.494645
2025-11-14 17:14:10 (IST) - 0:00:33 - train - INFO - transformer.layers.20.gating.target_generator.conv1d.conv.weight:
2025-11-14 17:14:10 (IST) - 0:00:33 - train - INFO -   requires_grad: True
2025-11-14 17:14:10 (IST) - 0:00:33 - train - INFO -   has grad: True
2025-11-14 17:14:10 (IST) - 0:00:33 - train - INFO -   grad norm: 0.000000
2025-11-14 17:14:10 (IST) - 0:00:33 - train - INFO - transformer.layers.20.gating.target_generator.W_target.weight:
2025-11-14 17:14:10 (IST) - 0:00:33 - train - INFO -   requires_grad: True
2025-11-14 17:14:10 (IST) - 0:00:33 - train - INFO -   has grad: True
2025-11-14 17:14:10 (IST) - 0:00:33 - train - INFO -   grad norm: 0.000000
2025-11-14 17:14:10 (IST) - 0:00:33 - train - INFO - transformer.layers.30.gating.w_down:
2025-11-14 17:14:10 (IST) - 0:00:33 - train - INFO -   requires_grad: True
2025-11-14 17:14:10 (IST) - 0:00:33 - train - INFO -   has grad: True
2025-11-14 17:14:10 (IST) - 0:00:33 - train - INFO -   grad norm: 0.784103
2025-11-14 17:14:10 (IST) - 0:00:33 - train - INFO - transformer.layers.30.gating.target_generator.conv1d.conv.weight:
2025-11-14 17:14:10 (IST) - 0:00:33 - train - INFO -   requires_grad: True
2025-11-14 17:14:10 (IST) - 0:00:33 - train - INFO -   has grad: True
2025-11-14 17:14:10 (IST) - 0:00:33 - train - INFO -   grad norm: 0.000000
2025-11-14 17:14:10 (IST) - 0:00:33 - train - INFO - transformer.layers.30.gating.target_generator.W_target.weight:
2025-11-14 17:14:10 (IST) - 0:00:33 - train - INFO -   requires_grad: True
2025-11-14 17:14:10 (IST) - 0:00:33 - train - INFO -   has grad: True
2025-11-14 17:14:10 (IST) - 0:00:33 - train - INFO -   grad norm: 0.000000
2025-11-14 17:14:10 (IST) - 0:00:33 - train - INFO - =========================

2025-11-14 17:14:10 (IST) - 0:00:33 - train - INFO - [TTT] Step 2: grad_norm=1.000e+00, param_norm=125.9592, delta_norm=3.899e-02, relative_change=0.0310% (9 params)
2025-11-14 17:14:10 (IST) - 0:00:33 - train - INFO - step: 000002 - done (%): 0.1 - loss: 3.931 - lr: 4.0e-06 - peak_alloc_mem (GB): 39.3 - alloc_mem (GB): 21.0 - words_per_second: 5552.0 - avg_words_per_second: 3551.3 - ETA: >2025-11-14 22:30:38
2025-11-14 17:14:11 (IST) - 0:00:34 - train - INFO - [DocStream] step=3 microbatch=0 samples=2 unique_docs=1 runs=0638.wav[segments=4-5]
2025-11-14 17:14:17 (IST) - 0:00:39 - train - INFO - 
=== TTT Parameter Debug ===
2025-11-14 17:14:17 (IST) - 0:00:39 - train - INFO - transformer.layers.10.gating.w_down:
2025-11-14 17:14:17 (IST) - 0:00:39 - train - INFO -   requires_grad: True
2025-11-14 17:14:17 (IST) - 0:00:39 - train - INFO -   has grad: True
2025-11-14 17:14:17 (IST) - 0:00:39 - train - INFO -   grad norm: 0.405685
2025-11-14 17:14:17 (IST) - 0:00:39 - train - INFO - transformer.layers.10.gating.target_generator.conv1d.conv.weight:
2025-11-14 17:14:17 (IST) - 0:00:39 - train - INFO -   requires_grad: True
2025-11-14 17:14:17 (IST) - 0:00:39 - train - INFO -   has grad: True
2025-11-14 17:14:17 (IST) - 0:00:39 - train - INFO -   grad norm: 0.000000
2025-11-14 17:14:17 (IST) - 0:00:39 - train - INFO - transformer.layers.10.gating.target_generator.W_target.weight:
2025-11-14 17:14:17 (IST) - 0:00:39 - train - INFO -   requires_grad: True
2025-11-14 17:14:17 (IST) - 0:00:39 - train - INFO -   has grad: True
2025-11-14 17:14:17 (IST) - 0:00:39 - train - INFO -   grad norm: 0.000000
2025-11-14 17:14:17 (IST) - 0:00:39 - train - INFO - transformer.layers.20.gating.w_down:
2025-11-14 17:14:17 (IST) - 0:00:39 - train - INFO -   requires_grad: True
2025-11-14 17:14:17 (IST) - 0:00:39 - train - INFO -   has grad: True
2025-11-14 17:14:17 (IST) - 0:00:39 - train - INFO -   grad norm: 0.506613
2025-11-14 17:14:17 (IST) - 0:00:39 - train - INFO - transformer.layers.20.gating.target_generator.conv1d.conv.weight:
2025-11-14 17:14:17 (IST) - 0:00:39 - train - INFO -   requires_grad: True
2025-11-14 17:14:17 (IST) - 0:00:39 - train - INFO -   has grad: True
2025-11-14 17:14:17 (IST) - 0:00:39 - train - INFO -   grad norm: 0.000000
2025-11-14 17:14:17 (IST) - 0:00:39 - train - INFO - transformer.layers.20.gating.target_generator.W_target.weight:
2025-11-14 17:14:17 (IST) - 0:00:39 - train - INFO -   requires_grad: True
2025-11-14 17:14:17 (IST) - 0:00:39 - train - INFO -   has grad: True
2025-11-14 17:14:17 (IST) - 0:00:39 - train - INFO -   grad norm: 0.000000
2025-11-14 17:14:17 (IST) - 0:00:39 - train - INFO - transformer.layers.30.gating.w_down:
2025-11-14 17:14:17 (IST) - 0:00:39 - train - INFO -   requires_grad: True
2025-11-14 17:14:17 (IST) - 0:00:39 - train - INFO -   has grad: True
2025-11-14 17:14:17 (IST) - 0:00:39 - train - INFO -   grad norm: 0.760764
2025-11-14 17:14:17 (IST) - 0:00:39 - train - INFO - transformer.layers.30.gating.target_generator.conv1d.conv.weight:
2025-11-14 17:14:17 (IST) - 0:00:39 - train - INFO -   requires_grad: True
2025-11-14 17:14:17 (IST) - 0:00:39 - train - INFO -   has grad: True
2025-11-14 17:14:17 (IST) - 0:00:39 - train - INFO -   grad norm: 0.000000
2025-11-14 17:14:17 (IST) - 0:00:39 - train - INFO - transformer.layers.30.gating.target_generator.W_target.weight:
2025-11-14 17:14:17 (IST) - 0:00:39 - train - INFO -   requires_grad: True
2025-11-14 17:14:17 (IST) - 0:00:39 - train - INFO -   has grad: True
2025-11-14 17:14:17 (IST) - 0:00:39 - train - INFO -   grad norm: 0.000000
2025-11-14 17:14:17 (IST) - 0:00:39 - train - INFO - =========================

2025-11-14 17:14:17 (IST) - 0:00:39 - train - INFO - [TTT] Step 3: grad_norm=1.000e+00, param_norm=125.9592, delta_norm=3.553e-02, relative_change=0.0282% (9 params)
2025-11-14 17:14:17 (IST) - 0:00:39 - train - INFO - step: 000003 - done (%): 0.1 - loss: 3.342 - lr: 4.1e-06 - peak_alloc_mem (GB): 39.3 - alloc_mem (GB): 21.0 - words_per_second: 5147.0 - avg_words_per_second: 3960.6 - ETA: >2025-11-14 21:57:54
2025-11-14 17:14:17 (IST) - 0:00:40 - train - INFO - [DocStream] step=4 microbatch=0 samples=2 unique_docs=1 runs=4065.wav[segments=0-1]
2025-11-14 17:14:17 (IST) - 0:00:40 - train - INFO - [TTT RESET] Document switch detected: /sise/eliyanac-group/ron_al/talkbank_callhome_english/wav/0638.wav -> /sise/eliyanac-group/ron_al/talkbank_callhome_english/wav/4065.wav
2025-11-14 17:14:17 (IST) - 0:00:40 - moshi.modules.ttt_module - INFO - [TTT RESET][train] target_generator norm 0.980469, w_down norm 71.500000; both learn via backprop during training
2025-11-14 17:14:17 (IST) - 0:00:40 - moshi.modules.ttt_module - INFO - [TTT RESET][train] target_generator norm 0.982422, w_down norm 73.000000; both learn via backprop during training
2025-11-14 17:14:17 (IST) - 0:00:40 - moshi.modules.ttt_module - INFO - [TTT RESET][train] target_generator norm 0.980469, w_down norm 74.000000; both learn via backprop during training
2025-11-14 17:14:23 (IST) - 0:00:45 - train - INFO - 
=== TTT Parameter Debug ===
2025-11-14 17:14:23 (IST) - 0:00:45 - train - INFO - transformer.layers.10.gating.w_down:
2025-11-14 17:14:23 (IST) - 0:00:45 - train - INFO -   requires_grad: True
2025-11-14 17:14:23 (IST) - 0:00:45 - train - INFO -   has grad: True
2025-11-14 17:14:23 (IST) - 0:00:45 - train - INFO -   grad norm: 0.406580
2025-11-14 17:14:23 (IST) - 0:00:45 - train - INFO - transformer.layers.10.gating.target_generator.conv1d.conv.weight:
2025-11-14 17:14:23 (IST) - 0:00:45 - train - INFO -   requires_grad: True
2025-11-14 17:14:23 (IST) - 0:00:45 - train - INFO -   has grad: True
2025-11-14 17:14:23 (IST) - 0:00:45 - train - INFO -   grad norm: 0.000000
2025-11-14 17:14:23 (IST) - 0:00:45 - train - INFO - transformer.layers.10.gating.target_generator.W_target.weight:
2025-11-14 17:14:23 (IST) - 0:00:45 - train - INFO -   requires_grad: True
2025-11-14 17:14:23 (IST) - 0:00:45 - train - INFO -   has grad: True
2025-11-14 17:14:23 (IST) - 0:00:45 - train - INFO -   grad norm: 0.000000
2025-11-14 17:14:23 (IST) - 0:00:45 - train - INFO - transformer.layers.20.gating.w_down:
2025-11-14 17:14:23 (IST) - 0:00:45 - train - INFO -   requires_grad: True
2025-11-14 17:14:23 (IST) - 0:00:45 - train - INFO -   has grad: True
2025-11-14 17:14:23 (IST) - 0:00:45 - train - INFO -   grad norm: 0.474133
2025-11-14 17:14:23 (IST) - 0:00:45 - train - INFO - transformer.layers.20.gating.target_generator.conv1d.conv.weight:
2025-11-14 17:14:23 (IST) - 0:00:45 - train - INFO -   requires_grad: True
2025-11-14 17:14:23 (IST) - 0:00:45 - train - INFO -   has grad: True
2025-11-14 17:14:23 (IST) - 0:00:45 - train - INFO -   grad norm: 0.000000
2025-11-14 17:14:23 (IST) - 0:00:45 - train - INFO - transformer.layers.20.gating.target_generator.W_target.weight:
2025-11-14 17:14:23 (IST) - 0:00:45 - train - INFO -   requires_grad: True
2025-11-14 17:14:23 (IST) - 0:00:45 - train - INFO -   has grad: True
2025-11-14 17:14:23 (IST) - 0:00:45 - train - INFO -   grad norm: 0.000000
2025-11-14 17:14:23 (IST) - 0:00:45 - train - INFO - transformer.layers.30.gating.w_down:
2025-11-14 17:14:23 (IST) - 0:00:45 - train - INFO -   requires_grad: True
2025-11-14 17:14:23 (IST) - 0:00:45 - train - INFO -   has grad: True
2025-11-14 17:14:23 (IST) - 0:00:45 - train - INFO -   grad norm: 0.780954
2025-11-14 17:14:23 (IST) - 0:00:45 - train - INFO - transformer.layers.30.gating.target_generator.conv1d.conv.weight:
2025-11-14 17:14:23 (IST) - 0:00:45 - train - INFO -   requires_grad: True
2025-11-14 17:14:23 (IST) - 0:00:45 - train - INFO -   has grad: True
2025-11-14 17:14:23 (IST) - 0:00:45 - train - INFO -   grad norm: 0.000000
2025-11-14 17:14:23 (IST) - 0:00:45 - train - INFO - transformer.layers.30.gating.target_generator.W_target.weight:
2025-11-14 17:14:23 (IST) - 0:00:45 - train - INFO -   requires_grad: True
2025-11-14 17:14:23 (IST) - 0:00:45 - train - INFO -   has grad: True
2025-11-14 17:14:23 (IST) - 0:00:45 - train - INFO -   grad norm: 0.000000
2025-11-14 17:14:23 (IST) - 0:00:45 - train - INFO - =========================

2025-11-14 17:14:23 (IST) - 0:00:45 - train - INFO - [TTT] Step 4: grad_norm=1.000e+00, param_norm=125.9592, delta_norm=3.321e-02, relative_change=0.0264% (9 params)
2025-11-14 17:14:23 (IST) - 0:00:45 - train - INFO - step: 000004 - done (%): 0.2 - loss: 4.809 - lr: 4.2e-06 - peak_alloc_mem (GB): 39.3 - alloc_mem (GB): 21.0 - words_per_second: 5476.3 - avg_words_per_second: 4255.0 - ETA: >2025-11-14 21:38:15
2025-11-14 17:14:23 (IST) - 0:00:46 - train - INFO - [DocStream] step=5 microbatch=0 samples=2 unique_docs=1 runs=4065.wav[segments=2-3]
2025-11-14 17:14:29 (IST) - 0:00:52 - train - INFO - [TTT] Step 5: grad_norm=1.000e+00, param_norm=125.9592, delta_norm=3.228e-02, relative_change=0.0256% (9 params)
2025-11-14 17:14:29 (IST) - 0:00:52 - train - INFO - step: 000005 - done (%): 0.2 - loss: 4.887 - lr: 4.4e-06 - peak_alloc_mem (GB): 39.3 - alloc_mem (GB): 21.0 - words_per_second: 5470.5 - avg_words_per_second: 4452.9 - ETA: >2025-11-14 21:26:30
2025-11-14 17:14:29 (IST) - 0:00:52 - train - INFO - [DocStream] step=6 microbatch=0 samples=2 unique_docs=1 runs=4065.wav[segments=4-5]
2025-11-14 17:14:35 (IST) - 0:00:58 - train - INFO - [TTT] Step 6: grad_norm=1.000e+00, param_norm=125.9591, delta_norm=3.242e-02, relative_change=0.0257% (9 params)
2025-11-14 17:14:35 (IST) - 0:00:58 - train - INFO - step: 000006 - done (%): 0.3 - loss: 3.288 - lr: 4.6e-06 - peak_alloc_mem (GB): 39.3 - alloc_mem (GB): 21.0 - words_per_second: 5456.2 - avg_words_per_second: 4593.7 - ETA: >2025-11-14 21:18:45
2025-11-14 17:14:35 (IST) - 0:00:58 - train - INFO - [DocStream] step=7 microbatch=0 samples=2 unique_docs=1 runs=4065.wav[segments=6-7]
2025-11-14 17:14:41 (IST) - 0:01:04 - train - INFO - [TTT] Step 7: grad_norm=1.000e+00, param_norm=125.9591, delta_norm=3.160e-02, relative_change=0.0251% (9 params)
2025-11-14 17:14:41 (IST) - 0:01:04 - train - INFO - step: 000007 - done (%): 0.3 - loss: 2.585 - lr: 4.9e-06 - peak_alloc_mem (GB): 39.3 - alloc_mem (GB): 21.0 - words_per_second: 5451.2 - avg_words_per_second: 4699.3 - ETA: >2025-11-14 21:13:15
2025-11-14 17:14:42 (IST) - 0:01:04 - train - INFO - [DocStream] step=8 microbatch=0 samples=2 unique_docs=1 runs=4065.wav[segments=8-9]
2025-11-14 17:14:48 (IST) - 0:01:10 - train - INFO - [TTT] Step 8: grad_norm=1.000e+00, param_norm=125.9591, delta_norm=3.188e-02, relative_change=0.0253% (9 params)
2025-11-14 17:14:48 (IST) - 0:01:10 - train - INFO - step: 000008 - done (%): 0.4 - loss: 2.287 - lr: 5.2e-06 - peak_alloc_mem (GB): 39.3 - alloc_mem (GB): 21.0 - words_per_second: 5439.8 - avg_words_per_second: 4780.6 - ETA: >2025-11-14 21:09:10
2025-11-14 17:14:48 (IST) - 0:01:11 - train - INFO - [DocStream] step=9 microbatch=0 samples=2 unique_docs=1 runs=4065.wav[segments=10-11]
2025-11-14 17:14:54 (IST) - 0:01:16 - train - INFO - [TTT] Step 9: grad_norm=1.000e+00, param_norm=125.9591, delta_norm=3.218e-02, relative_change=0.0256% (9 params)
2025-11-14 17:14:54 (IST) - 0:01:16 - train - INFO - step: 000009 - done (%): 0.5 - loss: 2.286 - lr: 5.5e-06 - peak_alloc_mem (GB): 39.3 - alloc_mem (GB): 21.0 - words_per_second: 5416.6 - avg_words_per_second: 4843.8 - ETA: >2025-11-14 21:06:06
2025-11-14 17:14:54 (IST) - 0:01:17 - train - INFO - [DocStream] step=10 microbatch=0 samples=2 unique_docs=1 runs=4074.wav[segments=0-1]
2025-11-14 17:14:54 (IST) - 0:01:17 - train - INFO - [TTT RESET] Document switch detected: /sise/eliyanac-group/ron_al/talkbank_callhome_english/wav/4065.wav -> /sise/eliyanac-group/ron_al/talkbank_callhome_english/wav/4074.wav
2025-11-14 17:14:54 (IST) - 0:01:17 - moshi.modules.ttt_module - INFO - [TTT RESET][train] target_generator norm 0.980469, w_down norm 71.500000; both learn via backprop during training
2025-11-14 17:14:54 (IST) - 0:01:17 - moshi.modules.ttt_module - INFO - [TTT RESET][train] target_generator norm 0.982422, w_down norm 73.000000; both learn via backprop during training
2025-11-14 17:14:54 (IST) - 0:01:17 - moshi.modules.ttt_module - INFO - [TTT RESET][train] target_generator norm 0.980469, w_down norm 74.000000; both learn via backprop during training
2025-11-14 17:15:00 (IST) - 0:01:23 - train - INFO - [TTT] Step 10: grad_norm=1.000e+00, param_norm=125.9591, delta_norm=3.310e-02, relative_change=0.0263% (9 params)
2025-11-14 17:15:00 (IST) - 0:01:23 - train - INFO - step: 000010 - done (%): 0.5 - loss: 5.038 - lr: 5.9e-06 - peak_alloc_mem (GB): 39.3 - alloc_mem (GB): 21.0 - words_per_second: 5398.2 - avg_words_per_second: 4894.1 - ETA: >2025-11-14 21:03:43
2025-11-14 17:15:01 (IST) - 0:01:23 - train - INFO - [DocStream] step=11 microbatch=0 samples=2 unique_docs=1 runs=4074.wav[segments=2-3]
2025-11-14 17:15:07 (IST) - 0:01:29 - train - INFO - [TTT] Step 11: grad_norm=1.000e+00, param_norm=125.9591, delta_norm=3.394e-02, relative_change=0.0269% (9 params)
2025-11-14 17:15:07 (IST) - 0:01:29 - train - INFO - step: 000011 - done (%): 0.6 - loss: 4.505 - lr: 6.4e-06 - peak_alloc_mem (GB): 39.3 - alloc_mem (GB): 21.0 - words_per_second: 5394.0 - avg_words_per_second: 4935.7 - ETA: >2025-11-14 21:01:47
2025-11-14 17:15:07 (IST) - 0:01:30 - train - INFO - [DocStream] step=12 microbatch=0 samples=2 unique_docs=1 runs=4074.wav[segments=4-5]
2025-11-14 17:15:13 (IST) - 0:01:36 - train - INFO - [TTT] Step 12: grad_norm=1.000e+00, param_norm=125.9591, delta_norm=3.510e-02, relative_change=0.0279% (9 params)
2025-11-14 17:15:13 (IST) - 0:01:36 - train - INFO - step: 000012 - done (%): 0.6 - loss: 2.669 - lr: 6.9e-06 - peak_alloc_mem (GB): 39.3 - alloc_mem (GB): 21.0 - words_per_second: 5391.5 - avg_words_per_second: 4970.7 - ETA: >2025-11-14 21:00:11
2025-11-14 17:15:13 (IST) - 0:01:36 - train - INFO - [DocStream] step=13 microbatch=0 samples=2 unique_docs=1 runs=4074.wav[segments=6-7]
2025-11-14 17:15:19 (IST) - 0:01:42 - train - INFO - [TTT] Step 13: grad_norm=1.000e+00, param_norm=125.9591, delta_norm=3.584e-02, relative_change=0.0285% (9 params)
2025-11-14 17:15:19 (IST) - 0:01:42 - train - INFO - step: 000013 - done (%): 0.7 - loss: 3.056 - lr: 7.4e-06 - peak_alloc_mem (GB): 39.3 - alloc_mem (GB): 21.0 - words_per_second: 5384.9 - avg_words_per_second: 5000.3 - ETA: >2025-11-14 20:58:51
2025-11-14 17:15:19 (IST) - 0:01:42 - train - INFO - [DocStream] step=14 microbatch=0 samples=2 unique_docs=1 runs=4074.wav[segments=8-9]
2025-11-14 17:15:25 (IST) - 0:01:48 - train - INFO - [TTT] Step 14: grad_norm=1.000e+00, param_norm=125.9591, delta_norm=3.767e-02, relative_change=0.0299% (9 params)
2025-11-14 17:15:25 (IST) - 0:01:48 - train - INFO - step: 000014 - done (%): 0.7 - loss: 2.873 - lr: 8.0e-06 - peak_alloc_mem (GB): 39.3 - alloc_mem (GB): 21.0 - words_per_second: 5372.0 - avg_words_per_second: 5025.1 - ETA: >2025-11-14 20:57:44
2025-11-14 17:15:26 (IST) - 0:01:48 - train - INFO - [DocStream] step=15 microbatch=0 samples=2 unique_docs=1 runs=4074.wav[segments=10-11]
2025-11-14 17:15:32 (IST) - 0:01:54 - train - INFO - [TTT] Step 15: grad_norm=1.000e+00, param_norm=125.9591, delta_norm=4.057e-02, relative_change=0.0322% (9 params)
2025-11-14 17:15:32 (IST) - 0:01:54 - train - INFO - step: 000015 - done (%): 0.8 - loss: 2.740 - lr: 8.7e-06 - peak_alloc_mem (GB): 39.3 - alloc_mem (GB): 21.0 - words_per_second: 5360.4 - avg_words_per_second: 5046.2 - ETA: >2025-11-14 20:56:48
2025-11-14 17:15:32 (IST) - 0:01:55 - train - INFO - [DocStream] step=16 microbatch=0 samples=2 unique_docs=1 runs=4077.wav[segments=0-1]
2025-11-14 17:15:32 (IST) - 0:01:55 - train - INFO - [TTT RESET] Document switch detected: /sise/eliyanac-group/ron_al/talkbank_callhome_english/wav/4074.wav -> /sise/eliyanac-group/ron_al/talkbank_callhome_english/wav/4077.wav
2025-11-14 17:15:32 (IST) - 0:01:55 - moshi.modules.ttt_module - INFO - [TTT RESET][train] target_generator norm 0.980469, w_down norm 71.500000; both learn via backprop during training
2025-11-14 17:15:32 (IST) - 0:01:55 - moshi.modules.ttt_module - INFO - [TTT RESET][train] target_generator norm 0.982422, w_down norm 73.000000; both learn via backprop during training
2025-11-14 17:15:32 (IST) - 0:01:55 - moshi.modules.ttt_module - INFO - [TTT RESET][train] target_generator norm 0.980469, w_down norm 74.000000; both learn via backprop during training
2025-11-14 17:15:38 (IST) - 0:02:01 - train - INFO - [TTT] Step 16: grad_norm=1.000e+00, param_norm=125.9592, delta_norm=4.208e-02, relative_change=0.0334% (9 params)
2025-11-14 17:15:38 (IST) - 0:02:01 - train - INFO - step: 000016 - done (%): 0.8 - loss: 4.238 - lr: 9.3e-06 - peak_alloc_mem (GB): 39.3 - alloc_mem (GB): 21.0 - words_per_second: 5342.2 - avg_words_per_second: 5063.7 - ETA: >2025-11-14 20:56:01
2025-11-14 17:15:38 (IST) - 0:02:01 - train - INFO - [DocStream] step=17 microbatch=0 samples=2 unique_docs=1 runs=4077.wav[segments=2-3]
2025-11-14 17:15:44 (IST) - 0:02:07 - train - INFO - [TTT] Step 17: grad_norm=1.000e+00, param_norm=125.9592, delta_norm=4.259e-02, relative_change=0.0338% (9 params)
2025-11-14 17:15:44 (IST) - 0:02:07 - train - INFO - step: 000017 - done (%): 0.8 - loss: 3.716 - lr: 1.0e-05 - peak_alloc_mem (GB): 39.3 - alloc_mem (GB): 21.0 - words_per_second: 5272.6 - avg_words_per_second: 5075.5 - ETA: >2025-11-14 20:55:30
2025-11-14 17:15:45 (IST) - 0:02:07 - train - INFO - [DocStream] step=18 microbatch=0 samples=2 unique_docs=1 runs=4077.wav[segments=4-5]
2025-11-14 17:15:51 (IST) - 0:02:13 - train - INFO - [TTT] Step 18: grad_norm=1.000e+00, param_norm=125.9592, delta_norm=4.323e-02, relative_change=0.0343% (9 params)
2025-11-14 17:15:51 (IST) - 0:02:13 - train - INFO - step: 000018 - done (%): 0.9 - loss: 2.477 - lr: 1.1e-05 - peak_alloc_mem (GB): 39.3 - alloc_mem (GB): 21.0 - words_per_second: 5346.3 - avg_words_per_second: 5089.9 - ETA: >2025-11-14 20:54:53
2025-11-14 17:15:51 (IST) - 0:02:14 - train - INFO - [DocStream] step=19 microbatch=0 samples=2 unique_docs=1 runs=4077.wav[segments=6-7]
2025-11-14 17:15:57 (IST) - 0:02:20 - train - INFO - [TTT] Step 19: grad_norm=1.000e+00, param_norm=125.9592, delta_norm=4.479e-02, relative_change=0.0356% (9 params)
2025-11-14 17:15:57 (IST) - 0:02:20 - train - INFO - step: 000019 - done (%): 0.9 - loss: 3.770 - lr: 1.2e-05 - peak_alloc_mem (GB): 39.3 - alloc_mem (GB): 21.0 - words_per_second: 5328.1 - avg_words_per_second: 5101.9 - ETA: >2025-11-14 20:54:22
2025-11-14 17:15:57 (IST) - 0:02:20 - train - INFO - [DocStream] step=20 microbatch=0 samples=2 unique_docs=1 runs=4077.wav[segments=8-9]
2025-11-14 17:16:03 (IST) - 0:02:26 - train - INFO - [TTT] Step 20: grad_norm=1.000e+00, param_norm=125.9593, delta_norm=4.732e-02, relative_change=0.0376% (9 params)
2025-11-14 17:16:03 (IST) - 0:02:26 - train - INFO - step: 000020 - done (%): 1.0 - loss: 3.359 - lr: 1.2e-05 - peak_alloc_mem (GB): 39.3 - alloc_mem (GB): 21.0 - words_per_second: 5331.3 - avg_words_per_second: 5112.9 - ETA: >2025-11-14 20:53:53
2025-11-14 17:16:04 (IST) - 0:02:26 - train - INFO - [DocStream] step=21 microbatch=0 samples=2 unique_docs=1 runs=4077.wav[segments=10-11]
2025-11-14 17:16:10 (IST) - 0:02:32 - train - INFO - [TTT] Step 21: grad_norm=1.000e+00, param_norm=125.9593, delta_norm=5.017e-02, relative_change=0.0398% (9 params)
2025-11-14 17:16:10 (IST) - 0:02:32 - train - INFO - step: 000021 - done (%): 1.1 - loss: 1.916 - lr: 1.3e-05 - peak_alloc_mem (GB): 39.3 - alloc_mem (GB): 21.0 - words_per_second: 5345.5 - avg_words_per_second: 5123.5 - ETA: >2025-11-14 20:53:26
2025-11-14 17:16:10 (IST) - 0:02:33 - train - INFO - [DocStream] step=22 microbatch=0 samples=2 unique_docs=1 runs=4092.wav[segments=0-1]
2025-11-14 17:16:10 (IST) - 0:02:33 - train - INFO - [TTT RESET] Document switch detected: /sise/eliyanac-group/ron_al/talkbank_callhome_english/wav/4077.wav -> /sise/eliyanac-group/ron_al/talkbank_callhome_english/wav/4092.wav
2025-11-14 17:16:10 (IST) - 0:02:33 - moshi.modules.ttt_module - INFO - [TTT RESET][train] target_generator norm 0.980469, w_down norm 71.500000; both learn via backprop during training
2025-11-14 17:16:10 (IST) - 0:02:33 - moshi.modules.ttt_module - INFO - [TTT RESET][train] target_generator norm 0.982422, w_down norm 73.000000; both learn via backprop during training
2025-11-14 17:16:10 (IST) - 0:02:33 - moshi.modules.ttt_module - INFO - [TTT RESET][train] target_generator norm 0.980469, w_down norm 74.000000; both learn via backprop during training
2025-11-14 17:16:16 (IST) - 0:02:39 - train - INFO - [TTT] Step 22: grad_norm=1.000e+00, param_norm=125.9594, delta_norm=5.324e-02, relative_change=0.0423% (9 params)
2025-11-14 17:16:16 (IST) - 0:02:39 - train - INFO - step: 000022 - done (%): 1.1 - loss: 3.864 - lr: 1.4e-05 - peak_alloc_mem (GB): 39.3 - alloc_mem (GB): 21.0 - words_per_second: 5323.9 - avg_words_per_second: 5132.3 - ETA: >2025-11-14 20:53:03
2025-11-14 17:16:16 (IST) - 0:02:39 - train - INFO - [DocStream] step=23 microbatch=0 samples=2 unique_docs=1 runs=4092.wav[segments=2-3]
2025-11-14 17:16:22 (IST) - 0:02:45 - train - INFO - [TTT] Step 23: grad_norm=1.000e+00, param_norm=125.9594, delta_norm=5.357e-02, relative_change=0.0425% (9 params)
2025-11-14 17:16:22 (IST) - 0:02:45 - train - INFO - step: 000023 - done (%): 1.1 - loss: 3.617 - lr: 1.5e-05 - peak_alloc_mem (GB): 39.3 - alloc_mem (GB): 21.0 - words_per_second: 5326.3 - avg_words_per_second: 5140.4 - ETA: >2025-11-14 20:52:43
2025-11-14 17:16:23 (IST) - 0:02:45 - train - INFO - [DocStream] step=24 microbatch=0 samples=2 unique_docs=1 runs=4092.wav[segments=4-5]
2025-11-14 17:16:29 (IST) - 0:02:51 - train - INFO - [TTT] Step 24: grad_norm=1.000e+00, param_norm=125.9595, delta_norm=5.644e-02, relative_change=0.0448% (9 params)
2025-11-14 17:16:29 (IST) - 0:02:51 - train - INFO - step: 000024 - done (%): 1.2 - loss: 2.441 - lr: 1.6e-05 - peak_alloc_mem (GB): 39.3 - alloc_mem (GB): 21.0 - words_per_second: 5326.2 - avg_words_per_second: 5147.9 - ETA: >2025-11-14 20:52:24
2025-11-14 17:16:29 (IST) - 0:02:52 - train - INFO - [DocStream] step=25 microbatch=0 samples=2 unique_docs=1 runs=4092.wav[segments=6-7]
2025-11-14 17:16:35 (IST) - 0:02:58 - train - INFO - [TTT] Step 25: grad_norm=1.000e+00, param_norm=125.9596, delta_norm=5.939e-02, relative_change=0.0471% (9 params)
2025-11-14 17:16:35 (IST) - 0:02:58 - train - INFO - step: 000025 - done (%): 1.2 - loss: 2.450 - lr: 1.7e-05 - peak_alloc_mem (GB): 39.3 - alloc_mem (GB): 21.0 - words_per_second: 5328.6 - avg_words_per_second: 5154.9 - ETA: >2025-11-14 20:52:06
2025-11-14 17:16:35 (IST) - 0:02:58 - train - INFO - [DocStream] step=26 microbatch=0 samples=2 unique_docs=1 runs=4092.wav[segments=8-9]
2025-11-14 17:16:41 (IST) - 0:03:04 - train - INFO - [TTT] Step 26: grad_norm=8.321e-01, param_norm=125.9597, delta_norm=6.346e-02, relative_change=0.0504% (9 params)
2025-11-14 17:16:41 (IST) - 0:03:04 - train - INFO - step: 000026 - done (%): 1.3 - loss: 1.704 - lr: 1.8e-05 - peak_alloc_mem (GB): 39.3 - alloc_mem (GB): 21.0 - words_per_second: 5327.4 - avg_words_per_second: 5161.3 - ETA: >2025-11-14 20:51:49
2025-11-14 17:16:42 (IST) - 0:03:04 - train - INFO - [DocStream] step=27 microbatch=0 samples=2 unique_docs=1 runs=4092.wav[segments=10-11]
2025-11-14 17:16:48 (IST) - 0:03:10 - train - INFO - [TTT] Step 27: grad_norm=8.602e-01, param_norm=125.9598, delta_norm=6.599e-02, relative_change=0.0524% (9 params)
2025-11-14 17:16:48 (IST) - 0:03:10 - train - INFO - step: 000027 - done (%): 1.4 - loss: 2.323 - lr: 1.9e-05 - peak_alloc_mem (GB): 39.3 - alloc_mem (GB): 21.0 - words_per_second: 5326.1 - avg_words_per_second: 5167.2 - ETA: >2025-11-14 20:51:34
2025-11-14 17:16:48 (IST) - 0:03:11 - train - INFO - [DocStream] step=28 microbatch=0 samples=2 unique_docs=1 runs=4104.wav[segments=0-1]
2025-11-14 17:16:48 (IST) - 0:03:11 - train - INFO - [TTT RESET] Document switch detected: /sise/eliyanac-group/ron_al/talkbank_callhome_english/wav/4092.wav -> /sise/eliyanac-group/ron_al/talkbank_callhome_english/wav/4104.wav
2025-11-14 17:16:48 (IST) - 0:03:11 - moshi.modules.ttt_module - INFO - [TTT RESET][train] target_generator norm 0.980469, w_down norm 71.500000; both learn via backprop during training
2025-11-14 17:16:48 (IST) - 0:03:11 - moshi.modules.ttt_module - INFO - [TTT RESET][train] target_generator norm 0.982422, w_down norm 73.000000; both learn via backprop during training
2025-11-14 17:16:48 (IST) - 0:03:11 - moshi.modules.ttt_module - INFO - [TTT RESET][train] target_generator norm 0.980469, w_down norm 74.000000; both learn via backprop during training
2025-11-14 17:16:54 (IST) - 0:03:17 - train - INFO - [TTT] Step 28: grad_norm=1.000e+00, param_norm=125.9599, delta_norm=6.859e-02, relative_change=0.0545% (9 params)
2025-11-14 17:16:54 (IST) - 0:03:17 - train - INFO - step: 000028 - done (%): 1.4 - loss: 3.956 - lr: 2.1e-05 - peak_alloc_mem (GB): 39.3 - alloc_mem (GB): 21.0 - words_per_second: 5322.7 - avg_words_per_second: 5172.6 - ETA: >2025-11-14 20:51:21
2025-11-14 17:16:54 (IST) - 0:03:17 - train - INFO - [DocStream] step=29 microbatch=0 samples=2 unique_docs=1 runs=4104.wav[segments=2-3]
2025-11-14 17:17:00 (IST) - 0:03:23 - train - INFO - [TTT] Step 29: grad_norm=1.000e+00, param_norm=125.9601, delta_norm=7.071e-02, relative_change=0.0561% (9 params)
2025-11-14 17:17:00 (IST) - 0:03:23 - train - INFO - step: 000029 - done (%): 1.4 - loss: 3.752 - lr: 2.2e-05 - peak_alloc_mem (GB): 39.3 - alloc_mem (GB): 21.0 - words_per_second: 5319.7 - avg_words_per_second: 5177.6 - ETA: >2025-11-14 20:51:08
2025-11-14 17:17:01 (IST) - 0:03:23 - train - INFO - [DocStream] step=30 microbatch=0 samples=2 unique_docs=1 runs=4104.wav[segments=4-5]
2025-11-14 17:17:07 (IST) - 0:03:29 - train - INFO - [TTT] Step 30: grad_norm=1.000e+00, param_norm=125.9603, delta_norm=7.269e-02, relative_change=0.0577% (9 params)
2025-11-14 17:17:07 (IST) - 0:03:29 - train - INFO - step: 000030 - done (%): 1.5 - loss: 1.846 - lr: 2.3e-05 - peak_alloc_mem (GB): 39.3 - alloc_mem (GB): 21.0 - words_per_second: 5337.5 - avg_words_per_second: 5182.7 - ETA: >2025-11-14 20:50:55
2025-11-14 17:17:07 (IST) - 0:03:30 - train - INFO - [DocStream] step=31 microbatch=0 samples=2 unique_docs=1 runs=4104.wav[segments=6-7]
2025-11-14 17:17:13 (IST) - 0:03:36 - train - INFO - [TTT] Step 31: grad_norm=8.769e-01, param_norm=125.9605, delta_norm=7.605e-02, relative_change=0.0604% (9 params)
2025-11-14 17:17:13 (IST) - 0:03:36 - train - INFO - step: 000031 - done (%): 1.6 - loss: 2.134 - lr: 2.4e-05 - peak_alloc_mem (GB): 39.3 - alloc_mem (GB): 21.0 - words_per_second: 5324.9 - avg_words_per_second: 5187.2 - ETA: >2025-11-14 20:50:44
2025-11-14 17:17:13 (IST) - 0:03:36 - train - INFO - [DocStream] step=32 microbatch=0 samples=2 unique_docs=1 runs=4104.wav[segments=8-9]
2025-11-14 17:17:19 (IST) - 0:03:42 - train - INFO - [TTT] Step 32: grad_norm=1.000e+00, param_norm=125.9608, delta_norm=8.067e-02, relative_change=0.0640% (9 params)
2025-11-14 17:17:19 (IST) - 0:03:42 - train - INFO - step: 000032 - done (%): 1.6 - loss: 1.939 - lr: 2.5e-05 - peak_alloc_mem (GB): 39.3 - alloc_mem (GB): 21.0 - words_per_second: 5331.1 - avg_words_per_second: 5191.6 - ETA: >2025-11-14 20:50:33
2025-11-14 17:17:20 (IST) - 0:03:42 - train - INFO - [DocStream] step=33 microbatch=0 samples=2 unique_docs=1 runs=4104.wav[segments=10-11]
2025-11-14 17:17:26 (IST) - 0:03:48 - train - INFO - [TTT] Step 33: grad_norm=8.201e-01, param_norm=125.9610, delta_norm=8.743e-02, relative_change=0.0694% (9 params)
2025-11-14 17:17:26 (IST) - 0:03:48 - train - INFO - step: 000033 - done (%): 1.6 - loss: 1.776 - lr: 2.7e-05 - peak_alloc_mem (GB): 39.3 - alloc_mem (GB): 21.0 - words_per_second: 5326.6 - avg_words_per_second: 5195.6 - ETA: >2025-11-14 20:50:23
2025-11-14 17:17:26 (IST) - 0:03:49 - train - INFO - [DocStream] step=34 microbatch=0 samples=2 unique_docs=1 runs=4112.wav[segments=0-1]
2025-11-14 17:17:26 (IST) - 0:03:49 - train - INFO - [TTT RESET] Document switch detected: /sise/eliyanac-group/ron_al/talkbank_callhome_english/wav/4104.wav -> /sise/eliyanac-group/ron_al/talkbank_callhome_english/wav/4112.wav
2025-11-14 17:17:26 (IST) - 0:03:49 - moshi.modules.ttt_module - INFO - [TTT RESET][train] target_generator norm 0.980469, w_down norm 71.500000; both learn via backprop during training
2025-11-14 17:17:26 (IST) - 0:03:49 - moshi.modules.ttt_module - INFO - [TTT RESET][train] target_generator norm 0.982422, w_down norm 73.000000; both learn via backprop during training
2025-11-14 17:17:26 (IST) - 0:03:49 - moshi.modules.ttt_module - INFO - [TTT RESET][train] target_generator norm 0.980469, w_down norm 74.000000; both learn via backprop during training
2025-11-14 17:17:32 (IST) - 0:03:55 - train - INFO - [TTT] Step 34: grad_norm=1.000e+00, param_norm=125.9614, delta_norm=9.108e-02, relative_change=0.0723% (9 params)
2025-11-14 17:17:32 (IST) - 0:03:55 - train - INFO - step: 000034 - done (%): 1.7 - loss: 4.182 - lr: 2.8e-05 - peak_alloc_mem (GB): 39.3 - alloc_mem (GB): 21.0 - words_per_second: 5324.5 - avg_words_per_second: 5199.3 - ETA: >2025-11-14 20:50:14
2025-11-14 17:17:32 (IST) - 0:03:55 - train - INFO - [DocStream] step=35 microbatch=0 samples=2 unique_docs=1 runs=4112.wav[segments=2-3]
2025-11-14 17:17:38 (IST) - 0:04:01 - train - INFO - [TTT] Step 35: grad_norm=1.000e+00, param_norm=125.9618, delta_norm=9.309e-02, relative_change=0.0739% (9 params)
2025-11-14 17:17:38 (IST) - 0:04:01 - train - INFO - step: 000035 - done (%): 1.8 - loss: 3.215 - lr: 2.9e-05 - peak_alloc_mem (GB): 39.3 - alloc_mem (GB): 21.0 - words_per_second: 5327.2 - avg_words_per_second: 5202.9 - ETA: >2025-11-14 20:50:05
2025-11-14 17:17:39 (IST) - 0:04:01 - train - INFO - [DocStream] step=36 microbatch=0 samples=2 unique_docs=1 runs=4112.wav[segments=4-5]
2025-11-14 17:17:45 (IST) - 0:04:07 - train - INFO - [TTT] Step 36: grad_norm=1.000e+00, param_norm=125.9621, delta_norm=9.722e-02, relative_change=0.0772% (9 params)
2025-11-14 17:17:45 (IST) - 0:04:07 - train - INFO - step: 000036 - done (%): 1.8 - loss: 2.732 - lr: 3.1e-05 - peak_alloc_mem (GB): 39.3 - alloc_mem (GB): 21.0 - words_per_second: 5317.1 - avg_words_per_second: 5206.0 - ETA: >2025-11-14 20:49:57
2025-11-14 17:17:45 (IST) - 0:04:08 - train - INFO - [DocStream] step=37 microbatch=0 samples=2 unique_docs=1 runs=4112.wav[segments=6-7]
2025-11-14 17:17:51 (IST) - 0:04:14 - train - INFO - [TTT] Step 37: grad_norm=9.303e-01, param_norm=125.9626, delta_norm=1.025e-01, relative_change=0.0814% (9 params)
2025-11-14 17:17:51 (IST) - 0:04:14 - train - INFO - step: 000037 - done (%): 1.9 - loss: 2.470 - lr: 3.2e-05 - peak_alloc_mem (GB): 39.3 - alloc_mem (GB): 21.0 - words_per_second: 5336.2 - avg_words_per_second: 5209.4 - ETA: >2025-11-14 20:49:49
2025-11-14 17:17:51 (IST) - 0:04:14 - train - INFO - [DocStream] step=38 microbatch=0 samples=2 unique_docs=1 runs=4112.wav[segments=8-9]
2025-11-14 17:17:57 (IST) - 0:04:20 - train - INFO - [TTT] Step 38: grad_norm=1.000e+00, param_norm=125.9630, delta_norm=1.071e-01, relative_change=0.0850% (9 params)
2025-11-14 17:17:57 (IST) - 0:04:20 - train - INFO - step: 000038 - done (%): 1.9 - loss: 2.236 - lr: 3.3e-05 - peak_alloc_mem (GB): 39.3 - alloc_mem (GB): 21.0 - words_per_second: 5324.4 - avg_words_per_second: 5212.4 - ETA: >2025-11-14 20:49:41
2025-11-14 17:17:58 (IST) - 0:04:20 - train - INFO - [DocStream] step=39 microbatch=0 samples=2 unique_docs=1 runs=4112.wav[segments=10-11]
2025-11-14 17:18:04 (IST) - 0:04:26 - train - INFO - [TTT] Step 39: grad_norm=8.333e-01, param_norm=125.9635, delta_norm=1.132e-01, relative_change=0.0899% (9 params)
2025-11-14 17:18:04 (IST) - 0:04:26 - train - INFO - step: 000039 - done (%): 1.9 - loss: 1.862 - lr: 3.5e-05 - peak_alloc_mem (GB): 39.3 - alloc_mem (GB): 21.0 - words_per_second: 5326.9 - avg_words_per_second: 5215.2 - ETA: >2025-11-14 20:49:34
2025-11-14 17:18:04 (IST) - 0:04:27 - train - INFO - [DocStream] step=40 microbatch=0 samples=2 unique_docs=1 runs=4145.wav[segments=0-1]
2025-11-14 17:18:04 (IST) - 0:04:27 - train - INFO - [TTT RESET] Document switch detected: /sise/eliyanac-group/ron_al/talkbank_callhome_english/wav/4112.wav -> /sise/eliyanac-group/ron_al/talkbank_callhome_english/wav/4145.wav
2025-11-14 17:18:04 (IST) - 0:04:27 - moshi.modules.ttt_module - INFO - [TTT RESET][train] target_generator norm 0.980469, w_down norm 71.500000; both learn via backprop during training
2025-11-14 17:18:04 (IST) - 0:04:27 - moshi.modules.ttt_module - INFO - [TTT RESET][train] target_generator norm 0.982422, w_down norm 73.000000; both learn via backprop during training
2025-11-14 17:18:04 (IST) - 0:04:27 - moshi.modules.ttt_module - INFO - [TTT RESET][train] target_generator norm 0.980469, w_down norm 74.000000; both learn via backprop during training
2025-11-14 17:18:10 (IST) - 0:04:33 - train - INFO - [TTT] Step 40: grad_norm=1.000e+00, param_norm=125.9643, delta_norm=1.168e-01, relative_change=0.0927% (9 params)
2025-11-14 17:18:10 (IST) - 0:04:33 - train - INFO - step: 000040 - done (%): 2.0 - loss: 4.980 - lr: 3.6e-05 - peak_alloc_mem (GB): 39.3 - alloc_mem (GB): 21.0 - words_per_second: 5312.9 - avg_words_per_second: 5217.6 - ETA: >2025-11-14 20:49:28
2025-11-14 17:18:10 (IST) - 0:04:33 - train - INFO - [DocStream] step=41 microbatch=0 samples=2 unique_docs=1 runs=4145.wav[segments=2-3]
2025-11-14 17:18:16 (IST) - 0:04:39 - train - INFO - [TTT] Step 41: grad_norm=1.000e+00, param_norm=125.9650, delta_norm=1.150e-01, relative_change=0.0913% (9 params)
2025-11-14 17:18:16 (IST) - 0:04:39 - train - INFO - step: 000041 - done (%): 2.0 - loss: 3.347 - lr: 3.8e-05 - peak_alloc_mem (GB): 39.3 - alloc_mem (GB): 21.0 - words_per_second: 5314.0 - avg_words_per_second: 5219.9 - ETA: >2025-11-14 20:49:23
2025-11-14 17:18:17 (IST) - 0:04:40 - train - INFO - [DocStream] step=42 microbatch=0 samples=2 unique_docs=1 runs=4145.wav[segments=4-5]
2025-11-14 17:18:23 (IST) - 0:04:46 - train - INFO - [TTT] Step 42: grad_norm=1.000e+00, param_norm=125.9657, delta_norm=1.158e-01, relative_change=0.0920% (9 params)
2025-11-14 17:18:23 (IST) - 0:04:46 - train - INFO - step: 000042 - done (%): 2.1 - loss: 3.459 - lr: 3.9e-05 - peak_alloc_mem (GB): 39.3 - alloc_mem (GB): 21.0 - words_per_second: 5306.9 - avg_words_per_second: 5222.0 - ETA: >2025-11-14 20:49:18
2025-11-14 17:18:23 (IST) - 0:04:46 - train - INFO - [DocStream] step=43 microbatch=0 samples=2 unique_docs=1 runs=4145.wav[segments=6-7]
2025-11-14 17:18:29 (IST) - 0:04:52 - train - INFO - [TTT] Step 43: grad_norm=1.000e+00, param_norm=125.9665, delta_norm=1.159e-01, relative_change=0.0920% (9 params)
2025-11-14 17:18:29 (IST) - 0:04:52 - train - INFO - step: 000043 - done (%): 2.1 - loss: 1.701 - lr: 4.1e-05 - peak_alloc_mem (GB): 39.3 - alloc_mem (GB): 21.0 - words_per_second: 5306.0 - avg_words_per_second: 5223.9 - ETA: >2025-11-14 20:49:13
2025-11-14 17:18:30 (IST) - 0:04:52 - train - INFO - [DocStream] step=44 microbatch=0 samples=2 unique_docs=1 runs=4145.wav[segments=8-9]
2025-11-14 17:18:36 (IST) - 0:04:58 - train - INFO - [TTT] Step 44: grad_norm=1.000e+00, param_norm=125.9673, delta_norm=1.211e-01, relative_change=0.0962% (9 params)
2025-11-14 17:18:36 (IST) - 0:04:58 - train - INFO - step: 000044 - done (%): 2.2 - loss: 2.410 - lr: 4.2e-05 - peak_alloc_mem (GB): 39.3 - alloc_mem (GB): 21.0 - words_per_second: 5309.3 - avg_words_per_second: 5225.8 - ETA: >2025-11-14 20:49:08
2025-11-14 17:18:36 (IST) - 0:04:59 - train - INFO - [DocStream] step=45 microbatch=0 samples=2 unique_docs=1 runs=4145.wav[segments=10-11]
2025-11-14 17:18:42 (IST) - 0:05:05 - train - INFO - [TTT] Step 45: grad_norm=8.258e-01, param_norm=125.9681, delta_norm=1.291e-01, relative_change=0.1025% (9 params)
2025-11-14 17:18:42 (IST) - 0:05:05 - train - INFO - step: 000045 - done (%): 2.2 - loss: 2.057 - lr: 4.4e-05 - peak_alloc_mem (GB): 39.3 - alloc_mem (GB): 21.0 - words_per_second: 5319.8 - avg_words_per_second: 5227.9 - ETA: >2025-11-14 20:49:03
2025-11-14 17:18:42 (IST) - 0:05:05 - train - INFO - [DocStream] step=46 microbatch=0 samples=2 unique_docs=1 runs=4156.wav[segments=0-1]
2025-11-14 17:18:42 (IST) - 0:05:05 - train - INFO - [TTT RESET] Document switch detected: /sise/eliyanac-group/ron_al/talkbank_callhome_english/wav/4145.wav -> /sise/eliyanac-group/ron_al/talkbank_callhome_english/wav/4156.wav
2025-11-14 17:18:42 (IST) - 0:05:05 - moshi.modules.ttt_module - INFO - [TTT RESET][train] target_generator norm 0.980469, w_down norm 71.500000; both learn via backprop during training
2025-11-14 17:18:42 (IST) - 0:05:05 - moshi.modules.ttt_module - INFO - [TTT RESET][train] target_generator norm 0.982422, w_down norm 73.000000; both learn via backprop during training
2025-11-14 17:18:42 (IST) - 0:05:05 - moshi.modules.ttt_module - INFO - [TTT RESET][train] target_generator norm 0.980469, w_down norm 74.000000; both learn via backprop during training
2025-11-14 17:18:48 (IST) - 0:05:11 - train - INFO - [TTT] Step 46: grad_norm=1.000e+00, param_norm=125.9691, delta_norm=1.349e-01, relative_change=0.1071% (9 params)
2025-11-14 17:18:48 (IST) - 0:05:11 - train - INFO - step: 000046 - done (%): 2.3 - loss: 4.403 - lr: 4.5e-05 - peak_alloc_mem (GB): 39.3 - alloc_mem (GB): 21.0 - words_per_second: 5256.1 - avg_words_per_second: 5228.5 - ETA: >2025-11-14 20:49:01
2025-11-14 17:18:49 (IST) - 0:05:11 - train - INFO - [DocStream] step=47 microbatch=0 samples=2 unique_docs=1 runs=4156.wav[segments=2-3]
2025-11-14 17:18:55 (IST) - 0:05:17 - train - INFO - [TTT] Step 47: grad_norm=1.000e+00, param_norm=125.9702, delta_norm=1.343e-01, relative_change=0.1066% (9 params)
2025-11-14 17:18:55 (IST) - 0:05:17 - train - INFO - step: 000047 - done (%): 2.4 - loss: 4.224 - lr: 4.7e-05 - peak_alloc_mem (GB): 39.3 - alloc_mem (GB): 21.0 - words_per_second: 5308.9 - avg_words_per_second: 5230.2 - ETA: >2025-11-14 20:48:57
2025-11-14 17:18:55 (IST) - 0:05:18 - train - INFO - [DocStream] step=48 microbatch=0 samples=2 unique_docs=1 runs=4156.wav[segments=4-5]
2025-11-14 17:19:01 (IST) - 0:05:24 - train - INFO - [TTT] Step 48: grad_norm=1.000e+00, param_norm=125.9712, delta_norm=1.397e-01, relative_change=0.1109% (9 params)
2025-11-14 17:19:01 (IST) - 0:05:24 - train - INFO - step: 000048 - done (%): 2.4 - loss: 4.525 - lr: 4.8e-05 - peak_alloc_mem (GB): 39.3 - alloc_mem (GB): 21.0 - words_per_second: 5309.6 - avg_words_per_second: 5231.8 - ETA: >2025-11-14 20:48:53
2025-11-14 17:19:01 (IST) - 0:05:24 - train - INFO - [DocStream] step=49 microbatch=0 samples=2 unique_docs=1 runs=4156.wav[segments=6-7]
2025-11-14 17:19:07 (IST) - 0:05:30 - train - INFO - [TTT] Step 49: grad_norm=1.000e+00, param_norm=125.9722, delta_norm=1.514e-01, relative_change=0.1202% (9 params)
2025-11-14 17:19:07 (IST) - 0:05:30 - train - INFO - step: 000049 - done (%): 2.5 - loss: 4.641 - lr: 5.0e-05 - peak_alloc_mem (GB): 39.3 - alloc_mem (GB): 21.0 - words_per_second: 5310.2 - avg_words_per_second: 5233.4 - ETA: >2025-11-14 20:48:49
2025-11-14 17:19:08 (IST) - 0:05:30 - train - INFO - [DocStream] step=50 microbatch=0 samples=2 unique_docs=1 runs=4156.wav[segments=8-9]
2025-11-14 17:19:14 (IST) - 0:05:36 - train - INFO - [TTT] Step 50: grad_norm=1.000e+00, param_norm=125.9733, delta_norm=1.563e-01, relative_change=0.1241% (9 params)
2025-11-14 17:19:14 (IST) - 0:05:36 - train - INFO - step: 000050 - done (%): 2.5 - loss: 4.065 - lr: 5.1e-05 - peak_alloc_mem (GB): 39.3 - alloc_mem (GB): 21.0 - words_per_second: 5317.9 - avg_words_per_second: 5235.0 - ETA: >2025-11-14 20:48:45
2025-11-14 17:19:14 (IST) - 0:05:37 - train - INFO - [DocStream] step=51 microbatch=0 samples=2 unique_docs=1 runs=4157.wav[segments=0-1]
2025-11-14 17:19:14 (IST) - 0:05:37 - train - INFO - [TTT RESET] Document switch detected: /sise/eliyanac-group/ron_al/talkbank_callhome_english/wav/4156.wav -> /sise/eliyanac-group/ron_al/talkbank_callhome_english/wav/4157.wav
2025-11-14 17:19:14 (IST) - 0:05:37 - moshi.modules.ttt_module - INFO - [TTT RESET][train] target_generator norm 0.980469, w_down norm 71.500000; both learn via backprop during training
2025-11-14 17:19:14 (IST) - 0:05:37 - moshi.modules.ttt_module - INFO - [TTT RESET][train] target_generator norm 0.982422, w_down norm 73.000000; both learn via backprop during training
2025-11-14 17:19:14 (IST) - 0:05:37 - moshi.modules.ttt_module - INFO - [TTT RESET][train] target_generator norm 0.980469, w_down norm 74.000000; both learn via backprop during training
2025-11-14 17:19:20 (IST) - 0:05:43 - train - INFO - [TTT] Step 51: grad_norm=1.000e+00, param_norm=125.9748, delta_norm=1.571e-01, relative_change=0.1247% (9 params)
2025-11-14 17:19:20 (IST) - 0:05:43 - train - INFO - step: 000051 - done (%): 2.5 - loss: 4.901 - lr: 5.3e-05 - peak_alloc_mem (GB): 39.3 - alloc_mem (GB): 21.0 - words_per_second: 5307.9 - avg_words_per_second: 5236.4 - ETA: >2025-11-14 20:48:42
2025-11-14 17:19:20 (IST) - 0:05:43 - train - INFO - [DocStream] step=52 microbatch=0 samples=2 unique_docs=1 runs=4157.wav[segments=2-3]
2025-11-14 17:19:26 (IST) - 0:05:49 - train - INFO - [TTT] Step 52: grad_norm=1.000e+00, param_norm=125.9762, delta_norm=1.561e-01, relative_change=0.1239% (9 params)
2025-11-14 17:19:26 (IST) - 0:05:49 - train - INFO - step: 000052 - done (%): 2.6 - loss: 3.884 - lr: 5.4e-05 - peak_alloc_mem (GB): 39.3 - alloc_mem (GB): 21.0 - words_per_second: 5309.2 - avg_words_per_second: 5237.8 - ETA: >2025-11-14 20:48:38
2025-11-14 17:19:27 (IST) - 0:05:49 - train - INFO - [DocStream] step=53 microbatch=0 samples=2 unique_docs=1 runs=4157.wav[segments=4-5]
2025-11-14 17:19:33 (IST) - 0:05:55 - train - INFO - [TTT] Step 53: grad_norm=1.000e+00, param_norm=125.9776, delta_norm=1.581e-01, relative_change=0.1255% (9 params)
2025-11-14 17:19:33 (IST) - 0:05:55 - train - INFO - step: 000053 - done (%): 2.6 - loss: 3.667 - lr: 5.6e-05 - peak_alloc_mem (GB): 39.3 - alloc_mem (GB): 21.0 - words_per_second: 5425.6 - avg_words_per_second: 5241.2 - ETA: >2025-11-14 20:48:30
2025-11-14 17:19:33 (IST) - 0:05:56 - train - INFO - [DocStream] step=54 microbatch=0 samples=2 unique_docs=1 runs=4170.wav[segments=0-1]
2025-11-14 17:19:33 (IST) - 0:05:56 - train - INFO - [TTT RESET] Document switch detected: /sise/eliyanac-group/ron_al/talkbank_callhome_english/wav/4157.wav -> /sise/eliyanac-group/ron_al/talkbank_callhome_english/wav/4170.wav
2025-11-14 17:19:33 (IST) - 0:05:56 - moshi.modules.ttt_module - INFO - [TTT RESET][train] target_generator norm 0.980469, w_down norm 71.500000; both learn via backprop during training
2025-11-14 17:19:33 (IST) - 0:05:56 - moshi.modules.ttt_module - INFO - [TTT RESET][train] target_generator norm 0.982422, w_down norm 73.000000; both learn via backprop during training
2025-11-14 17:19:33 (IST) - 0:05:56 - moshi.modules.ttt_module - INFO - [TTT RESET][train] target_generator norm 0.980469, w_down norm 74.000000; both learn via backprop during training
2025-11-14 17:19:39 (IST) - 0:06:02 - train - INFO - [TTT] Step 54: grad_norm=1.000e+00, param_norm=125.9794, delta_norm=1.707e-01, relative_change=0.1355% (9 params)
2025-11-14 17:19:39 (IST) - 0:06:02 - train - INFO - step: 000054 - done (%): 2.7 - loss: 4.467 - lr: 5.7e-05 - peak_alloc_mem (GB): 39.3 - alloc_mem (GB): 21.0 - words_per_second: 5307.9 - avg_words_per_second: 5242.5 - ETA: >2025-11-14 20:48:27
2025-11-14 17:19:39 (IST) - 0:06:02 - train - INFO - [DocStream] step=55 microbatch=0 samples=2 unique_docs=1 runs=4170.wav[segments=2-3]
2025-11-14 17:19:45 (IST) - 0:06:08 - train - INFO - [TTT] Step 55: grad_norm=1.000e+00, param_norm=125.9812, delta_norm=1.707e-01, relative_change=0.1355% (9 params)
2025-11-14 17:19:45 (IST) - 0:06:08 - train - INFO - step: 000055 - done (%): 2.8 - loss: 4.344 - lr: 5.9e-05 - peak_alloc_mem (GB): 39.3 - alloc_mem (GB): 21.0 - words_per_second: 5311.7 - avg_words_per_second: 5243.7 - ETA: >2025-11-14 20:48:24
2025-11-14 17:19:46 (IST) - 0:06:09 - train - INFO - [DocStream] step=56 microbatch=0 samples=2 unique_docs=1 runs=4170.wav[segments=4-5]
2025-11-14 17:19:52 (IST) - 0:06:15 - train - INFO - [TTT] Step 56: grad_norm=1.000e+00, param_norm=125.9829, delta_norm=1.815e-01, relative_change=0.1440% (9 params)
2025-11-14 17:19:52 (IST) - 0:06:15 - train - INFO - step: 000056 - done (%): 2.8 - loss: 4.909 - lr: 6.0e-05 - peak_alloc_mem (GB): 39.3 - alloc_mem (GB): 21.0 - words_per_second: 5275.4 - avg_words_per_second: 5244.3 - ETA: >2025-11-14 20:48:23
2025-11-14 17:19:52 (IST) - 0:06:15 - train - INFO - [DocStream] step=57 microbatch=0 samples=2 unique_docs=1 runs=4170.wav[segments=6-7]
2025-11-14 17:19:58 (IST) - 0:06:21 - train - INFO - [TTT] Step 57: grad_norm=1.000e+00, param_norm=125.9846, delta_norm=1.976e-01, relative_change=0.1569% (9 params)
2025-11-14 17:19:58 (IST) - 0:06:21 - train - INFO - step: 000057 - done (%): 2.9 - loss: 4.505 - lr: 6.2e-05 - peak_alloc_mem (GB): 39.3 - alloc_mem (GB): 21.0 - words_per_second: 5305.2 - avg_words_per_second: 5245.3 - ETA: >2025-11-14 20:48:20
2025-11-14 17:19:59 (IST) - 0:06:21 - train - INFO - [DocStream] step=58 microbatch=0 samples=2 unique_docs=1 runs=4170.wav[segments=8-9]
2025-11-14 17:20:05 (IST) - 0:06:27 - train - INFO - [TTT] Step 58: grad_norm=1.000e+00, param_norm=125.9864, delta_norm=2.125e-01, relative_change=0.1687% (9 params)
2025-11-14 17:20:05 (IST) - 0:06:27 - train - INFO - step: 000058 - done (%): 2.9 - loss: 4.187 - lr: 6.3e-05 - peak_alloc_mem (GB): 39.3 - alloc_mem (GB): 21.0 - words_per_second: 5314.8 - avg_words_per_second: 5246.5 - ETA: >2025-11-14 20:48:17
2025-11-14 17:20:05 (IST) - 0:06:28 - train - INFO - [DocStream] step=59 microbatch=0 samples=2 unique_docs=1 runs=4170.wav[segments=10-11]
2025-11-14 17:20:11 (IST) - 0:06:34 - train - INFO - [TTT] Step 59: grad_norm=1.000e+00, param_norm=125.9881, delta_norm=2.138e-01, relative_change=0.1697% (9 params)
2025-11-14 17:20:11 (IST) - 0:06:34 - train - INFO - step: 000059 - done (%): 3.0 - loss: 4.291 - lr: 6.5e-05 - peak_alloc_mem (GB): 39.3 - alloc_mem (GB): 21.0 - words_per_second: 5314.7 - avg_words_per_second: 5247.7 - ETA: >2025-11-14 20:48:14
2025-11-14 17:20:11 (IST) - 0:06:34 - train - INFO - [DocStream] step=60 microbatch=0 samples=2 unique_docs=1 runs=4183.wav[segments=0-1]
2025-11-14 17:20:11 (IST) - 0:06:34 - train - INFO - [TTT RESET] Document switch detected: /sise/eliyanac-group/ron_al/talkbank_callhome_english/wav/4170.wav -> /sise/eliyanac-group/ron_al/talkbank_callhome_english/wav/4183.wav
2025-11-14 17:20:11 (IST) - 0:06:34 - moshi.modules.ttt_module - INFO - [TTT RESET][train] target_generator norm 0.980469, w_down norm 71.500000; both learn via backprop during training
2025-11-14 17:20:11 (IST) - 0:06:34 - moshi.modules.ttt_module - INFO - [TTT RESET][train] target_generator norm 0.980469, w_down norm 73.000000; both learn via backprop during training
2025-11-14 17:20:11 (IST) - 0:06:34 - moshi.modules.ttt_module - INFO - [TTT RESET][train] target_generator norm 0.980469, w_down norm 74.000000; both learn via backprop during training
2025-11-14 17:20:17 (IST) - 0:06:40 - train - INFO - [TTT] Step 60: grad_norm=1.000e+00, param_norm=125.9904, delta_norm=2.137e-01, relative_change=0.1696% (9 params)
2025-11-14 17:20:17 (IST) - 0:06:40 - train - INFO - step: 000060 - done (%): 3.0 - loss: 4.428 - lr: 6.6e-05 - peak_alloc_mem (GB): 39.3 - alloc_mem (GB): 21.0 - words_per_second: 5304.1 - avg_words_per_second: 5248.6 - ETA: >2025-11-14 20:48:12
2025-11-14 17:20:18 (IST) - 0:06:40 - train - INFO - [DocStream] step=61 microbatch=0 samples=2 unique_docs=1 runs=4183.wav[segments=2-3]
2025-11-14 17:20:24 (IST) - 0:06:46 - train - INFO - [TTT] Step 61: grad_norm=1.000e+00, param_norm=125.9926, delta_norm=2.003e-01, relative_change=0.1590% (9 params)
2025-11-14 17:20:24 (IST) - 0:06:46 - train - INFO - step: 000061 - done (%): 3.0 - loss: 3.722 - lr: 6.8e-05 - peak_alloc_mem (GB): 39.3 - alloc_mem (GB): 21.0 - words_per_second: 5312.1 - avg_words_per_second: 5249.6 - ETA: >2025-11-14 20:48:10
2025-11-14 17:20:24 (IST) - 0:06:47 - train - INFO - [DocStream] step=62 microbatch=0 samples=2 unique_docs=1 runs=4183.wav[segments=4-5]
2025-11-14 17:20:30 (IST) - 0:06:53 - train - INFO - [TTT] Step 62: grad_norm=1.000e+00, param_norm=125.9948, delta_norm=2.055e-01, relative_change=0.1631% (9 params)
2025-11-14 17:20:30 (IST) - 0:06:53 - train - INFO - step: 000062 - done (%): 3.1 - loss: 3.609 - lr: 6.9e-05 - peak_alloc_mem (GB): 39.3 - alloc_mem (GB): 21.0 - words_per_second: 5308.3 - avg_words_per_second: 5250.5 - ETA: >2025-11-14 20:48:07
2025-11-14 17:20:30 (IST) - 0:06:53 - train - INFO - [DocStream] step=63 microbatch=0 samples=2 unique_docs=1 runs=4183.wav[segments=6-7]
2025-11-14 17:20:36 (IST) - 0:06:59 - train - INFO - [TTT] Step 63: grad_norm=1.000e+00, param_norm=125.9969, delta_norm=2.196e-01, relative_change=0.1743% (9 params)
2025-11-14 17:20:36 (IST) - 0:06:59 - train - INFO - step: 000063 - done (%): 3.1 - loss: 3.637 - lr: 7.1e-05 - peak_alloc_mem (GB): 39.3 - alloc_mem (GB): 21.0 - words_per_second: 5300.5 - avg_words_per_second: 5251.3 - ETA: >2025-11-14 20:48:05
2025-11-14 17:20:37 (IST) - 0:06:59 - train - INFO - [DocStream] step=64 microbatch=0 samples=2 unique_docs=1 runs=4183.wav[segments=8-9]
2025-11-14 17:20:43 (IST) - 0:07:05 - train - INFO - [TTT] Step 64: grad_norm=1.000e+00, param_norm=125.9991, delta_norm=2.415e-01, relative_change=0.1917% (9 params)
2025-11-14 17:20:43 (IST) - 0:07:05 - train - INFO - step: 000064 - done (%): 3.2 - loss: 3.403 - lr: 7.2e-05 - peak_alloc_mem (GB): 39.3 - alloc_mem (GB): 21.0 - words_per_second: 5285.4 - avg_words_per_second: 5251.9 - ETA: >2025-11-14 20:48:04
2025-11-14 17:20:43 (IST) - 0:07:06 - train - INFO - [DocStream] step=65 microbatch=0 samples=2 unique_docs=1 runs=4183.wav[segments=10-11]
2025-11-14 17:20:49 (IST) - 0:07:12 - train - INFO - [TTT] Step 65: grad_norm=1.000e+00, param_norm=126.0013, delta_norm=2.457e-01, relative_change=0.1950% (9 params)
2025-11-14 17:20:49 (IST) - 0:07:12 - train - INFO - step: 000065 - done (%): 3.2 - loss: 3.665 - lr: 7.3e-05 - peak_alloc_mem (GB): 39.3 - alloc_mem (GB): 21.0 - words_per_second: 5313.6 - avg_words_per_second: 5252.8 - ETA: >2025-11-14 20:48:02
2025-11-14 17:20:49 (IST) - 0:07:12 - train - INFO - [DocStream] step=66 microbatch=0 samples=2 unique_docs=1 runs=4184.wav[segments=0-1]
2025-11-14 17:20:49 (IST) - 0:07:12 - train - INFO - [TTT RESET] Document switch detected: /sise/eliyanac-group/ron_al/talkbank_callhome_english/wav/4183.wav -> /sise/eliyanac-group/ron_al/talkbank_callhome_english/wav/4184.wav
2025-11-14 17:20:49 (IST) - 0:07:12 - moshi.modules.ttt_module - INFO - [TTT RESET][train] target_generator norm 0.980469, w_down norm 71.500000; both learn via backprop during training
2025-11-14 17:20:49 (IST) - 0:07:12 - moshi.modules.ttt_module - INFO - [TTT RESET][train] target_generator norm 0.980469, w_down norm 73.000000; both learn via backprop during training
2025-11-14 17:20:49 (IST) - 0:07:12 - moshi.modules.ttt_module - INFO - [TTT RESET][train] target_generator norm 0.980469, w_down norm 74.000000; both learn via backprop during training
2025-11-14 17:20:55 (IST) - 0:07:18 - train - INFO - [TTT] Step 66: grad_norm=1.000e+00, param_norm=126.0047, delta_norm=2.426e-01, relative_change=0.1926% (9 params)
2025-11-14 17:20:55 (IST) - 0:07:18 - train - INFO - step: 000066 - done (%): 3.3 - loss: 4.736 - lr: 7.5e-05 - peak_alloc_mem (GB): 39.3 - alloc_mem (GB): 21.0 - words_per_second: 5299.0 - avg_words_per_second: 5253.5 - ETA: >2025-11-14 20:48:00
2025-11-14 17:20:56 (IST) - 0:07:18 - train - INFO - [DocStream] step=67 microbatch=0 samples=2 unique_docs=1 runs=4184.wav[segments=2-3]
2025-11-14 17:21:02 (IST) - 0:07:25 - train - INFO - [TTT] Step 67: grad_norm=1.000e+00, param_norm=126.0078, delta_norm=2.428e-01, relative_change=0.1927% (9 params)
2025-11-14 17:21:02 (IST) - 0:07:25 - train - INFO - step: 000067 - done (%): 3.4 - loss: 4.216 - lr: 7.6e-05 - peak_alloc_mem (GB): 39.3 - alloc_mem (GB): 21.0 - words_per_second: 5307.7 - avg_words_per_second: 5254.3 - ETA: >2025-11-14 20:47:58
2025-11-14 17:21:02 (IST) - 0:07:25 - train - INFO - [DocStream] step=68 microbatch=0 samples=2 unique_docs=1 runs=4184.wav[segments=4-5]
2025-11-14 17:21:08 (IST) - 0:07:31 - train - INFO - [TTT] Step 68: grad_norm=1.000e+00, param_norm=126.0109, delta_norm=2.546e-01, relative_change=0.2021% (9 params)
2025-11-14 17:21:08 (IST) - 0:07:31 - train - INFO - step: 000068 - done (%): 3.4 - loss: 2.903 - lr: 7.7e-05 - peak_alloc_mem (GB): 39.3 - alloc_mem (GB): 21.0 - words_per_second: 5312.5 - avg_words_per_second: 5255.1 - ETA: >2025-11-14 20:47:56
2025-11-14 17:21:09 (IST) - 0:07:31 - train - INFO - [DocStream] step=69 microbatch=0 samples=2 unique_docs=1 runs=4184.wav[segments=6-7]
2025-11-14 17:21:15 (IST) - 0:07:37 - train - INFO - [TTT] Step 69: grad_norm=9.662e-01, param_norm=126.0139, delta_norm=2.750e-01, relative_change=0.2182% (9 params)
2025-11-14 17:21:15 (IST) - 0:07:37 - train - INFO - step: 000069 - done (%): 3.5 - loss: 2.624 - lr: 7.9e-05 - peak_alloc_mem (GB): 39.3 - alloc_mem (GB): 21.0 - words_per_second: 5308.0 - avg_words_per_second: 5255.9 - ETA: >2025-11-14 20:47:54
2025-11-14 17:21:15 (IST) - 0:07:38 - train - INFO - [DocStream] step=70 microbatch=0 samples=2 unique_docs=1 runs=4184.wav[segments=8-9]
2025-11-14 17:21:21 (IST) - 0:07:44 - train - INFO - [TTT] Step 70: grad_norm=1.000e+00, param_norm=126.0168, delta_norm=2.491e-01, relative_change=0.1977% (9 params)
2025-11-14 17:21:21 (IST) - 0:07:44 - train - INFO - step: 000070 - done (%): 3.5 - loss: 2.719 - lr: 8.0e-05 - peak_alloc_mem (GB): 39.3 - alloc_mem (GB): 21.0 - words_per_second: 5309.8 - avg_words_per_second: 5256.7 - ETA: >2025-11-14 20:47:52
2025-11-14 17:21:21 (IST) - 0:07:44 - train - INFO - [DocStream] step=71 microbatch=0 samples=2 unique_docs=1 runs=4184.wav[segments=10-11]
2025-11-14 17:21:27 (IST) - 0:07:50 - train - INFO - [TTT] Step 71: grad_norm=1.000e+00, param_norm=126.0196, delta_norm=2.319e-01, relative_change=0.1840% (9 params)
2025-11-14 17:21:27 (IST) - 0:07:50 - train - INFO - step: 000071 - done (%): 3.5 - loss: 2.016 - lr: 8.1e-05 - peak_alloc_mem (GB): 39.3 - alloc_mem (GB): 21.0 - words_per_second: 5316.3 - avg_words_per_second: 5257.5 - ETA: >2025-11-14 20:47:50
2025-11-14 17:21:28 (IST) - 0:07:50 - train - INFO - [DocStream] step=72 microbatch=0 samples=2 unique_docs=1 runs=4234.wav[segments=0-1]
2025-11-14 17:21:28 (IST) - 0:07:50 - train - INFO - [TTT RESET] Document switch detected: /sise/eliyanac-group/ron_al/talkbank_callhome_english/wav/4184.wav -> /sise/eliyanac-group/ron_al/talkbank_callhome_english/wav/4234.wav
2025-11-14 17:21:28 (IST) - 0:07:50 - moshi.modules.ttt_module - INFO - [TTT RESET][train] target_generator norm 0.980469, w_down norm 71.500000; both learn via backprop during training
2025-11-14 17:21:28 (IST) - 0:07:50 - moshi.modules.ttt_module - INFO - [TTT RESET][train] target_generator norm 0.980469, w_down norm 73.000000; both learn via backprop during training
2025-11-14 17:21:28 (IST) - 0:07:50 - moshi.modules.ttt_module - INFO - [TTT RESET][train] target_generator norm 0.980469, w_down norm 74.000000; both learn via backprop during training
2025-11-14 17:21:34 (IST) - 0:07:56 - train - INFO - [TTT] Step 72: grad_norm=1.000e+00, param_norm=126.0235, delta_norm=2.430e-01, relative_change=0.1928% (9 params)
2025-11-14 17:21:34 (IST) - 0:07:56 - train - INFO - step: 000072 - done (%): 3.6 - loss: 4.724 - lr: 8.2e-05 - peak_alloc_mem (GB): 39.3 - alloc_mem (GB): 21.0 - words_per_second: 5320.7 - avg_words_per_second: 5258.4 - ETA: >2025-11-14 20:47:48
2025-11-14 17:21:34 (IST) - 0:07:57 - train - INFO - [DocStream] step=73 microbatch=0 samples=2 unique_docs=1 runs=4234.wav[segments=2-3]
2025-11-14 17:21:40 (IST) - 0:08:03 - train - INFO - [TTT] Step 73: grad_norm=1.000e+00, param_norm=126.0270, delta_norm=2.397e-01, relative_change=0.1902% (9 params)
2025-11-14 17:21:40 (IST) - 0:08:03 - train - INFO - step: 000073 - done (%): 3.6 - loss: 5.031 - lr: 8.3e-05 - peak_alloc_mem (GB): 39.3 - alloc_mem (GB): 21.0 - words_per_second: 5328.0 - avg_words_per_second: 5259.3 - ETA: >2025-11-14 20:47:46
2025-11-14 17:21:40 (IST) - 0:08:03 - utils - INFO - Closing: eval_logger
2025-11-14 17:21:41 (IST) - 0:08:04 - utils - ERROR - Error while closing eval_logger!
2025-11-14 17:21:41 (IST) - 0:08:04 - utils - INFO - Closing: metrics_logger
2025-11-14 17:21:41 (IST) - 0:08:04 - utils - ERROR - Error while closing metrics_logger!
[1;34mwandb[0m: 
[1;34mwandb[0m: 🚀 View run [33mrun2[0m at: [34mhttps://wandb.ai/alufr-ben-gurion-university-of-the-negev/moshi_in_place/runs/n387dnun[0m
[1;34mwandb[0m: Find logs at: [1;35m../../../../../sise/eliyanac-group/ron_al/ttt_training_run2/wandb/run-20251114_171343-n387dnun/logs[0m
==================================================
Job finished at: Fri 14 Nov 2025 17:21:44 IST
==================================================
