==================================================
Job started at: Fri 14 Nov 2025 17:11:33 IST
Running on node: cs-6000-01.auth.ad.bgu.ac.il
GPU info:
Fri Nov 14 17:11:33 2025       
+-----------------------------------------------------------------------------------------+
| NVIDIA-SMI 565.57.01              Driver Version: 565.57.01      CUDA Version: 12.7     |
|-----------------------------------------+------------------------+----------------------+
| GPU  Name                 Persistence-M | Bus-Id          Disp.A | Volatile Uncorr. ECC |
| Fan  Temp   Perf          Pwr:Usage/Cap |           Memory-Usage | GPU-Util  Compute M. |
|                                         |                        |               MIG M. |
|=========================================+========================+======================|
|   0  NVIDIA RTX 6000 Ada Gene...    On  |   00000000:A1:00.0 Off |                  Off |
| 30%   44C    P8             25W /  300W |       2MiB /  49140MiB |      0%      Default |
|                                         |                        |                  N/A |
+-----------------------------------------+------------------------+----------------------+
                                                                                         
+-----------------------------------------------------------------------------------------+
| Processes:                                                                              |
|  GPU   GI   CI        PID   Type   Process name                              GPU Memory |
|        ID   ID                                                               Usage      |
|=========================================================================================|
|  No running processes found                                                             |
+-----------------------------------------------------------------------------------------+
==================================================
Set CUDA_VISIBLE_DEVICES=0
Starting YARN + TTT training...
Context Extension: 4x (3000 -> 12000 tokens)
TTT Layers: 3 (layers 10, 20, 30)
Base Model: Frozen (only TTT params trained)
Warning: `hf_repo_id` is set but `config_path` is None. This will load default models.
2025-11-14 17:11:40 (IST) - 0:00:03 - distributed - INFO - torch.cuda.device_count: 1
2025-11-14 17:11:40 (IST) - 0:00:03 - distributed - INFO - CUDA_VISIBLE_DEVICES: 0
2025-11-14 17:11:40 (IST) - 0:00:03 - distributed - INFO - local rank: 0
2025-11-14 17:11:40 (IST) - 0:00:03 - train - INFO - Going to init comms...
2025-11-14 17:11:40 (IST) - 0:00:03 - train - INFO - Run dir: /sise/eliyanac-group/ron_al/ttt_training_run2
2025-11-14 17:11:40 (IST) - 0:00:03 - train - INFO - Removing run dir /sise/eliyanac-group/ron_al/ttt_training_run2...
2025-11-14 17:11:40 (IST) - 0:00:04 - train - INFO - TrainArgs: {'batch_size': 2,
 'ckpt_freq': 100,
 'data': {'eval_data': '',
          'shuffle': False,
          'train_data': '/sise/eliyanac-group/ron_al/talkbank_callhome_english/talkbank.jsonl'},
 'do_ckpt': True,
 'do_eval': False,
 'duration_sec': 150.0,
 'eval_freq': 100,
 'first_codebook_weight_multiplier': 100.0,
 'full_finetuning': False,
 'gradient_checkpointing': True,
 'log_freq': 1,
 'lora': {'enable': False, 'ft_embed': False, 'rank': 64, 'scaling': 2.0},
 'max_norm': 1.0,
 'max_steps': 2000,
 'moshi_paths': {'config_path': None,
                 'hf_repo_id': 'kyutai/moshiko-pytorch-bf16',
                 'mimi_path': None,
                 'moshi_path': None,
                 'tokenizer_path': None},
 'num_ckpt_keep': 3,
 'num_microbatches': 1,
 'optim': {'lr': 0.0001, 'pct_start': 0.05, 'weight_decay': 0.1},
 'overwrite_run_dir': True,
 'param_dtype': 'bfloat16',
 'run_dir': '/sise/eliyanac-group/ron_al/ttt_training_run2',
 'save_adapters': True,
 'seed': 0,
 'text_padding_weight': 0.5,
 'ttt': {'chunk_size': 256,
         'conv_kernel_size': 2,
         'delta_clip_fro_norm': 100.0,
         'enabled': True,
         'layer_frequency': 10,
         'learning_rate': 0.0001,
         'start_layer': 10,
         'unfreeze_ttt_layers': False},
 'wandb': {'key': '',
           'offline': False,
           'project': 'moshi_in_place',
           'run_name': 'run2'},
 'world_size': 1,
 'yarn': {'beta_fast': 32,
          'beta_slow': 1,
          'enabled': True,
          'mscale': 1.0,
          'mscale_all_dim': 0.0,
          'original_max_seq_len': 3000,
          'scale': 4.0}}
2025-11-14 17:11:40 (IST) - 0:00:04 - metrics_logger - INFO - initializing wandb
2025-11-14 17:11:42 (IST) - 0:00:06 - train - INFO - Loading Mimi and Moshi...
2025-11-14 17:11:43 (IST) - 0:00:07 - finetune.wrapped_model - INFO - ======================================================================
2025-11-14 17:11:43 (IST) - 0:00:07 - finetune.wrapped_model - INFO - TTT (Test-Time Training) ENABLED
2025-11-14 17:11:43 (IST) - 0:00:07 - finetune.wrapped_model - INFO - ======================================================================
2025-11-14 17:11:43 (IST) - 0:00:07 - finetune.wrapped_model - INFO -   Layer frequency: 10
2025-11-14 17:11:43 (IST) - 0:00:07 - finetune.wrapped_model - INFO -   Start layer: 10
2025-11-14 17:11:43 (IST) - 0:00:07 - finetune.wrapped_model - INFO -   Chunk size: 256
2025-11-14 17:11:43 (IST) - 0:00:07 - finetune.wrapped_model - INFO -   Learning rate: 0.0001
2025-11-14 17:11:43 (IST) - 0:00:07 - finetune.wrapped_model - INFO -   Conv kernel: 2
2025-11-14 17:11:43 (IST) - 0:00:07 - finetune.wrapped_model - INFO - ======================================================================
2025-11-14 17:11:43 (IST) - 0:00:07 - finetune.wrapped_model - INFO - ======================================================================
2025-11-14 17:11:43 (IST) - 0:00:07 - finetune.wrapped_model - INFO - YaRN (Context Window Extension) ENABLED
2025-11-14 17:11:43 (IST) - 0:00:07 - finetune.wrapped_model - INFO - ======================================================================
2025-11-14 17:11:43 (IST) - 0:00:07 - finetune.wrapped_model - INFO -   Scale: 4.0x
2025-11-14 17:11:43 (IST) - 0:00:07 - finetune.wrapped_model - INFO -   Original max seq len: 3000
2025-11-14 17:11:43 (IST) - 0:00:07 - finetune.wrapped_model - INFO -   Beta fast: 32
2025-11-14 17:11:43 (IST) - 0:00:07 - finetune.wrapped_model - INFO -   Beta slow: 1
2025-11-14 17:11:43 (IST) - 0:00:07 - finetune.wrapped_model - INFO - ======================================================================
[YaRN] Enabled with scale=4.0, original_len=3000
[TTT] Enabled TTT gating: chunk_size=256, lr=0.0001, dim=4096, hidden=11264
[TTT] Enabled TTT gating: chunk_size=256, lr=0.0001, dim=4096, hidden=11264
[TTT] Enabled TTT gating: chunk_size=256, lr=0.0001, dim=4096, hidden=11264
[YaRN] Initializing RoPE buffers on device=meta
[YaRN] RoPE buffers initialized successfully
2025-11-14 17:11:43 (IST) - 0:00:07 - finetune.wrapped_model - INFO - Converting model to dtype torch.bfloat16 ...
2025-11-14 17:11:43 (IST) - 0:00:07 - finetune.wrapped_model - INFO - Initializing TTT w_down from pretrained checkpoint...
2025-11-14 17:11:43 (IST) - 0:00:07 - finetune.wrapped_model - INFO -   ✓ transformer.layers.10.gating.w_down <- transformer.layers.10.gating.linear_out.weight (shape: torch.Size([4096, 11264]), dtype: float32)
2025-11-14 17:11:43 (IST) - 0:00:07 - finetune.wrapped_model - INFO -   ✓ transformer.layers.20.gating.w_down <- transformer.layers.20.gating.linear_out.weight (shape: torch.Size([4096, 11264]), dtype: float32)
2025-11-14 17:11:43 (IST) - 0:00:07 - finetune.wrapped_model - INFO -   ✓ transformer.layers.30.gating.w_down <- transformer.layers.30.gating.linear_out.weight (shape: torch.Size([4096, 11264]), dtype: float32)
2025-11-14 17:11:43 (IST) - 0:00:07 - finetune.wrapped_model - INFO - Initializing TTT layers ...
2025-11-14 17:11:44 (IST) - 0:00:08 - finetune.wrapped_model - INFO -   ✓ Small-random-initialized transformer.layers.10.gating.target_generator.conv1d.conv.weight (std=1e-4) for warm-start with gradient flow
2025-11-14 17:11:44 (IST) - 0:00:08 - finetune.wrapped_model - INFO -   ✓ Small-random-initialized transformer.layers.10.gating.target_generator.W_target.weight (std=1e-4) for warm-start with gradient flow
2025-11-14 17:11:44 (IST) - 0:00:08 - finetune.wrapped_model - INFO -   ✓ Initialized transformer.layers.10.gating.w_down_pretrained from w_down
2025-11-14 17:11:44 (IST) - 0:00:08 - finetune.wrapped_model - WARNING - Buffer transformer.layers.10.gating.ttt_clip_event_counter still meta - initializing as zeros
2025-11-14 17:11:45 (IST) - 0:00:09 - finetune.wrapped_model - INFO -   ✓ Small-random-initialized transformer.layers.20.gating.target_generator.conv1d.conv.weight (std=1e-4) for warm-start with gradient flow
2025-11-14 17:11:45 (IST) - 0:00:09 - finetune.wrapped_model - INFO -   ✓ Small-random-initialized transformer.layers.20.gating.target_generator.W_target.weight (std=1e-4) for warm-start with gradient flow
2025-11-14 17:11:45 (IST) - 0:00:09 - finetune.wrapped_model - INFO -   ✓ Initialized transformer.layers.20.gating.w_down_pretrained from w_down
2025-11-14 17:11:45 (IST) - 0:00:09 - finetune.wrapped_model - WARNING - Buffer transformer.layers.20.gating.ttt_clip_event_counter still meta - initializing as zeros
2025-11-14 17:11:46 (IST) - 0:00:10 - finetune.wrapped_model - INFO -   ✓ Small-random-initialized transformer.layers.30.gating.target_generator.conv1d.conv.weight (std=1e-4) for warm-start with gradient flow
2025-11-14 17:11:46 (IST) - 0:00:10 - finetune.wrapped_model - INFO -   ✓ Small-random-initialized transformer.layers.30.gating.target_generator.W_target.weight (std=1e-4) for warm-start with gradient flow
2025-11-14 17:11:46 (IST) - 0:00:10 - finetune.wrapped_model - INFO -   ✓ Initialized transformer.layers.30.gating.w_down_pretrained from w_down
2025-11-14 17:11:46 (IST) - 0:00:10 - finetune.wrapped_model - WARNING - Buffer transformer.layers.30.gating.ttt_clip_event_counter still meta - initializing as zeros
2025-11-14 17:11:46 (IST) - 0:00:10 - finetune.wrapped_model - INFO - Initializing YaRN RoPE buffers ...
2025-11-14 17:11:46 (IST) - 0:00:10 - finetune.wrapped_model - INFO -   ✓ Initialized transformer.rope.inv_freq (shape: torch.Size([64]), scale: 4.0x)
2025-11-14 17:11:46 (IST) - 0:00:10 - finetune.wrapped_model - INFO - Finished initialization!
2025-11-14 17:11:46 (IST) - 0:00:10 - finetune.wrapped_model - INFO - ======================================================================
2025-11-14 17:11:46 (IST) - 0:00:10 - finetune.wrapped_model - INFO - TTT ACTIVE: 3 layers enabled
2025-11-14 17:11:46 (IST) - 0:00:10 - finetune.wrapped_model - INFO - TTT layer indices: [10, 20, 30]
2025-11-14 17:11:46 (IST) - 0:00:10 - finetune.wrapped_model - INFO - ======================================================================
2025-11-14 17:11:53 (IST) - 0:00:17 - train - INFO - [DocStream] step=1 microbatch=0 samples=2 unique_docs=1 runs=0638.wav[segments=0-1]
2025-11-14 17:11:53 (IST) - 0:00:17 - train - INFO - [TTT RESET] Document switch detected: None -> /sise/eliyanac-group/ron_al/talkbank_callhome_english/wav/0638.wav
2025-11-14 17:11:53 (IST) - 0:00:17 - moshi.modules.ttt_module - INFO - [TTT RESET][train] target_generator norm 0.980469, w_down norm 71.500000; both learn via backprop during training
2025-11-14 17:11:53 (IST) - 0:00:17 - moshi.modules.ttt_module - INFO - [TTT RESET][train] target_generator norm 0.982422, w_down norm 73.000000; both learn via backprop during training
2025-11-14 17:11:53 (IST) - 0:00:17 - moshi.modules.ttt_module - INFO - [TTT RESET][train] target_generator norm 0.980469, w_down norm 74.000000; both learn via backprop during training
2025-11-14 17:12:02 (IST) - 0:00:25 - train - INFO - 
=== TTT Parameter Debug ===
2025-11-14 17:12:02 (IST) - 0:00:25 - train - INFO - transformer.layers.10.gating.w_down:
2025-11-14 17:12:02 (IST) - 0:00:25 - train - INFO -   requires_grad: True
2025-11-14 17:12:02 (IST) - 0:00:25 - train - INFO -   has grad: True
2025-11-14 17:12:02 (IST) - 0:00:25 - train - INFO -   grad norm: 0.367014
2025-11-14 17:12:02 (IST) - 0:00:25 - train - INFO - transformer.layers.10.gating.target_generator.conv1d.conv.weight:
2025-11-14 17:12:02 (IST) - 0:00:25 - train - INFO -   requires_grad: True
2025-11-14 17:12:02 (IST) - 0:00:25 - train - INFO -   has grad: True
2025-11-14 17:12:02 (IST) - 0:00:25 - train - INFO -   grad norm: 0.000000
2025-11-14 17:12:02 (IST) - 0:00:25 - train - INFO - transformer.layers.10.gating.target_generator.W_target.weight:
2025-11-14 17:12:02 (IST) - 0:00:25 - train - INFO -   requires_grad: True
2025-11-14 17:12:02 (IST) - 0:00:25 - train - INFO -   has grad: True
2025-11-14 17:12:02 (IST) - 0:00:25 - train - INFO -   grad norm: 0.000000
2025-11-14 17:12:02 (IST) - 0:00:25 - train - INFO - transformer.layers.20.gating.w_down:
2025-11-14 17:12:02 (IST) - 0:00:25 - train - INFO -   requires_grad: True
2025-11-14 17:12:02 (IST) - 0:00:25 - train - INFO -   has grad: True
2025-11-14 17:12:02 (IST) - 0:00:25 - train - INFO -   grad norm: 0.483805
2025-11-14 17:12:02 (IST) - 0:00:25 - train - INFO - transformer.layers.20.gating.target_generator.conv1d.conv.weight:
2025-11-14 17:12:02 (IST) - 0:00:25 - train - INFO -   requires_grad: True
2025-11-14 17:12:02 (IST) - 0:00:25 - train - INFO -   has grad: True
2025-11-14 17:12:02 (IST) - 0:00:25 - train - INFO -   grad norm: 0.000000
2025-11-14 17:12:02 (IST) - 0:00:25 - train - INFO - transformer.layers.20.gating.target_generator.W_target.weight:
2025-11-14 17:12:02 (IST) - 0:00:25 - train - INFO -   requires_grad: True
2025-11-14 17:12:02 (IST) - 0:00:25 - train - INFO -   has grad: True
2025-11-14 17:12:02 (IST) - 0:00:25 - train - INFO -   grad norm: 0.000000
2025-11-14 17:12:02 (IST) - 0:00:25 - train - INFO - transformer.layers.30.gating.w_down:
2025-11-14 17:12:02 (IST) - 0:00:25 - train - INFO -   requires_grad: True
2025-11-14 17:12:02 (IST) - 0:00:25 - train - INFO -   has grad: True
2025-11-14 17:12:02 (IST) - 0:00:25 - train - INFO -   grad norm: 0.794502
2025-11-14 17:12:02 (IST) - 0:00:25 - train - INFO - transformer.layers.30.gating.target_generator.conv1d.conv.weight:
2025-11-14 17:12:02 (IST) - 0:00:25 - train - INFO -   requires_grad: True
2025-11-14 17:12:02 (IST) - 0:00:25 - train - INFO -   has grad: True
2025-11-14 17:12:02 (IST) - 0:00:25 - train - INFO -   grad norm: 0.000000
2025-11-14 17:12:02 (IST) - 0:00:25 - train - INFO - transformer.layers.30.gating.target_generator.W_target.weight:
2025-11-14 17:12:02 (IST) - 0:00:25 - train - INFO -   requires_grad: True
2025-11-14 17:12:02 (IST) - 0:00:25 - train - INFO -   has grad: True
2025-11-14 17:12:02 (IST) - 0:00:25 - train - INFO -   grad norm: 0.000000
2025-11-14 17:12:02 (IST) - 0:00:25 - train - INFO - =========================

2025-11-14 17:12:02 (IST) - 0:00:26 - train - INFO - [TTT] Step 1: grad_norm=1.000e+00, param_norm=125.9592, delta_norm=4.697e-02, relative_change=0.0373% (9 params)
2025-11-14 17:12:02 (IST) - 0:00:26 - train - INFO - step: 000001 - done (%): 0.1 - loss: 3.378 - lr: 4.0e-06 - peak_alloc_mem (GB): 36.0 - alloc_mem (GB): 21.0 - words_per_second: 2754.8 - avg_words_per_second: 2754.8 - ETA: >2025-11-15 00:00:12
2025-11-14 17:12:02 (IST) - 0:00:26 - train - INFO - [DocStream] step=2 microbatch=0 samples=2 unique_docs=1 runs=0638.wav[segments=2-3]
2025-11-14 17:12:08 (IST) - 0:00:32 - train - INFO - 
=== TTT Parameter Debug ===
2025-11-14 17:12:08 (IST) - 0:00:32 - train - INFO - transformer.layers.10.gating.w_down:
2025-11-14 17:12:08 (IST) - 0:00:32 - train - INFO -   requires_grad: True
2025-11-14 17:12:08 (IST) - 0:00:32 - train - INFO -   has grad: True
2025-11-14 17:12:08 (IST) - 0:00:32 - train - INFO -   grad norm: 0.375108
2025-11-14 17:12:08 (IST) - 0:00:32 - train - INFO - transformer.layers.10.gating.target_generator.conv1d.conv.weight:
2025-11-14 17:12:08 (IST) - 0:00:32 - train - INFO -   requires_grad: True
2025-11-14 17:12:08 (IST) - 0:00:32 - train - INFO -   has grad: True
2025-11-14 17:12:08 (IST) - 0:00:32 - train - INFO -   grad norm: 0.000000
2025-11-14 17:12:08 (IST) - 0:00:32 - train - INFO - transformer.layers.10.gating.target_generator.W_target.weight:
2025-11-14 17:12:08 (IST) - 0:00:32 - train - INFO -   requires_grad: True
2025-11-14 17:12:08 (IST) - 0:00:32 - train - INFO -   has grad: True
2025-11-14 17:12:08 (IST) - 0:00:32 - train - INFO -   grad norm: 0.000000
2025-11-14 17:12:08 (IST) - 0:00:32 - train - INFO - transformer.layers.20.gating.w_down:
2025-11-14 17:12:08 (IST) - 0:00:32 - train - INFO -   requires_grad: True
2025-11-14 17:12:08 (IST) - 0:00:32 - train - INFO -   has grad: True
2025-11-14 17:12:08 (IST) - 0:00:32 - train - INFO -   grad norm: 0.494637
2025-11-14 17:12:08 (IST) - 0:00:32 - train - INFO - transformer.layers.20.gating.target_generator.conv1d.conv.weight:
2025-11-14 17:12:08 (IST) - 0:00:32 - train - INFO -   requires_grad: True
2025-11-14 17:12:08 (IST) - 0:00:32 - train - INFO -   has grad: True
2025-11-14 17:12:08 (IST) - 0:00:32 - train - INFO -   grad norm: 0.000000
2025-11-14 17:12:08 (IST) - 0:00:32 - train - INFO - transformer.layers.20.gating.target_generator.W_target.weight:
2025-11-14 17:12:08 (IST) - 0:00:32 - train - INFO -   requires_grad: True
2025-11-14 17:12:08 (IST) - 0:00:32 - train - INFO -   has grad: True
2025-11-14 17:12:08 (IST) - 0:00:32 - train - INFO -   grad norm: 0.000000
2025-11-14 17:12:08 (IST) - 0:00:32 - train - INFO - transformer.layers.30.gating.w_down:
2025-11-14 17:12:08 (IST) - 0:00:32 - train - INFO -   requires_grad: True
2025-11-14 17:12:08 (IST) - 0:00:32 - train - INFO -   has grad: True
2025-11-14 17:12:08 (IST) - 0:00:32 - train - INFO -   grad norm: 0.783982
2025-11-14 17:12:08 (IST) - 0:00:32 - train - INFO - transformer.layers.30.gating.target_generator.conv1d.conv.weight:
2025-11-14 17:12:08 (IST) - 0:00:32 - train - INFO -   requires_grad: True
2025-11-14 17:12:08 (IST) - 0:00:32 - train - INFO -   has grad: True
2025-11-14 17:12:08 (IST) - 0:00:32 - train - INFO -   grad norm: 0.000000
2025-11-14 17:12:08 (IST) - 0:00:32 - train - INFO - transformer.layers.30.gating.target_generator.W_target.weight:
2025-11-14 17:12:08 (IST) - 0:00:32 - train - INFO -   requires_grad: True
2025-11-14 17:12:08 (IST) - 0:00:32 - train - INFO -   has grad: True
2025-11-14 17:12:08 (IST) - 0:00:32 - train - INFO -   grad norm: 0.000000
2025-11-14 17:12:08 (IST) - 0:00:32 - train - INFO - =========================

2025-11-14 17:12:08 (IST) - 0:00:32 - train - INFO - [TTT] Step 2: grad_norm=1.000e+00, param_norm=125.9592, delta_norm=3.899e-02, relative_change=0.0310% (9 params)
2025-11-14 17:12:08 (IST) - 0:00:32 - train - INFO - step: 000002 - done (%): 0.1 - loss: 3.931 - lr: 4.0e-06 - peak_alloc_mem (GB): 39.3 - alloc_mem (GB): 21.0 - words_per_second: 5375.4 - avg_words_per_second: 3642.8 - ETA: >2025-11-14 22:20:39
2025-11-14 17:12:09 (IST) - 0:00:33 - train - INFO - [DocStream] step=3 microbatch=0 samples=2 unique_docs=1 runs=0638.wav[segments=4-5]
2025-11-14 17:12:15 (IST) - 0:00:39 - train - INFO - 
=== TTT Parameter Debug ===
2025-11-14 17:12:15 (IST) - 0:00:39 - train - INFO - transformer.layers.10.gating.w_down:
2025-11-14 17:12:15 (IST) - 0:00:39 - train - INFO -   requires_grad: True
2025-11-14 17:12:15 (IST) - 0:00:39 - train - INFO -   has grad: True
2025-11-14 17:12:15 (IST) - 0:00:39 - train - INFO -   grad norm: 0.406001
2025-11-14 17:12:15 (IST) - 0:00:39 - train - INFO - transformer.layers.10.gating.target_generator.conv1d.conv.weight:
2025-11-14 17:12:15 (IST) - 0:00:39 - train - INFO -   requires_grad: True
2025-11-14 17:12:15 (IST) - 0:00:39 - train - INFO -   has grad: True
2025-11-14 17:12:15 (IST) - 0:00:39 - train - INFO -   grad norm: 0.000000
2025-11-14 17:12:15 (IST) - 0:00:39 - train - INFO - transformer.layers.10.gating.target_generator.W_target.weight:
2025-11-14 17:12:15 (IST) - 0:00:39 - train - INFO -   requires_grad: True
2025-11-14 17:12:15 (IST) - 0:00:39 - train - INFO -   has grad: True
2025-11-14 17:12:15 (IST) - 0:00:39 - train - INFO -   grad norm: 0.000000
2025-11-14 17:12:15 (IST) - 0:00:39 - train - INFO - transformer.layers.20.gating.w_down:
2025-11-14 17:12:15 (IST) - 0:00:39 - train - INFO -   requires_grad: True
2025-11-14 17:12:15 (IST) - 0:00:39 - train - INFO -   has grad: True
2025-11-14 17:12:15 (IST) - 0:00:39 - train - INFO -   grad norm: 0.506631
2025-11-14 17:12:15 (IST) - 0:00:39 - train - INFO - transformer.layers.20.gating.target_generator.conv1d.conv.weight:
2025-11-14 17:12:15 (IST) - 0:00:39 - train - INFO -   requires_grad: True
2025-11-14 17:12:15 (IST) - 0:00:39 - train - INFO -   has grad: True
2025-11-14 17:12:15 (IST) - 0:00:39 - train - INFO -   grad norm: 0.000000
2025-11-14 17:12:15 (IST) - 0:00:39 - train - INFO - transformer.layers.20.gating.target_generator.W_target.weight:
2025-11-14 17:12:15 (IST) - 0:00:39 - train - INFO -   requires_grad: True
2025-11-14 17:12:15 (IST) - 0:00:39 - train - INFO -   has grad: True
2025-11-14 17:12:15 (IST) - 0:00:39 - train - INFO -   grad norm: 0.000000
2025-11-14 17:12:15 (IST) - 0:00:39 - train - INFO - transformer.layers.30.gating.w_down:
2025-11-14 17:12:15 (IST) - 0:00:39 - train - INFO -   requires_grad: True
2025-11-14 17:12:15 (IST) - 0:00:39 - train - INFO -   has grad: True
2025-11-14 17:12:15 (IST) - 0:00:39 - train - INFO -   grad norm: 0.760583
2025-11-14 17:12:15 (IST) - 0:00:39 - train - INFO - transformer.layers.30.gating.target_generator.conv1d.conv.weight:
2025-11-14 17:12:15 (IST) - 0:00:39 - train - INFO -   requires_grad: True
2025-11-14 17:12:15 (IST) - 0:00:39 - train - INFO -   has grad: True
2025-11-14 17:12:15 (IST) - 0:00:39 - train - INFO -   grad norm: 0.000000
2025-11-14 17:12:15 (IST) - 0:00:39 - train - INFO - transformer.layers.30.gating.target_generator.W_target.weight:
2025-11-14 17:12:15 (IST) - 0:00:39 - train - INFO -   requires_grad: True
2025-11-14 17:12:15 (IST) - 0:00:39 - train - INFO -   has grad: True
2025-11-14 17:12:15 (IST) - 0:00:39 - train - INFO -   grad norm: 0.000000
2025-11-14 17:12:15 (IST) - 0:00:39 - train - INFO - =========================

2025-11-14 17:12:15 (IST) - 0:00:39 - train - INFO - [TTT] Step 3: grad_norm=1.000e+00, param_norm=125.9592, delta_norm=3.552e-02, relative_change=0.0282% (9 params)
2025-11-14 17:12:15 (IST) - 0:00:39 - train - INFO - step: 000003 - done (%): 0.1 - loss: 3.341 - lr: 4.1e-06 - peak_alloc_mem (GB): 39.3 - alloc_mem (GB): 21.0 - words_per_second: 4999.8 - avg_words_per_second: 4005.1 - ETA: >2025-11-14 21:52:43
2025-11-14 17:12:15 (IST) - 0:00:39 - train - INFO - [DocStream] step=4 microbatch=0 samples=2 unique_docs=1 runs=4065.wav[segments=0-1]
2025-11-14 17:12:15 (IST) - 0:00:39 - train - INFO - [TTT RESET] Document switch detected: /sise/eliyanac-group/ron_al/talkbank_callhome_english/wav/0638.wav -> /sise/eliyanac-group/ron_al/talkbank_callhome_english/wav/4065.wav
2025-11-14 17:12:15 (IST) - 0:00:39 - moshi.modules.ttt_module - INFO - [TTT RESET][train] target_generator norm 0.980469, w_down norm 71.500000; both learn via backprop during training
2025-11-14 17:12:15 (IST) - 0:00:39 - moshi.modules.ttt_module - INFO - [TTT RESET][train] target_generator norm 0.982422, w_down norm 73.000000; both learn via backprop during training
2025-11-14 17:12:15 (IST) - 0:00:39 - moshi.modules.ttt_module - INFO - [TTT RESET][train] target_generator norm 0.980469, w_down norm 74.000000; both learn via backprop during training
2025-11-14 17:12:21 (IST) - 0:00:45 - train - INFO - 
=== TTT Parameter Debug ===
2025-11-14 17:12:21 (IST) - 0:00:45 - train - INFO - transformer.layers.10.gating.w_down:
2025-11-14 17:12:21 (IST) - 0:00:45 - train - INFO -   requires_grad: True
2025-11-14 17:12:21 (IST) - 0:00:45 - train - INFO -   has grad: True
2025-11-14 17:12:21 (IST) - 0:00:45 - train - INFO -   grad norm: 0.406472
2025-11-14 17:12:21 (IST) - 0:00:45 - train - INFO - transformer.layers.10.gating.target_generator.conv1d.conv.weight:
2025-11-14 17:12:21 (IST) - 0:00:45 - train - INFO -   requires_grad: True
2025-11-14 17:12:21 (IST) - 0:00:45 - train - INFO -   has grad: True
2025-11-14 17:12:21 (IST) - 0:00:45 - train - INFO -   grad norm: 0.000000
2025-11-14 17:12:21 (IST) - 0:00:45 - train - INFO - transformer.layers.10.gating.target_generator.W_target.weight:
2025-11-14 17:12:21 (IST) - 0:00:45 - train - INFO -   requires_grad: True
2025-11-14 17:12:21 (IST) - 0:00:45 - train - INFO -   has grad: True
2025-11-14 17:12:21 (IST) - 0:00:45 - train - INFO -   grad norm: 0.000000
2025-11-14 17:12:21 (IST) - 0:00:45 - train - INFO - transformer.layers.20.gating.w_down:
2025-11-14 17:12:21 (IST) - 0:00:45 - train - INFO -   requires_grad: True
2025-11-14 17:12:21 (IST) - 0:00:45 - train - INFO -   has grad: True
2025-11-14 17:12:21 (IST) - 0:00:45 - train - INFO -   grad norm: 0.474152
2025-11-14 17:12:21 (IST) - 0:00:45 - train - INFO - transformer.layers.20.gating.target_generator.conv1d.conv.weight:
2025-11-14 17:12:21 (IST) - 0:00:45 - train - INFO -   requires_grad: True
2025-11-14 17:12:21 (IST) - 0:00:45 - train - INFO -   has grad: True
2025-11-14 17:12:21 (IST) - 0:00:45 - train - INFO -   grad norm: 0.000000
2025-11-14 17:12:21 (IST) - 0:00:45 - train - INFO - transformer.layers.20.gating.target_generator.W_target.weight:
2025-11-14 17:12:21 (IST) - 0:00:45 - train - INFO -   requires_grad: True
2025-11-14 17:12:21 (IST) - 0:00:45 - train - INFO -   has grad: True
2025-11-14 17:12:21 (IST) - 0:00:45 - train - INFO -   grad norm: 0.000000
2025-11-14 17:12:21 (IST) - 0:00:45 - train - INFO - transformer.layers.30.gating.w_down:
2025-11-14 17:12:21 (IST) - 0:00:45 - train - INFO -   requires_grad: True
2025-11-14 17:12:21 (IST) - 0:00:45 - train - INFO -   has grad: True
2025-11-14 17:12:21 (IST) - 0:00:45 - train - INFO -   grad norm: 0.780999
2025-11-14 17:12:21 (IST) - 0:00:45 - train - INFO - transformer.layers.30.gating.target_generator.conv1d.conv.weight:
2025-11-14 17:12:21 (IST) - 0:00:45 - train - INFO -   requires_grad: True
2025-11-14 17:12:21 (IST) - 0:00:45 - train - INFO -   has grad: True
2025-11-14 17:12:21 (IST) - 0:00:45 - train - INFO -   grad norm: 0.000000
2025-11-14 17:12:21 (IST) - 0:00:45 - train - INFO - transformer.layers.30.gating.target_generator.W_target.weight:
2025-11-14 17:12:21 (IST) - 0:00:45 - train - INFO -   requires_grad: True
2025-11-14 17:12:21 (IST) - 0:00:45 - train - INFO -   has grad: True
2025-11-14 17:12:21 (IST) - 0:00:45 - train - INFO -   grad norm: 0.000000
2025-11-14 17:12:21 (IST) - 0:00:45 - train - INFO - =========================

2025-11-14 17:12:21 (IST) - 0:00:45 - train - INFO - [TTT] Step 4: grad_norm=1.000e+00, param_norm=125.9592, delta_norm=3.321e-02, relative_change=0.0264% (9 params)
2025-11-14 17:12:21 (IST) - 0:00:45 - train - INFO - step: 000004 - done (%): 0.2 - loss: 4.809 - lr: 4.2e-06 - peak_alloc_mem (GB): 39.3 - alloc_mem (GB): 21.0 - words_per_second: 5292.6 - avg_words_per_second: 4264.5 - ETA: >2025-11-14 21:35:38
2025-11-14 17:12:21 (IST) - 0:00:45 - train - INFO - [DocStream] step=5 microbatch=0 samples=2 unique_docs=1 runs=4065.wav[segments=2-3]
2025-11-14 17:12:28 (IST) - 0:00:51 - train - INFO - [TTT] Step 5: grad_norm=1.000e+00, param_norm=125.9592, delta_norm=3.228e-02, relative_change=0.0256% (9 params)
2025-11-14 17:12:28 (IST) - 0:00:51 - train - INFO - step: 000005 - done (%): 0.2 - loss: 4.888 - lr: 4.4e-06 - peak_alloc_mem (GB): 39.3 - alloc_mem (GB): 21.0 - words_per_second: 5265.9 - avg_words_per_second: 4433.1 - ETA: >2025-11-14 21:25:36
2025-11-14 17:12:28 (IST) - 0:00:52 - train - INFO - [DocStream] step=6 microbatch=0 samples=2 unique_docs=1 runs=4065.wav[segments=4-5]
2025-11-14 17:12:34 (IST) - 0:00:58 - train - INFO - [TTT] Step 6: grad_norm=1.000e+00, param_norm=125.9591, delta_norm=3.241e-02, relative_change=0.0257% (9 params)
2025-11-14 17:12:34 (IST) - 0:00:58 - train - INFO - step: 000006 - done (%): 0.3 - loss: 3.288 - lr: 4.6e-06 - peak_alloc_mem (GB): 39.3 - alloc_mem (GB): 21.0 - words_per_second: 5228.1 - avg_words_per_second: 4548.3 - ETA: >2025-11-14 21:19:10
2025-11-14 17:12:34 (IST) - 0:00:58 - train - INFO - [DocStream] step=7 microbatch=0 samples=2 unique_docs=1 runs=4065.wav[segments=6-7]
2025-11-14 17:12:40 (IST) - 0:01:04 - train - INFO - [TTT] Step 7: grad_norm=1.000e+00, param_norm=125.9591, delta_norm=3.159e-02, relative_change=0.0251% (9 params)
2025-11-14 17:12:41 (IST) - 0:01:04 - train - INFO - step: 000007 - done (%): 0.3 - loss: 2.585 - lr: 4.9e-06 - peak_alloc_mem (GB): 39.3 - alloc_mem (GB): 21.0 - words_per_second: 5208.9 - avg_words_per_second: 4632.3 - ETA: >2025-11-14 21:14:41
2025-11-14 17:12:41 (IST) - 0:01:05 - train - INFO - [DocStream] step=8 microbatch=0 samples=2 unique_docs=1 runs=4065.wav[segments=8-9]
2025-11-14 17:12:47 (IST) - 0:01:11 - train - INFO - [TTT] Step 8: grad_norm=1.000e+00, param_norm=125.9591, delta_norm=3.188e-02, relative_change=0.0253% (9 params)
2025-11-14 17:12:47 (IST) - 0:01:11 - train - INFO - step: 000008 - done (%): 0.4 - loss: 2.288 - lr: 5.2e-06 - peak_alloc_mem (GB): 39.3 - alloc_mem (GB): 21.0 - words_per_second: 5188.5 - avg_words_per_second: 4695.2 - ETA: >2025-11-14 21:11:26
2025-11-14 17:12:47 (IST) - 0:01:11 - train - INFO - [DocStream] step=9 microbatch=0 samples=2 unique_docs=1 runs=4065.wav[segments=10-11]
2025-11-14 17:12:54 (IST) - 0:01:17 - train - INFO - [TTT] Step 9: grad_norm=1.000e+00, param_norm=125.9591, delta_norm=3.218e-02, relative_change=0.0255% (9 params)
2025-11-14 17:12:54 (IST) - 0:01:17 - train - INFO - step: 000009 - done (%): 0.5 - loss: 2.285 - lr: 5.5e-06 - peak_alloc_mem (GB): 39.3 - alloc_mem (GB): 21.0 - words_per_second: 5164.0 - avg_words_per_second: 4743.0 - ETA: >2025-11-14 21:09:01
2025-11-14 17:12:54 (IST) - 0:01:18 - train - INFO - [DocStream] step=10 microbatch=0 samples=2 unique_docs=1 runs=4074.wav[segments=0-1]
2025-11-14 17:12:54 (IST) - 0:01:18 - train - INFO - [TTT RESET] Document switch detected: /sise/eliyanac-group/ron_al/talkbank_callhome_english/wav/4065.wav -> /sise/eliyanac-group/ron_al/talkbank_callhome_english/wav/4074.wav
2025-11-14 17:12:54 (IST) - 0:01:18 - moshi.modules.ttt_module - INFO - [TTT RESET][train] target_generator norm 0.980469, w_down norm 71.500000; both learn via backprop during training
2025-11-14 17:12:54 (IST) - 0:01:18 - moshi.modules.ttt_module - INFO - [TTT RESET][train] target_generator norm 0.982422, w_down norm 73.000000; both learn via backprop during training
2025-11-14 17:12:54 (IST) - 0:01:18 - moshi.modules.ttt_module - INFO - [TTT RESET][train] target_generator norm 0.980469, w_down norm 74.000000; both learn via backprop during training
2025-11-14 17:13:00 (IST) - 0:01:24 - train - INFO - [TTT] Step 10: grad_norm=1.000e+00, param_norm=125.9591, delta_norm=3.309e-02, relative_change=0.0263% (9 params)
2025-11-14 17:13:00 (IST) - 0:01:24 - train - INFO - step: 000010 - done (%): 0.5 - loss: 5.038 - lr: 5.9e-06 - peak_alloc_mem (GB): 39.3 - alloc_mem (GB): 21.0 - words_per_second: 5140.4 - avg_words_per_second: 4780.0 - ETA: >2025-11-14 21:07:11
2025-11-14 17:13:00 (IST) - 0:01:24 - train - INFO - [DocStream] step=11 microbatch=0 samples=2 unique_docs=1 runs=4074.wav[segments=2-3]
2025-11-14 17:13:07 (IST) - 0:01:30 - train - INFO - [TTT] Step 11: grad_norm=1.000e+00, param_norm=125.9591, delta_norm=3.394e-02, relative_change=0.0269% (9 params)
2025-11-14 17:13:07 (IST) - 0:01:31 - train - INFO - step: 000011 - done (%): 0.6 - loss: 4.505 - lr: 6.4e-06 - peak_alloc_mem (GB): 39.3 - alloc_mem (GB): 21.0 - words_per_second: 5131.8 - avg_words_per_second: 4810.0 - ETA: >2025-11-14 21:05:43
2025-11-14 17:13:07 (IST) - 0:01:31 - train - INFO - [DocStream] step=12 microbatch=0 samples=2 unique_docs=1 runs=4074.wav[segments=4-5]
2025-11-14 17:13:13 (IST) - 0:01:37 - train - INFO - [TTT] Step 12: grad_norm=1.000e+00, param_norm=125.9591, delta_norm=3.510e-02, relative_change=0.0279% (9 params)
2025-11-14 17:13:13 (IST) - 0:01:37 - train - INFO - step: 000012 - done (%): 0.6 - loss: 2.670 - lr: 6.9e-06 - peak_alloc_mem (GB): 39.3 - alloc_mem (GB): 21.0 - words_per_second: 5116.4 - avg_words_per_second: 4834.1 - ETA: >2025-11-14 21:04:33
2025-11-14 17:13:14 (IST) - 0:01:37 - train - INFO - [DocStream] step=13 microbatch=0 samples=2 unique_docs=1 runs=4074.wav[segments=6-7]
2025-11-14 17:13:20 (IST) - 0:01:44 - train - INFO - [TTT] Step 13: grad_norm=1.000e+00, param_norm=125.9591, delta_norm=3.584e-02, relative_change=0.0285% (9 params)
2025-11-14 17:13:20 (IST) - 0:01:44 - train - INFO - step: 000013 - done (%): 0.7 - loss: 3.057 - lr: 7.4e-06 - peak_alloc_mem (GB): 39.3 - alloc_mem (GB): 21.0 - words_per_second: 5101.5 - avg_words_per_second: 4853.7 - ETA: >2025-11-14 21:03:37
2025-11-14 17:13:20 (IST) - 0:01:44 - train - INFO - [DocStream] step=14 microbatch=0 samples=2 unique_docs=1 runs=4074.wav[segments=8-9]
2025-11-14 17:13:27 (IST) - 0:01:50 - train - INFO - [TTT] Step 14: grad_norm=1.000e+00, param_norm=125.9591, delta_norm=3.767e-02, relative_change=0.0299% (9 params)
2025-11-14 17:13:27 (IST) - 0:01:50 - train - INFO - step: 000014 - done (%): 0.7 - loss: 2.874 - lr: 8.0e-06 - peak_alloc_mem (GB): 39.3 - alloc_mem (GB): 21.0 - words_per_second: 5100.3 - avg_words_per_second: 4870.5 - ETA: >2025-11-14 21:02:49
2025-11-14 17:13:27 (IST) - 0:01:51 - train - INFO - [DocStream] step=15 microbatch=0 samples=2 unique_docs=1 runs=4074.wav[segments=10-11]
2025-11-14 17:13:33 (IST) - 0:01:57 - train - INFO - [TTT] Step 15: grad_norm=1.000e+00, param_norm=125.9591, delta_norm=4.057e-02, relative_change=0.0322% (9 params)
2025-11-14 17:13:33 (IST) - 0:01:57 - train - INFO - step: 000015 - done (%): 0.8 - loss: 2.740 - lr: 8.7e-06 - peak_alloc_mem (GB): 39.3 - alloc_mem (GB): 21.0 - words_per_second: 5085.2 - avg_words_per_second: 4884.2 - ETA: >2025-11-14 21:02:10
2025-11-14 17:13:33 (IST) - 0:01:57 - train - INFO - [DocStream] step=16 microbatch=0 samples=2 unique_docs=1 runs=4077.wav[segments=0-1]
2025-11-14 17:13:33 (IST) - 0:01:57 - train - INFO - [TTT RESET] Document switch detected: /sise/eliyanac-group/ron_al/talkbank_callhome_english/wav/4074.wav -> /sise/eliyanac-group/ron_al/talkbank_callhome_english/wav/4077.wav
2025-11-14 17:13:34 (IST) - 0:01:57 - moshi.modules.ttt_module - INFO - [TTT RESET][train] target_generator norm 0.980469, w_down norm 71.500000; both learn via backprop during training
2025-11-14 17:13:34 (IST) - 0:01:57 - moshi.modules.ttt_module - INFO - [TTT RESET][train] target_generator norm 0.982422, w_down norm 73.000000; both learn via backprop during training
2025-11-14 17:13:34 (IST) - 0:01:57 - moshi.modules.ttt_module - INFO - [TTT RESET][train] target_generator norm 0.980469, w_down norm 74.000000; both learn via backprop during training
2025-11-14 17:13:40 (IST) - 0:02:04 - train - INFO - [TTT] Step 16: grad_norm=1.000e+00, param_norm=125.9592, delta_norm=4.209e-02, relative_change=0.0334% (9 params)
2025-11-14 17:13:40 (IST) - 0:02:04 - train - INFO - step: 000016 - done (%): 0.8 - loss: 4.238 - lr: 9.3e-06 - peak_alloc_mem (GB): 39.3 - alloc_mem (GB): 21.0 - words_per_second: 5069.8 - avg_words_per_second: 4895.4 - ETA: >2025-11-14 21:01:38
2025-11-14 17:13:40 (IST) - 0:02:04 - train - INFO - [DocStream] step=17 microbatch=0 samples=2 unique_docs=1 runs=4077.wav[segments=2-3]
2025-11-14 17:13:46 (IST) - 0:02:10 - train - INFO - [TTT] Step 17: grad_norm=1.000e+00, param_norm=125.9592, delta_norm=4.260e-02, relative_change=0.0338% (9 params)
2025-11-14 17:13:46 (IST) - 0:02:10 - train - INFO - step: 000017 - done (%): 0.8 - loss: 3.716 - lr: 1.0e-05 - peak_alloc_mem (GB): 39.3 - alloc_mem (GB): 21.0 - words_per_second: 5067.0 - avg_words_per_second: 4905.2 - ETA: >2025-11-14 21:01:10
2025-11-14 17:13:47 (IST) - 0:02:11 - train - INFO - [DocStream] step=18 microbatch=0 samples=2 unique_docs=1 runs=4077.wav[segments=4-5]
2025-11-14 17:13:53 (IST) - 0:02:17 - train - INFO - [TTT] Step 18: grad_norm=1.000e+00, param_norm=125.9592, delta_norm=4.324e-02, relative_change=0.0343% (9 params)
2025-11-14 17:13:53 (IST) - 0:02:17 - train - INFO - step: 000018 - done (%): 0.9 - loss: 2.477 - lr: 1.1e-05 - peak_alloc_mem (GB): 39.3 - alloc_mem (GB): 21.0 - words_per_second: 5056.0 - avg_words_per_second: 4913.3 - ETA: >2025-11-14 21:00:48
2025-11-14 17:13:53 (IST) - 0:02:17 - train - INFO - [DocStream] step=19 microbatch=0 samples=2 unique_docs=1 runs=4077.wav[segments=6-7]
2025-11-14 17:14:00 (IST) - 0:02:24 - train - INFO - [TTT] Step 19: grad_norm=1.000e+00, param_norm=125.9592, delta_norm=4.479e-02, relative_change=0.0356% (9 params)
2025-11-14 17:14:00 (IST) - 0:02:24 - train - INFO - step: 000019 - done (%): 0.9 - loss: 3.770 - lr: 1.2e-05 - peak_alloc_mem (GB): 39.3 - alloc_mem (GB): 21.0 - words_per_second: 5055.8 - avg_words_per_second: 4920.6 - ETA: >2025-11-14 21:00:27
2025-11-14 17:14:00 (IST) - 0:02:24 - train - INFO - [DocStream] step=20 microbatch=0 samples=2 unique_docs=1 runs=4077.wav[segments=8-9]
2025-11-14 17:14:07 (IST) - 0:02:30 - train - INFO - [TTT] Step 20: grad_norm=1.000e+00, param_norm=125.9593, delta_norm=4.732e-02, relative_change=0.0376% (9 params)
2025-11-14 17:14:07 (IST) - 0:02:30 - train - INFO - step: 000020 - done (%): 1.0 - loss: 3.360 - lr: 1.2e-05 - peak_alloc_mem (GB): 39.3 - alloc_mem (GB): 21.0 - words_per_second: 5048.0 - avg_words_per_second: 4926.9 - ETA: >2025-11-14 21:00:10
2025-11-14 17:14:07 (IST) - 0:02:31 - train - INFO - [DocStream] step=21 microbatch=0 samples=2 unique_docs=1 runs=4077.wav[segments=10-11]
2025-11-14 17:14:13 (IST) - 0:02:37 - train - INFO - [TTT] Step 21: grad_norm=1.000e+00, param_norm=125.9593, delta_norm=5.018e-02, relative_change=0.0398% (9 params)
2025-11-14 17:14:13 (IST) - 0:02:37 - train - INFO - step: 000021 - done (%): 1.1 - loss: 1.915 - lr: 1.3e-05 - peak_alloc_mem (GB): 39.3 - alloc_mem (GB): 21.0 - words_per_second: 5040.5 - avg_words_per_second: 4932.1 - ETA: >2025-11-14 20:59:55
2025-11-14 17:14:14 (IST) - 0:02:37 - train - INFO - [DocStream] step=22 microbatch=0 samples=2 unique_docs=1 runs=4092.wav[segments=0-1]
2025-11-14 17:14:14 (IST) - 0:02:37 - train - INFO - [TTT RESET] Document switch detected: /sise/eliyanac-group/ron_al/talkbank_callhome_english/wav/4077.wav -> /sise/eliyanac-group/ron_al/talkbank_callhome_english/wav/4092.wav
2025-11-14 17:14:14 (IST) - 0:02:37 - moshi.modules.ttt_module - INFO - [TTT RESET][train] target_generator norm 0.980469, w_down norm 71.500000; both learn via backprop during training
2025-11-14 17:14:14 (IST) - 0:02:37 - moshi.modules.ttt_module - INFO - [TTT RESET][train] target_generator norm 0.982422, w_down norm 73.000000; both learn via backprop during training
2025-11-14 17:14:14 (IST) - 0:02:37 - moshi.modules.ttt_module - INFO - [TTT RESET][train] target_generator norm 0.980469, w_down norm 74.000000; both learn via backprop during training
2025-11-14 17:14:20 (IST) - 0:02:44 - train - INFO - [TTT] Step 22: grad_norm=1.000e+00, param_norm=125.9594, delta_norm=5.326e-02, relative_change=0.0423% (9 params)
2025-11-14 17:14:20 (IST) - 0:02:44 - train - INFO - step: 000022 - done (%): 1.1 - loss: 3.864 - lr: 1.4e-05 - peak_alloc_mem (GB): 39.3 - alloc_mem (GB): 21.0 - words_per_second: 5034.6 - avg_words_per_second: 4936.7 - ETA: >2025-11-14 20:59:43
2025-11-14 17:14:20 (IST) - 0:02:44 - train - INFO - [DocStream] step=23 microbatch=0 samples=2 unique_docs=1 runs=4092.wav[segments=2-3]
2025-11-14 17:14:27 (IST) - 0:02:50 - train - INFO - [TTT] Step 23: grad_norm=1.000e+00, param_norm=125.9594, delta_norm=5.358e-02, relative_change=0.0425% (9 params)
2025-11-14 17:14:27 (IST) - 0:02:50 - train - INFO - step: 000023 - done (%): 1.1 - loss: 3.617 - lr: 1.5e-05 - peak_alloc_mem (GB): 39.3 - alloc_mem (GB): 21.0 - words_per_second: 5032.1 - avg_words_per_second: 4940.8 - ETA: >2025-11-14 20:59:31
2025-11-14 17:14:27 (IST) - 0:02:51 - train - INFO - [DocStream] step=24 microbatch=0 samples=2 unique_docs=1 runs=4092.wav[segments=4-5]
2025-11-14 17:14:33 (IST) - 0:02:57 - train - INFO - [TTT] Step 24: grad_norm=1.000e+00, param_norm=125.9595, delta_norm=5.645e-02, relative_change=0.0448% (9 params)
2025-11-14 17:14:33 (IST) - 0:02:57 - train - INFO - step: 000024 - done (%): 1.2 - loss: 2.440 - lr: 1.6e-05 - peak_alloc_mem (GB): 39.3 - alloc_mem (GB): 21.0 - words_per_second: 5034.5 - avg_words_per_second: 4944.6 - ETA: >2025-11-14 20:59:21
2025-11-14 17:14:34 (IST) - 0:02:57 - train - INFO - [DocStream] step=25 microbatch=0 samples=2 unique_docs=1 runs=4092.wav[segments=6-7]
2025-11-14 17:14:40 (IST) - 0:03:04 - train - INFO - [TTT] Step 25: grad_norm=1.000e+00, param_norm=125.9596, delta_norm=5.940e-02, relative_change=0.0472% (9 params)
2025-11-14 17:14:40 (IST) - 0:03:04 - train - INFO - step: 000025 - done (%): 1.2 - loss: 2.450 - lr: 1.7e-05 - peak_alloc_mem (GB): 39.3 - alloc_mem (GB): 21.0 - words_per_second: 5031.7 - avg_words_per_second: 4948.0 - ETA: >2025-11-14 20:59:11
2025-11-14 17:14:40 (IST) - 0:03:04 - train - INFO - [DocStream] step=26 microbatch=0 samples=2 unique_docs=1 runs=4092.wav[segments=8-9]
2025-11-14 17:14:47 (IST) - 0:03:11 - train - INFO - [TTT] Step 26: grad_norm=8.308e-01, param_norm=125.9597, delta_norm=6.347e-02, relative_change=0.0504% (9 params)
2025-11-14 17:14:47 (IST) - 0:03:11 - train - INFO - step: 000026 - done (%): 1.3 - loss: 1.704 - lr: 1.8e-05 - peak_alloc_mem (GB): 39.3 - alloc_mem (GB): 21.0 - words_per_second: 5026.4 - avg_words_per_second: 4951.0 - ETA: >2025-11-14 20:59:03
2025-11-14 17:14:47 (IST) - 0:03:11 - train - INFO - [DocStream] step=27 microbatch=0 samples=2 unique_docs=1 runs=4092.wav[segments=10-11]
2025-11-14 17:14:53 (IST) - 0:03:17 - train - INFO - [TTT] Step 27: grad_norm=8.622e-01, param_norm=125.9598, delta_norm=6.600e-02, relative_change=0.0524% (9 params)
2025-11-14 17:14:54 (IST) - 0:03:17 - train - INFO - step: 000027 - done (%): 1.4 - loss: 2.323 - lr: 1.9e-05 - peak_alloc_mem (GB): 39.3 - alloc_mem (GB): 21.0 - words_per_second: 5026.8 - avg_words_per_second: 4953.8 - ETA: >2025-11-14 20:58:56
2025-11-14 17:14:54 (IST) - 0:03:18 - train - INFO - [DocStream] step=28 microbatch=0 samples=2 unique_docs=1 runs=4104.wav[segments=0-1]
2025-11-14 17:14:54 (IST) - 0:03:18 - train - INFO - [TTT RESET] Document switch detected: /sise/eliyanac-group/ron_al/talkbank_callhome_english/wav/4092.wav -> /sise/eliyanac-group/ron_al/talkbank_callhome_english/wav/4104.wav
2025-11-14 17:14:54 (IST) - 0:03:18 - moshi.modules.ttt_module - INFO - [TTT RESET][train] target_generator norm 0.980469, w_down norm 71.500000; both learn via backprop during training
2025-11-14 17:14:54 (IST) - 0:03:18 - moshi.modules.ttt_module - INFO - [TTT RESET][train] target_generator norm 0.982422, w_down norm 73.000000; both learn via backprop during training
2025-11-14 17:14:54 (IST) - 0:03:18 - moshi.modules.ttt_module - INFO - [TTT RESET][train] target_generator norm 0.980469, w_down norm 74.000000; both learn via backprop during training
2025-11-14 17:15:00 (IST) - 0:03:24 - train - INFO - [TTT] Step 28: grad_norm=1.000e+00, param_norm=125.9599, delta_norm=6.860e-02, relative_change=0.0545% (9 params)
2025-11-14 17:15:00 (IST) - 0:03:24 - train - INFO - step: 000028 - done (%): 1.4 - loss: 3.956 - lr: 2.1e-05 - peak_alloc_mem (GB): 39.3 - alloc_mem (GB): 21.0 - words_per_second: 5024.6 - avg_words_per_second: 4956.3 - ETA: >2025-11-14 20:58:49
2025-11-14 17:15:01 (IST) - 0:03:24 - train - INFO - [DocStream] step=29 microbatch=0 samples=2 unique_docs=1 runs=4104.wav[segments=2-3]
2025-11-14 17:15:07 (IST) - 0:03:31 - train - INFO - [TTT] Step 29: grad_norm=1.000e+00, param_norm=125.9601, delta_norm=7.071e-02, relative_change=0.0561% (9 params)
2025-11-14 17:15:07 (IST) - 0:03:31 - train - INFO - step: 000029 - done (%): 1.4 - loss: 3.753 - lr: 2.2e-05 - peak_alloc_mem (GB): 39.3 - alloc_mem (GB): 21.0 - words_per_second: 5021.7 - avg_words_per_second: 4958.5 - ETA: >2025-11-14 20:58:43
2025-11-14 17:15:07 (IST) - 0:03:31 - train - INFO - [DocStream] step=30 microbatch=0 samples=2 unique_docs=1 runs=4104.wav[segments=4-5]
2025-11-14 17:15:14 (IST) - 0:03:38 - train - INFO - [TTT] Step 30: grad_norm=1.000e+00, param_norm=125.9603, delta_norm=7.271e-02, relative_change=0.0577% (9 params)
2025-11-14 17:15:14 (IST) - 0:03:38 - train - INFO - step: 000030 - done (%): 1.5 - loss: 1.847 - lr: 2.3e-05 - peak_alloc_mem (GB): 39.3 - alloc_mem (GB): 21.0 - words_per_second: 5019.4 - avg_words_per_second: 4960.5 - ETA: >2025-11-14 20:58:37
2025-11-14 17:15:14 (IST) - 0:03:38 - train - INFO - [DocStream] step=31 microbatch=0 samples=2 unique_docs=1 runs=4104.wav[segments=6-7]
2025-11-14 17:15:20 (IST) - 0:03:44 - train - INFO - [TTT] Step 31: grad_norm=8.755e-01, param_norm=125.9605, delta_norm=7.607e-02, relative_change=0.0604% (9 params)
2025-11-14 17:15:20 (IST) - 0:03:44 - train - INFO - step: 000031 - done (%): 1.6 - loss: 2.133 - lr: 2.4e-05 - peak_alloc_mem (GB): 39.3 - alloc_mem (GB): 21.0 - words_per_second: 5017.5 - avg_words_per_second: 4962.3 - ETA: >2025-11-14 20:58:32
2025-11-14 17:15:21 (IST) - 0:03:45 - train - INFO - [DocStream] step=32 microbatch=0 samples=2 unique_docs=1 runs=4104.wav[segments=8-9]
2025-11-14 17:15:27 (IST) - 0:03:51 - train - INFO - [TTT] Step 32: grad_norm=1.000e+00, param_norm=125.9608, delta_norm=8.070e-02, relative_change=0.0641% (9 params)
2025-11-14 17:15:27 (IST) - 0:03:51 - train - INFO - step: 000032 - done (%): 1.6 - loss: 1.939 - lr: 2.5e-05 - peak_alloc_mem (GB): 39.3 - alloc_mem (GB): 21.0 - words_per_second: 5019.9 - avg_words_per_second: 4964.1 - ETA: >2025-11-14 20:58:27
2025-11-14 17:15:28 (IST) - 0:03:51 - train - INFO - [DocStream] step=33 microbatch=0 samples=2 unique_docs=1 runs=4104.wav[segments=10-11]
2025-11-14 17:15:34 (IST) - 0:03:58 - train - INFO - [TTT] Step 33: grad_norm=8.192e-01, param_norm=125.9610, delta_norm=8.745e-02, relative_change=0.0694% (9 params)
2025-11-14 17:15:34 (IST) - 0:03:58 - train - INFO - step: 000033 - done (%): 1.6 - loss: 1.776 - lr: 2.7e-05 - peak_alloc_mem (GB): 39.3 - alloc_mem (GB): 21.0 - words_per_second: 5025.9 - avg_words_per_second: 4966.0 - ETA: >2025-11-14 20:58:22
2025-11-14 17:15:34 (IST) - 0:03:58 - train - INFO - [DocStream] step=34 microbatch=0 samples=2 unique_docs=1 runs=4112.wav[segments=0-1]
2025-11-14 17:15:34 (IST) - 0:03:58 - train - INFO - [TTT RESET] Document switch detected: /sise/eliyanac-group/ron_al/talkbank_callhome_english/wav/4104.wav -> /sise/eliyanac-group/ron_al/talkbank_callhome_english/wav/4112.wav
2025-11-14 17:15:34 (IST) - 0:03:58 - moshi.modules.ttt_module - INFO - [TTT RESET][train] target_generator norm 0.980469, w_down norm 71.500000; both learn via backprop during training
2025-11-14 17:15:34 (IST) - 0:03:58 - moshi.modules.ttt_module - INFO - [TTT RESET][train] target_generator norm 0.982422, w_down norm 73.000000; both learn via backprop during training
2025-11-14 17:15:34 (IST) - 0:03:58 - moshi.modules.ttt_module - INFO - [TTT RESET][train] target_generator norm 0.980469, w_down norm 74.000000; both learn via backprop during training
2025-11-14 17:15:41 (IST) - 0:04:04 - train - INFO - [TTT] Step 34: grad_norm=1.000e+00, param_norm=125.9614, delta_norm=9.109e-02, relative_change=0.0723% (9 params)
2025-11-14 17:15:41 (IST) - 0:04:04 - train - INFO - step: 000034 - done (%): 1.7 - loss: 4.182 - lr: 2.8e-05 - peak_alloc_mem (GB): 39.3 - alloc_mem (GB): 21.0 - words_per_second: 5016.0 - avg_words_per_second: 4967.4 - ETA: >2025-11-14 20:58:18
2025-11-14 17:15:41 (IST) - 0:04:05 - train - INFO - [DocStream] step=35 microbatch=0 samples=2 unique_docs=1 runs=4112.wav[segments=2-3]
2025-11-14 17:15:47 (IST) - 0:04:11 - train - INFO - [TTT] Step 35: grad_norm=1.000e+00, param_norm=125.9618, delta_norm=9.310e-02, relative_change=0.0739% (9 params)
2025-11-14 17:15:47 (IST) - 0:04:11 - train - INFO - step: 000035 - done (%): 1.8 - loss: 3.215 - lr: 2.9e-05 - peak_alloc_mem (GB): 39.3 - alloc_mem (GB): 21.0 - words_per_second: 5013.2 - avg_words_per_second: 4968.7 - ETA: >2025-11-14 20:58:15
2025-11-14 17:15:48 (IST) - 0:04:12 - train - INFO - [DocStream] step=36 microbatch=0 samples=2 unique_docs=1 runs=4112.wav[segments=4-5]
2025-11-14 17:15:54 (IST) - 0:04:18 - train - INFO - [TTT] Step 36: grad_norm=1.000e+00, param_norm=125.9621, delta_norm=9.722e-02, relative_change=0.0772% (9 params)
2025-11-14 17:15:54 (IST) - 0:04:18 - train - INFO - step: 000036 - done (%): 1.8 - loss: 2.732 - lr: 3.1e-05 - peak_alloc_mem (GB): 39.3 - alloc_mem (GB): 21.0 - words_per_second: 5018.1 - avg_words_per_second: 4970.1 - ETA: >2025-11-14 20:58:11
2025-11-14 17:15:54 (IST) - 0:04:18 - train - INFO - [DocStream] step=37 microbatch=0 samples=2 unique_docs=1 runs=4112.wav[segments=6-7]
2025-11-14 17:16:01 (IST) - 0:04:25 - train - INFO - [TTT] Step 37: grad_norm=9.300e-01, param_norm=125.9626, delta_norm=1.025e-01, relative_change=0.0814% (9 params)
2025-11-14 17:16:01 (IST) - 0:04:25 - train - INFO - step: 000037 - done (%): 1.9 - loss: 2.470 - lr: 3.2e-05 - peak_alloc_mem (GB): 39.3 - alloc_mem (GB): 21.0 - words_per_second: 5018.7 - avg_words_per_second: 4971.4 - ETA: >2025-11-14 20:58:07
2025-11-14 17:16:01 (IST) - 0:04:25 - train - INFO - [DocStream] step=38 microbatch=0 samples=2 unique_docs=1 runs=4112.wav[segments=8-9]
2025-11-14 17:16:08 (IST) - 0:04:31 - train - INFO - [TTT] Step 38: grad_norm=1.000e+00, param_norm=125.9630, delta_norm=1.071e-01, relative_change=0.0850% (9 params)
2025-11-14 17:16:08 (IST) - 0:04:31 - train - INFO - step: 000038 - done (%): 1.9 - loss: 2.236 - lr: 3.3e-05 - peak_alloc_mem (GB): 39.3 - alloc_mem (GB): 21.0 - words_per_second: 5009.6 - avg_words_per_second: 4972.4 - ETA: >2025-11-14 20:58:05
2025-11-14 17:16:08 (IST) - 0:04:32 - train - INFO - [DocStream] step=39 microbatch=0 samples=2 unique_docs=1 runs=4112.wav[segments=10-11]
2025-11-14 17:16:14 (IST) - 0:04:38 - train - INFO - [TTT] Step 39: grad_norm=8.328e-01, param_norm=125.9635, delta_norm=1.133e-01, relative_change=0.0899% (9 params)
2025-11-14 17:16:14 (IST) - 0:04:38 - train - INFO - step: 000039 - done (%): 1.9 - loss: 1.863 - lr: 3.5e-05 - peak_alloc_mem (GB): 39.3 - alloc_mem (GB): 21.0 - words_per_second: 5011.1 - avg_words_per_second: 4973.3 - ETA: >2025-11-14 20:58:02
2025-11-14 17:16:15 (IST) - 0:04:38 - train - INFO - [DocStream] step=40 microbatch=0 samples=2 unique_docs=1 runs=4145.wav[segments=0-1]
2025-11-14 17:16:15 (IST) - 0:04:38 - train - INFO - [TTT RESET] Document switch detected: /sise/eliyanac-group/ron_al/talkbank_callhome_english/wav/4112.wav -> /sise/eliyanac-group/ron_al/talkbank_callhome_english/wav/4145.wav
2025-11-14 17:16:15 (IST) - 0:04:38 - moshi.modules.ttt_module - INFO - [TTT RESET][train] target_generator norm 0.980469, w_down norm 71.500000; both learn via backprop during training
2025-11-14 17:16:15 (IST) - 0:04:38 - moshi.modules.ttt_module - INFO - [TTT RESET][train] target_generator norm 0.982422, w_down norm 73.000000; both learn via backprop during training
2025-11-14 17:16:15 (IST) - 0:04:38 - moshi.modules.ttt_module - INFO - [TTT RESET][train] target_generator norm 0.980469, w_down norm 74.000000; both learn via backprop during training
2025-11-14 17:16:21 (IST) - 0:04:45 - train - INFO - [TTT] Step 40: grad_norm=1.000e+00, param_norm=125.9643, delta_norm=1.168e-01, relative_change=0.0927% (9 params)
2025-11-14 17:16:21 (IST) - 0:04:45 - train - INFO - step: 000040 - done (%): 2.0 - loss: 4.980 - lr: 3.6e-05 - peak_alloc_mem (GB): 39.3 - alloc_mem (GB): 21.0 - words_per_second: 5010.9 - avg_words_per_second: 4974.3 - ETA: >2025-11-14 20:57:59
2025-11-14 17:16:21 (IST) - 0:04:45 - train - INFO - [DocStream] step=41 microbatch=0 samples=2 unique_docs=1 runs=4145.wav[segments=2-3]
2025-11-14 17:16:28 (IST) - 0:04:52 - train - INFO - [TTT] Step 41: grad_norm=1.000e+00, param_norm=125.9650, delta_norm=1.150e-01, relative_change=0.0913% (9 params)
2025-11-14 17:16:28 (IST) - 0:04:52 - train - INFO - step: 000041 - done (%): 2.0 - loss: 3.347 - lr: 3.8e-05 - peak_alloc_mem (GB): 39.3 - alloc_mem (GB): 21.0 - words_per_second: 5010.9 - avg_words_per_second: 4975.2 - ETA: >2025-11-14 20:57:57
2025-11-14 17:16:28 (IST) - 0:04:52 - train - INFO - [DocStream] step=42 microbatch=0 samples=2 unique_docs=1 runs=4145.wav[segments=4-5]
2025-11-14 17:16:35 (IST) - 0:04:58 - train - INFO - [TTT] Step 42: grad_norm=1.000e+00, param_norm=125.9657, delta_norm=1.158e-01, relative_change=0.0920% (9 params)
2025-11-14 17:16:35 (IST) - 0:04:58 - train - INFO - step: 000042 - done (%): 2.1 - loss: 3.459 - lr: 3.9e-05 - peak_alloc_mem (GB): 39.3 - alloc_mem (GB): 21.0 - words_per_second: 5010.3 - avg_words_per_second: 4976.0 - ETA: >2025-11-14 20:57:55
2025-11-14 17:16:35 (IST) - 0:04:59 - train - INFO - [DocStream] step=43 microbatch=0 samples=2 unique_docs=1 runs=4145.wav[segments=6-7]
2025-11-14 17:16:41 (IST) - 0:05:05 - train - INFO - [TTT] Step 43: grad_norm=1.000e+00, param_norm=125.9665, delta_norm=1.159e-01, relative_change=0.0920% (9 params)
2025-11-14 17:16:41 (IST) - 0:05:05 - train - INFO - step: 000043 - done (%): 2.1 - loss: 1.700 - lr: 4.1e-05 - peak_alloc_mem (GB): 39.3 - alloc_mem (GB): 21.0 - words_per_second: 5011.0 - avg_words_per_second: 4976.8 - ETA: >2025-11-14 20:57:53
2025-11-14 17:16:42 (IST) - 0:05:05 - train - INFO - [DocStream] step=44 microbatch=0 samples=2 unique_docs=1 runs=4145.wav[segments=8-9]
2025-11-14 17:16:48 (IST) - 0:05:12 - train - INFO - [TTT] Step 44: grad_norm=1.000e+00, param_norm=125.9673, delta_norm=1.212e-01, relative_change=0.0962% (9 params)
2025-11-14 17:16:48 (IST) - 0:05:12 - train - INFO - step: 000044 - done (%): 2.2 - loss: 2.410 - lr: 4.2e-05 - peak_alloc_mem (GB): 39.3 - alloc_mem (GB): 21.0 - words_per_second: 5012.6 - avg_words_per_second: 4977.6 - ETA: >2025-11-14 20:57:50
2025-11-14 17:16:48 (IST) - 0:05:12 - train - INFO - [DocStream] step=45 microbatch=0 samples=2 unique_docs=1 runs=4145.wav[segments=10-11]
2025-11-14 17:16:55 (IST) - 0:05:19 - train - INFO - [TTT] Step 45: grad_norm=8.256e-01, param_norm=125.9681, delta_norm=1.291e-01, relative_change=0.1025% (9 params)
2025-11-14 17:16:55 (IST) - 0:05:19 - train - INFO - step: 000045 - done (%): 2.2 - loss: 2.057 - lr: 4.4e-05 - peak_alloc_mem (GB): 39.3 - alloc_mem (GB): 21.0 - words_per_second: 5011.2 - avg_words_per_second: 4978.4 - ETA: >2025-11-14 20:57:48
2025-11-14 17:16:55 (IST) - 0:05:19 - train - INFO - [DocStream] step=46 microbatch=0 samples=2 unique_docs=1 runs=4156.wav[segments=0-1]
2025-11-14 17:16:55 (IST) - 0:05:19 - train - INFO - [TTT RESET] Document switch detected: /sise/eliyanac-group/ron_al/talkbank_callhome_english/wav/4145.wav -> /sise/eliyanac-group/ron_al/talkbank_callhome_english/wav/4156.wav
2025-11-14 17:16:55 (IST) - 0:05:19 - moshi.modules.ttt_module - INFO - [TTT RESET][train] target_generator norm 0.980469, w_down norm 71.500000; both learn via backprop during training
2025-11-14 17:16:55 (IST) - 0:05:19 - moshi.modules.ttt_module - INFO - [TTT RESET][train] target_generator norm 0.982422, w_down norm 73.000000; both learn via backprop during training
2025-11-14 17:16:55 (IST) - 0:05:19 - moshi.modules.ttt_module - INFO - [TTT RESET][train] target_generator norm 0.980469, w_down norm 74.000000; both learn via backprop during training
2025-11-14 17:17:02 (IST) - 0:05:25 - train - INFO - [TTT] Step 46: grad_norm=1.000e+00, param_norm=125.9691, delta_norm=1.349e-01, relative_change=0.1071% (9 params)
2025-11-14 17:17:02 (IST) - 0:05:25 - train - INFO - step: 000046 - done (%): 2.3 - loss: 4.403 - lr: 4.5e-05 - peak_alloc_mem (GB): 39.3 - alloc_mem (GB): 21.0 - words_per_second: 4951.5 - avg_words_per_second: 4977.8 - ETA: >2025-11-14 20:57:50
2025-11-14 17:17:02 (IST) - 0:05:26 - train - INFO - [DocStream] step=47 microbatch=0 samples=2 unique_docs=1 runs=4156.wav[segments=2-3]
2025-11-14 17:17:08 (IST) - 0:05:32 - train - INFO - [TTT] Step 47: grad_norm=1.000e+00, param_norm=125.9702, delta_norm=1.343e-01, relative_change=0.1066% (9 params)
2025-11-14 17:17:08 (IST) - 0:05:32 - train - INFO - step: 000047 - done (%): 2.4 - loss: 4.225 - lr: 4.7e-05 - peak_alloc_mem (GB): 39.3 - alloc_mem (GB): 21.0 - words_per_second: 5013.2 - avg_words_per_second: 4978.5 - ETA: >2025-11-14 20:57:48
2025-11-14 17:17:09 (IST) - 0:05:32 - train - INFO - [DocStream] step=48 microbatch=0 samples=2 unique_docs=1 runs=4156.wav[segments=4-5]
2025-11-14 17:17:15 (IST) - 0:05:39 - train - INFO - [TTT] Step 48: grad_norm=1.000e+00, param_norm=125.9712, delta_norm=1.397e-01, relative_change=0.1109% (9 params)
2025-11-14 17:17:15 (IST) - 0:05:39 - train - INFO - step: 000048 - done (%): 2.4 - loss: 4.524 - lr: 4.8e-05 - peak_alloc_mem (GB): 39.3 - alloc_mem (GB): 21.0 - words_per_second: 5012.9 - avg_words_per_second: 4979.2 - ETA: >2025-11-14 20:57:46
2025-11-14 17:17:15 (IST) - 0:05:39 - train - INFO - [DocStream] step=49 microbatch=0 samples=2 unique_docs=1 runs=4156.wav[segments=6-7]
2025-11-14 17:17:22 (IST) - 0:05:46 - train - INFO - [TTT] Step 49: grad_norm=1.000e+00, param_norm=125.9722, delta_norm=1.514e-01, relative_change=0.1202% (9 params)
2025-11-14 17:17:22 (IST) - 0:05:46 - train - INFO - step: 000049 - done (%): 2.5 - loss: 4.641 - lr: 5.0e-05 - peak_alloc_mem (GB): 39.3 - alloc_mem (GB): 21.0 - words_per_second: 5011.2 - avg_words_per_second: 4979.9 - ETA: >2025-11-14 20:57:44
2025-11-14 17:17:22 (IST) - 0:05:46 - train - INFO - [DocStream] step=50 microbatch=0 samples=2 unique_docs=1 runs=4156.wav[segments=8-9]
2025-11-14 17:17:28 (IST) - 0:05:52 - train - INFO - [TTT] Step 50: grad_norm=1.000e+00, param_norm=125.9733, delta_norm=1.563e-01, relative_change=0.1241% (9 params)
2025-11-14 17:17:28 (IST) - 0:05:52 - train - INFO - step: 000050 - done (%): 2.5 - loss: 4.066 - lr: 5.1e-05 - peak_alloc_mem (GB): 39.3 - alloc_mem (GB): 21.0 - words_per_second: 5094.6 - avg_words_per_second: 4982.1 - ETA: >2025-11-14 20:57:38
2025-11-14 17:17:29 (IST) - 0:05:53 - train - INFO - [DocStream] step=51 microbatch=0 samples=2 unique_docs=1 runs=4157.wav[segments=0-1]
2025-11-14 17:17:29 (IST) - 0:05:53 - train - INFO - [TTT RESET] Document switch detected: /sise/eliyanac-group/ron_al/talkbank_callhome_english/wav/4156.wav -> /sise/eliyanac-group/ron_al/talkbank_callhome_english/wav/4157.wav
2025-11-14 17:17:29 (IST) - 0:05:53 - moshi.modules.ttt_module - INFO - [TTT RESET][train] target_generator norm 0.980469, w_down norm 71.500000; both learn via backprop during training
2025-11-14 17:17:29 (IST) - 0:05:53 - moshi.modules.ttt_module - INFO - [TTT RESET][train] target_generator norm 0.982422, w_down norm 73.000000; both learn via backprop during training
2025-11-14 17:17:29 (IST) - 0:05:53 - moshi.modules.ttt_module - INFO - [TTT RESET][train] target_generator norm 0.980469, w_down norm 74.000000; both learn via backprop during training
2025-11-14 17:17:35 (IST) - 0:05:59 - train - INFO - [TTT] Step 51: grad_norm=1.000e+00, param_norm=125.9748, delta_norm=1.571e-01, relative_change=0.1247% (9 params)
2025-11-14 17:17:35 (IST) - 0:05:59 - train - INFO - step: 000051 - done (%): 2.5 - loss: 4.901 - lr: 5.3e-05 - peak_alloc_mem (GB): 39.3 - alloc_mem (GB): 21.0 - words_per_second: 5010.8 - avg_words_per_second: 4982.7 - ETA: >2025-11-14 20:57:37
2025-11-14 17:17:35 (IST) - 0:05:59 - train - INFO - [DocStream] step=52 microbatch=0 samples=2 unique_docs=1 runs=4157.wav[segments=2-3]
2025-11-14 17:17:42 (IST) - 0:06:06 - train - INFO - [TTT] Step 52: grad_norm=1.000e+00, param_norm=125.9762, delta_norm=1.561e-01, relative_change=0.1239% (9 params)
2025-11-14 17:17:42 (IST) - 0:06:06 - train - INFO - step: 000052 - done (%): 2.6 - loss: 3.884 - lr: 5.4e-05 - peak_alloc_mem (GB): 39.3 - alloc_mem (GB): 21.0 - words_per_second: 5016.3 - avg_words_per_second: 4983.3 - ETA: >2025-11-14 20:57:35
2025-11-14 17:17:42 (IST) - 0:06:06 - train - INFO - [DocStream] step=53 microbatch=0 samples=2 unique_docs=1 runs=4157.wav[segments=4-5]
2025-11-14 17:17:48 (IST) - 0:06:12 - train - INFO - [TTT] Step 53: grad_norm=1.000e+00, param_norm=125.9776, delta_norm=1.581e-01, relative_change=0.1255% (9 params)
2025-11-14 17:17:48 (IST) - 0:06:12 - train - INFO - step: 000053 - done (%): 2.6 - loss: 3.667 - lr: 5.6e-05 - peak_alloc_mem (GB): 39.3 - alloc_mem (GB): 21.0 - words_per_second: 5118.2 - avg_words_per_second: 4985.8 - ETA: >2025-11-14 20:57:28
2025-11-14 17:17:49 (IST) - 0:06:13 - train - INFO - [DocStream] step=54 microbatch=0 samples=2 unique_docs=1 runs=4170.wav[segments=0-1]
2025-11-14 17:17:49 (IST) - 0:06:13 - train - INFO - [TTT RESET] Document switch detected: /sise/eliyanac-group/ron_al/talkbank_callhome_english/wav/4157.wav -> /sise/eliyanac-group/ron_al/talkbank_callhome_english/wav/4170.wav
2025-11-14 17:17:49 (IST) - 0:06:13 - moshi.modules.ttt_module - INFO - [TTT RESET][train] target_generator norm 0.980469, w_down norm 71.500000; both learn via backprop during training
2025-11-14 17:17:49 (IST) - 0:06:13 - moshi.modules.ttt_module - INFO - [TTT RESET][train] target_generator norm 0.982422, w_down norm 73.000000; both learn via backprop during training
2025-11-14 17:17:49 (IST) - 0:06:13 - moshi.modules.ttt_module - INFO - [TTT RESET][train] target_generator norm 0.980469, w_down norm 74.000000; both learn via backprop during training
2025-11-14 17:17:55 (IST) - 0:06:19 - train - INFO - [TTT] Step 54: grad_norm=1.000e+00, param_norm=125.9794, delta_norm=1.707e-01, relative_change=0.1355% (9 params)
2025-11-14 17:17:55 (IST) - 0:06:19 - train - INFO - step: 000054 - done (%): 2.7 - loss: 4.467 - lr: 5.7e-05 - peak_alloc_mem (GB): 39.3 - alloc_mem (GB): 21.0 - words_per_second: 5011.2 - avg_words_per_second: 4986.3 - ETA: >2025-11-14 20:57:27
2025-11-14 17:17:56 (IST) - 0:06:19 - train - INFO - [DocStream] step=55 microbatch=0 samples=2 unique_docs=1 runs=4170.wav[segments=2-3]
2025-11-14 17:18:02 (IST) - 0:06:26 - train - INFO - [TTT] Step 55: grad_norm=1.000e+00, param_norm=125.9812, delta_norm=1.708e-01, relative_change=0.1356% (9 params)
2025-11-14 17:18:02 (IST) - 0:06:26 - train - INFO - step: 000055 - done (%): 2.8 - loss: 4.343 - lr: 5.9e-05 - peak_alloc_mem (GB): 39.3 - alloc_mem (GB): 21.0 - words_per_second: 5009.7 - avg_words_per_second: 4986.7 - ETA: >2025-11-14 20:57:26
2025-11-14 17:18:02 (IST) - 0:06:26 - train - INFO - [DocStream] step=56 microbatch=0 samples=2 unique_docs=1 runs=4170.wav[segments=4-5]
2025-11-14 17:18:09 (IST) - 0:06:33 - train - INFO - [TTT] Step 56: grad_norm=1.000e+00, param_norm=125.9829, delta_norm=1.815e-01, relative_change=0.1441% (9 params)
2025-11-14 17:18:09 (IST) - 0:06:33 - train - INFO - step: 000056 - done (%): 2.8 - loss: 4.910 - lr: 6.0e-05 - peak_alloc_mem (GB): 39.3 - alloc_mem (GB): 21.0 - words_per_second: 4968.1 - avg_words_per_second: 4986.4 - ETA: >2025-11-14 20:57:27
2025-11-14 17:18:09 (IST) - 0:06:33 - train - INFO - [DocStream] step=57 microbatch=0 samples=2 unique_docs=1 runs=4170.wav[segments=6-7]
2025-11-14 17:18:15 (IST) - 0:06:39 - train - INFO - [TTT] Step 57: grad_norm=1.000e+00, param_norm=125.9846, delta_norm=1.976e-01, relative_change=0.1569% (9 params)
2025-11-14 17:18:15 (IST) - 0:06:39 - train - INFO - step: 000057 - done (%): 2.9 - loss: 4.505 - lr: 6.2e-05 - peak_alloc_mem (GB): 39.3 - alloc_mem (GB): 21.0 - words_per_second: 5010.5 - avg_words_per_second: 4986.8 - ETA: >2025-11-14 20:57:25
2025-11-14 17:18:16 (IST) - 0:06:40 - train - INFO - [DocStream] step=58 microbatch=0 samples=2 unique_docs=1 runs=4170.wav[segments=8-9]
